[0.061s] DEBUG:colcon:Command line arguments: ['/usr/bin/colcon', 'build']
[0.061s] DEBUG:colcon:Parsed command line arguments: Namespace(log_base=None, log_level=None, verb_name='build', build_base='build', install_base='install', merge_install=False, symlink_install=False, test_result_base=None, continue_on_error=False, executor='parallel', parallel_workers=12, event_handlers=None, ignore_user_meta=False, metas=['./colcon.meta'], base_paths=['.'], packages_ignore=None, packages_ignore_regex=None, paths=None, packages_up_to=None, packages_up_to_regex=None, packages_above=None, packages_above_and_dependencies=None, packages_above_depth=None, packages_select_by_dep=None, packages_skip_by_dep=None, packages_skip_up_to=None, packages_select_build_failed=False, packages_skip_build_finished=False, packages_select_test_failures=False, packages_skip_test_passed=False, packages_select=None, packages_skip=None, packages_select_regex=None, packages_skip_regex=None, packages_start=None, packages_end=None, allow_overriding=[], cmake_args=None, cmake_target=None, cmake_target_skip_unavailable=False, cmake_clean_cache=False, cmake_clean_first=False, cmake_force_configure=False, ament_cmake_args=None, catkin_cmake_args=None, catkin_skip_building_tests=False, mixin_files=None, mixin=None, verb_parser=<colcon_mixin.mixin.mixin_argument.MixinArgumentDecorator object at 0x71e83e7feef0>, verb_extension=<colcon_core.verb.build.BuildVerb object at 0x71e83e7b8430>, main=<bound method BuildVerb.main of <colcon_core.verb.build.BuildVerb object at 0x71e83e7b8430>>, mixin_verb=('build',))
[0.208s] Level 1:colcon.colcon_core.package_discovery:discover_packages(colcon_meta) check parameters
[0.208s] Level 1:colcon.colcon_core.package_discovery:discover_packages(recursive) check parameters
[0.208s] Level 1:colcon.colcon_core.package_discovery:discover_packages(ignore) check parameters
[0.208s] Level 1:colcon.colcon_core.package_discovery:discover_packages(path) check parameters
[0.208s] Level 1:colcon.colcon_core.package_discovery:discover_packages(colcon_meta) discover
[0.208s] Level 1:colcon.colcon_core.package_discovery:discover_packages(recursive) discover
[0.208s] INFO:colcon.colcon_core.package_discovery:Crawling recursively for packages in '/home/josu/px4_ros2_ws'
[0.208s] Level 1:colcon.colcon_core.package_identification:_identify(.) by extensions ['ignore', 'ignore_ament_install']
[0.208s] Level 1:colcon.colcon_core.package_identification:_identify(.) by extension 'ignore'
[0.208s] Level 1:colcon.colcon_core.package_identification:_identify(.) by extension 'ignore_ament_install'
[0.208s] Level 1:colcon.colcon_core.package_identification:_identify(.) by extensions ['colcon_pkg']
[0.208s] Level 1:colcon.colcon_core.package_identification:_identify(.) by extension 'colcon_pkg'
[0.208s] Level 1:colcon.colcon_core.package_identification:_identify(.) by extensions ['colcon_meta']
[0.208s] Level 1:colcon.colcon_core.package_identification:_identify(.) by extension 'colcon_meta'
[0.208s] Level 1:colcon.colcon_core.package_identification:_identify(.) by extensions ['ros']
[0.208s] Level 1:colcon.colcon_core.package_identification:_identify(.) by extension 'ros'
[0.217s] Level 1:colcon.colcon_core.package_identification:_identify(.) by extensions ['cmake', 'python']
[0.217s] Level 1:colcon.colcon_core.package_identification:_identify(.) by extension 'cmake'
[0.217s] Level 1:colcon.colcon_core.package_identification:_identify(.) by extension 'python'
[0.217s] Level 1:colcon.colcon_core.package_identification:_identify(.) by extensions ['python_setup_py']
[0.217s] Level 1:colcon.colcon_core.package_identification:_identify(.) by extension 'python_setup_py'
[0.217s] Level 1:colcon.colcon_core.package_identification:_identify(build) by extensions ['ignore', 'ignore_ament_install']
[0.217s] Level 1:colcon.colcon_core.package_identification:_identify(build) by extension 'ignore'
[0.217s] Level 1:colcon.colcon_core.package_identification:_identify(build) ignored
[0.217s] Level 1:colcon.colcon_core.package_identification:_identify(install) by extensions ['ignore', 'ignore_ament_install']
[0.217s] Level 1:colcon.colcon_core.package_identification:_identify(install) by extension 'ignore'
[0.218s] Level 1:colcon.colcon_core.package_identification:_identify(install) ignored
[0.218s] Level 1:colcon.colcon_core.package_identification:_identify(log) by extensions ['ignore', 'ignore_ament_install']
[0.218s] Level 1:colcon.colcon_core.package_identification:_identify(log) by extension 'ignore'
[0.218s] Level 1:colcon.colcon_core.package_identification:_identify(log) ignored
[0.218s] Level 1:colcon.colcon_core.package_identification:_identify(src) by extensions ['ignore', 'ignore_ament_install']
[0.218s] Level 1:colcon.colcon_core.package_identification:_identify(src) by extension 'ignore'
[0.218s] Level 1:colcon.colcon_core.package_identification:_identify(src) by extension 'ignore_ament_install'
[0.218s] Level 1:colcon.colcon_core.package_identification:_identify(src) by extensions ['colcon_pkg']
[0.218s] Level 1:colcon.colcon_core.package_identification:_identify(src) by extension 'colcon_pkg'
[0.218s] Level 1:colcon.colcon_core.package_identification:_identify(src) by extensions ['colcon_meta']
[0.218s] Level 1:colcon.colcon_core.package_identification:_identify(src) by extension 'colcon_meta'
[0.218s] Level 1:colcon.colcon_core.package_identification:_identify(src) by extensions ['ros']
[0.218s] Level 1:colcon.colcon_core.package_identification:_identify(src) by extension 'ros'
[0.218s] Level 1:colcon.colcon_core.package_identification:_identify(src) by extensions ['cmake', 'python']
[0.218s] Level 1:colcon.colcon_core.package_identification:_identify(src) by extension 'cmake'
[0.218s] Level 1:colcon.colcon_core.package_identification:_identify(src) by extension 'python'
[0.218s] Level 1:colcon.colcon_core.package_identification:_identify(src) by extensions ['python_setup_py']
[0.218s] Level 1:colcon.colcon_core.package_identification:_identify(src) by extension 'python_setup_py'
[0.218s] Level 1:colcon.colcon_core.package_identification:_identify(src/ROS2-PX4_Drone_Teleoperation_Using_Joystick) by extensions ['ignore', 'ignore_ament_install']
[0.218s] Level 1:colcon.colcon_core.package_identification:_identify(src/ROS2-PX4_Drone_Teleoperation_Using_Joystick) by extension 'ignore'
[0.218s] Level 1:colcon.colcon_core.package_identification:_identify(src/ROS2-PX4_Drone_Teleoperation_Using_Joystick) by extension 'ignore_ament_install'
[0.218s] Level 1:colcon.colcon_core.package_identification:_identify(src/ROS2-PX4_Drone_Teleoperation_Using_Joystick) by extensions ['colcon_pkg']
[0.218s] Level 1:colcon.colcon_core.package_identification:_identify(src/ROS2-PX4_Drone_Teleoperation_Using_Joystick) by extension 'colcon_pkg'
[0.218s] Level 1:colcon.colcon_core.package_identification:_identify(src/ROS2-PX4_Drone_Teleoperation_Using_Joystick) by extensions ['colcon_meta']
[0.218s] Level 1:colcon.colcon_core.package_identification:_identify(src/ROS2-PX4_Drone_Teleoperation_Using_Joystick) by extension 'colcon_meta'
[0.218s] Level 1:colcon.colcon_core.package_identification:_identify(src/ROS2-PX4_Drone_Teleoperation_Using_Joystick) by extensions ['ros']
[0.218s] Level 1:colcon.colcon_core.package_identification:_identify(src/ROS2-PX4_Drone_Teleoperation_Using_Joystick) by extension 'ros'
[0.218s] Level 1:colcon.colcon_core.package_identification:_identify(src/ROS2-PX4_Drone_Teleoperation_Using_Joystick) by extensions ['cmake', 'python']
[0.218s] Level 1:colcon.colcon_core.package_identification:_identify(src/ROS2-PX4_Drone_Teleoperation_Using_Joystick) by extension 'cmake'
[0.218s] Level 1:colcon.colcon_core.package_identification:_identify(src/ROS2-PX4_Drone_Teleoperation_Using_Joystick) by extension 'python'
[0.218s] Level 1:colcon.colcon_core.package_identification:_identify(src/ROS2-PX4_Drone_Teleoperation_Using_Joystick) by extensions ['python_setup_py']
[0.218s] Level 1:colcon.colcon_core.package_identification:_identify(src/ROS2-PX4_Drone_Teleoperation_Using_Joystick) by extension 'python_setup_py'
[0.218s] Level 1:colcon.colcon_core.package_identification:_identify(src/ROS2-PX4_Drone_Teleoperation_Using_Joystick/px4_bringup) by extensions ['ignore', 'ignore_ament_install']
[0.218s] Level 1:colcon.colcon_core.package_identification:_identify(src/ROS2-PX4_Drone_Teleoperation_Using_Joystick/px4_bringup) by extension 'ignore'
[0.218s] Level 1:colcon.colcon_core.package_identification:_identify(src/ROS2-PX4_Drone_Teleoperation_Using_Joystick/px4_bringup) by extension 'ignore_ament_install'
[0.218s] Level 1:colcon.colcon_core.package_identification:_identify(src/ROS2-PX4_Drone_Teleoperation_Using_Joystick/px4_bringup) by extensions ['colcon_pkg']
[0.218s] Level 1:colcon.colcon_core.package_identification:_identify(src/ROS2-PX4_Drone_Teleoperation_Using_Joystick/px4_bringup) by extension 'colcon_pkg'
[0.218s] Level 1:colcon.colcon_core.package_identification:_identify(src/ROS2-PX4_Drone_Teleoperation_Using_Joystick/px4_bringup) by extensions ['colcon_meta']
[0.218s] Level 1:colcon.colcon_core.package_identification:_identify(src/ROS2-PX4_Drone_Teleoperation_Using_Joystick/px4_bringup) by extension 'colcon_meta'
[0.219s] Level 1:colcon.colcon_core.package_identification:_identify(src/ROS2-PX4_Drone_Teleoperation_Using_Joystick/px4_bringup) by extensions ['ros']
[0.219s] Level 1:colcon.colcon_core.package_identification:_identify(src/ROS2-PX4_Drone_Teleoperation_Using_Joystick/px4_bringup) by extension 'ros'
[0.221s] DEBUG:colcon.colcon_core.package_identification:Package 'src/ROS2-PX4_Drone_Teleoperation_Using_Joystick/px4_bringup' with type 'ros.ament_python' and name 'px4_bringup'
[0.221s] Level 1:colcon.colcon_core.package_identification:_identify(src/ROS2-PX4_Drone_Teleoperation_Using_Joystick/px4_msgs) by extensions ['ignore', 'ignore_ament_install']
[0.221s] Level 1:colcon.colcon_core.package_identification:_identify(src/ROS2-PX4_Drone_Teleoperation_Using_Joystick/px4_msgs) by extension 'ignore'
[0.221s] Level 1:colcon.colcon_core.package_identification:_identify(src/ROS2-PX4_Drone_Teleoperation_Using_Joystick/px4_msgs) by extension 'ignore_ament_install'
[0.221s] Level 1:colcon.colcon_core.package_identification:_identify(src/ROS2-PX4_Drone_Teleoperation_Using_Joystick/px4_msgs) by extensions ['colcon_pkg']
[0.221s] Level 1:colcon.colcon_core.package_identification:_identify(src/ROS2-PX4_Drone_Teleoperation_Using_Joystick/px4_msgs) by extension 'colcon_pkg'
[0.221s] Level 1:colcon.colcon_core.package_identification:_identify(src/ROS2-PX4_Drone_Teleoperation_Using_Joystick/px4_msgs) by extensions ['colcon_meta']
[0.221s] Level 1:colcon.colcon_core.package_identification:_identify(src/ROS2-PX4_Drone_Teleoperation_Using_Joystick/px4_msgs) by extension 'colcon_meta'
[0.221s] Level 1:colcon.colcon_core.package_identification:_identify(src/ROS2-PX4_Drone_Teleoperation_Using_Joystick/px4_msgs) by extensions ['ros']
[0.221s] Level 1:colcon.colcon_core.package_identification:_identify(src/ROS2-PX4_Drone_Teleoperation_Using_Joystick/px4_msgs) by extension 'ros'
[0.221s] Level 1:colcon.colcon_core.package_identification:_identify(src/ROS2-PX4_Drone_Teleoperation_Using_Joystick/px4_msgs) by extensions ['cmake', 'python']
[0.221s] Level 1:colcon.colcon_core.package_identification:_identify(src/ROS2-PX4_Drone_Teleoperation_Using_Joystick/px4_msgs) by extension 'cmake'
[0.221s] Level 1:colcon.colcon_core.package_identification:_identify(src/ROS2-PX4_Drone_Teleoperation_Using_Joystick/px4_msgs) by extension 'python'
[0.222s] Level 1:colcon.colcon_core.package_identification:_identify(src/ROS2-PX4_Drone_Teleoperation_Using_Joystick/px4_msgs) by extensions ['python_setup_py']
[0.222s] Level 1:colcon.colcon_core.package_identification:_identify(src/ROS2-PX4_Drone_Teleoperation_Using_Joystick/px4_msgs) by extension 'python_setup_py'
[0.222s] Level 1:colcon.colcon_core.package_identification:_identify(src/ROS2-PX4_Drone_Teleoperation_Using_Joystick/px4_offboard) by extensions ['ignore', 'ignore_ament_install']
[0.222s] Level 1:colcon.colcon_core.package_identification:_identify(src/ROS2-PX4_Drone_Teleoperation_Using_Joystick/px4_offboard) by extension 'ignore'
[0.222s] Level 1:colcon.colcon_core.package_identification:_identify(src/ROS2-PX4_Drone_Teleoperation_Using_Joystick/px4_offboard) by extension 'ignore_ament_install'
[0.222s] Level 1:colcon.colcon_core.package_identification:_identify(src/ROS2-PX4_Drone_Teleoperation_Using_Joystick/px4_offboard) by extensions ['colcon_pkg']
[0.222s] Level 1:colcon.colcon_core.package_identification:_identify(src/ROS2-PX4_Drone_Teleoperation_Using_Joystick/px4_offboard) by extension 'colcon_pkg'
[0.222s] Level 1:colcon.colcon_core.package_identification:_identify(src/ROS2-PX4_Drone_Teleoperation_Using_Joystick/px4_offboard) by extensions ['colcon_meta']
[0.222s] Level 1:colcon.colcon_core.package_identification:_identify(src/ROS2-PX4_Drone_Teleoperation_Using_Joystick/px4_offboard) by extension 'colcon_meta'
[0.222s] Level 1:colcon.colcon_core.package_identification:_identify(src/ROS2-PX4_Drone_Teleoperation_Using_Joystick/px4_offboard) by extensions ['ros']
[0.222s] Level 1:colcon.colcon_core.package_identification:_identify(src/ROS2-PX4_Drone_Teleoperation_Using_Joystick/px4_offboard) by extension 'ros'
[0.222s] DEBUG:colcon.colcon_core.package_identification:Package 'src/ROS2-PX4_Drone_Teleoperation_Using_Joystick/px4_offboard' with type 'ros.ament_python' and name 'px4_offboard'
[0.223s] Level 1:colcon.colcon_core.package_identification:_identify(src/px4_avoidance) by extensions ['ignore', 'ignore_ament_install']
[0.223s] Level 1:colcon.colcon_core.package_identification:_identify(src/px4_avoidance) by extension 'ignore'
[0.223s] Level 1:colcon.colcon_core.package_identification:_identify(src/px4_avoidance) by extension 'ignore_ament_install'
[0.223s] Level 1:colcon.colcon_core.package_identification:_identify(src/px4_avoidance) by extensions ['colcon_pkg']
[0.223s] Level 1:colcon.colcon_core.package_identification:_identify(src/px4_avoidance) by extension 'colcon_pkg'
[0.223s] Level 1:colcon.colcon_core.package_identification:_identify(src/px4_avoidance) by extensions ['colcon_meta']
[0.223s] Level 1:colcon.colcon_core.package_identification:_identify(src/px4_avoidance) by extension 'colcon_meta'
[0.223s] Level 1:colcon.colcon_core.package_identification:_identify(src/px4_avoidance) by extensions ['ros']
[0.223s] Level 1:colcon.colcon_core.package_identification:_identify(src/px4_avoidance) by extension 'ros'
[0.223s] DEBUG:colcon.colcon_core.package_identification:Package 'src/px4_avoidance' with type 'ros.ament_python' and name 'px4_avoidance'
[0.223s] Level 1:colcon.colcon_core.package_identification:_identify(src/px4_msgs) by extensions ['ignore', 'ignore_ament_install']
[0.223s] Level 1:colcon.colcon_core.package_identification:_identify(src/px4_msgs) by extension 'ignore'
[0.223s] Level 1:colcon.colcon_core.package_identification:_identify(src/px4_msgs) by extension 'ignore_ament_install'
[0.223s] Level 1:colcon.colcon_core.package_identification:_identify(src/px4_msgs) by extensions ['colcon_pkg']
[0.223s] Level 1:colcon.colcon_core.package_identification:_identify(src/px4_msgs) by extension 'colcon_pkg'
[0.223s] Level 1:colcon.colcon_core.package_identification:_identify(src/px4_msgs) by extensions ['colcon_meta']
[0.223s] Level 1:colcon.colcon_core.package_identification:_identify(src/px4_msgs) by extension 'colcon_meta'
[0.223s] Level 1:colcon.colcon_core.package_identification:_identify(src/px4_msgs) by extensions ['ros']
[0.223s] Level 1:colcon.colcon_core.package_identification:_identify(src/px4_msgs) by extension 'ros'
[0.224s] DEBUG:colcon.colcon_core.package_identification:Package 'src/px4_msgs' with type 'ros.ament_cmake' and name 'px4_msgs'
[0.224s] Level 1:colcon.colcon_core.package_identification:_identify(src/px4_ros_com) by extensions ['ignore', 'ignore_ament_install']
[0.224s] Level 1:colcon.colcon_core.package_identification:_identify(src/px4_ros_com) by extension 'ignore'
[0.224s] Level 1:colcon.colcon_core.package_identification:_identify(src/px4_ros_com) by extension 'ignore_ament_install'
[0.224s] Level 1:colcon.colcon_core.package_identification:_identify(src/px4_ros_com) by extensions ['colcon_pkg']
[0.224s] Level 1:colcon.colcon_core.package_identification:_identify(src/px4_ros_com) by extension 'colcon_pkg'
[0.224s] Level 1:colcon.colcon_core.package_identification:_identify(src/px4_ros_com) by extensions ['colcon_meta']
[0.224s] Level 1:colcon.colcon_core.package_identification:_identify(src/px4_ros_com) by extension 'colcon_meta'
[0.224s] Level 1:colcon.colcon_core.package_identification:_identify(src/px4_ros_com) by extensions ['ros']
[0.224s] Level 1:colcon.colcon_core.package_identification:_identify(src/px4_ros_com) by extension 'ros'
[0.225s] DEBUG:colcon.colcon_core.package_identification:Package 'src/px4_ros_com' with type 'ros.ament_cmake' and name 'px4_ros_com'
[0.225s] Level 1:colcon.colcon_core.package_discovery:discover_packages(recursive) using defaults
[0.225s] Level 1:colcon.colcon_core.package_discovery:discover_packages(ignore) discover
[0.225s] Level 1:colcon.colcon_core.package_discovery:discover_packages(ignore) using defaults
[0.225s] Level 1:colcon.colcon_core.package_discovery:discover_packages(path) discover
[0.225s] Level 1:colcon.colcon_core.package_discovery:discover_packages(path) using defaults
[0.238s] Level 1:colcon.colcon_core.package_discovery:discover_packages(prefix_path) check parameters
[0.238s] Level 1:colcon.colcon_core.package_discovery:discover_packages(prefix_path) discover
[0.239s] DEBUG:colcon.colcon_installed_package_information.package_discovery:Found 278 installed packages in /opt/ros/humble
[0.240s] Level 1:colcon.colcon_core.package_discovery:discover_packages(prefix_path) using defaults
[0.260s] Level 5:colcon.colcon_core.verb:set package 'px4_avoidance' build argument 'cmake_args' from command line to 'None'
[0.260s] Level 5:colcon.colcon_core.verb:set package 'px4_avoidance' build argument 'cmake_target' from command line to 'None'
[0.260s] Level 5:colcon.colcon_core.verb:set package 'px4_avoidance' build argument 'cmake_target_skip_unavailable' from command line to 'False'
[0.260s] Level 5:colcon.colcon_core.verb:set package 'px4_avoidance' build argument 'cmake_clean_cache' from command line to 'False'
[0.260s] Level 5:colcon.colcon_core.verb:set package 'px4_avoidance' build argument 'cmake_clean_first' from command line to 'False'
[0.260s] Level 5:colcon.colcon_core.verb:set package 'px4_avoidance' build argument 'cmake_force_configure' from command line to 'False'
[0.260s] Level 5:colcon.colcon_core.verb:set package 'px4_avoidance' build argument 'ament_cmake_args' from command line to 'None'
[0.260s] Level 5:colcon.colcon_core.verb:set package 'px4_avoidance' build argument 'catkin_cmake_args' from command line to 'None'
[0.260s] Level 5:colcon.colcon_core.verb:set package 'px4_avoidance' build argument 'catkin_skip_building_tests' from command line to 'False'
[0.260s] DEBUG:colcon.colcon_core.verb:Building package 'px4_avoidance' with the following arguments: {'ament_cmake_args': None, 'build_base': '/home/josu/px4_ros2_ws/build/px4_avoidance', 'catkin_cmake_args': None, 'catkin_skip_building_tests': False, 'cmake_args': None, 'cmake_clean_cache': False, 'cmake_clean_first': False, 'cmake_force_configure': False, 'cmake_target': None, 'cmake_target_skip_unavailable': False, 'install_base': '/home/josu/px4_ros2_ws/install/px4_avoidance', 'merge_install': False, 'path': '/home/josu/px4_ros2_ws/src/px4_avoidance', 'symlink_install': False, 'test_result_base': None}
[0.260s] Level 5:colcon.colcon_core.verb:set package 'px4_msgs' build argument 'cmake_args' from command line to 'None'
[0.260s] Level 5:colcon.colcon_core.verb:set package 'px4_msgs' build argument 'cmake_target' from command line to 'None'
[0.260s] Level 5:colcon.colcon_core.verb:set package 'px4_msgs' build argument 'cmake_target_skip_unavailable' from command line to 'False'
[0.260s] Level 5:colcon.colcon_core.verb:set package 'px4_msgs' build argument 'cmake_clean_cache' from command line to 'False'
[0.260s] Level 5:colcon.colcon_core.verb:set package 'px4_msgs' build argument 'cmake_clean_first' from command line to 'False'
[0.260s] Level 5:colcon.colcon_core.verb:set package 'px4_msgs' build argument 'cmake_force_configure' from command line to 'False'
[0.260s] Level 5:colcon.colcon_core.verb:set package 'px4_msgs' build argument 'ament_cmake_args' from command line to 'None'
[0.260s] Level 5:colcon.colcon_core.verb:set package 'px4_msgs' build argument 'catkin_cmake_args' from command line to 'None'
[0.260s] Level 5:colcon.colcon_core.verb:set package 'px4_msgs' build argument 'catkin_skip_building_tests' from command line to 'False'
[0.260s] DEBUG:colcon.colcon_core.verb:Building package 'px4_msgs' with the following arguments: {'ament_cmake_args': None, 'build_base': '/home/josu/px4_ros2_ws/build/px4_msgs', 'catkin_cmake_args': None, 'catkin_skip_building_tests': False, 'cmake_args': None, 'cmake_clean_cache': False, 'cmake_clean_first': False, 'cmake_force_configure': False, 'cmake_target': None, 'cmake_target_skip_unavailable': False, 'install_base': '/home/josu/px4_ros2_ws/install/px4_msgs', 'merge_install': False, 'path': '/home/josu/px4_ros2_ws/src/px4_msgs', 'symlink_install': False, 'test_result_base': None}
[0.260s] Level 5:colcon.colcon_core.verb:set package 'px4_offboard' build argument 'cmake_args' from command line to 'None'
[0.260s] Level 5:colcon.colcon_core.verb:set package 'px4_offboard' build argument 'cmake_target' from command line to 'None'
[0.260s] Level 5:colcon.colcon_core.verb:set package 'px4_offboard' build argument 'cmake_target_skip_unavailable' from command line to 'False'
[0.260s] Level 5:colcon.colcon_core.verb:set package 'px4_offboard' build argument 'cmake_clean_cache' from command line to 'False'
[0.260s] Level 5:colcon.colcon_core.verb:set package 'px4_offboard' build argument 'cmake_clean_first' from command line to 'False'
[0.260s] Level 5:colcon.colcon_core.verb:set package 'px4_offboard' build argument 'cmake_force_configure' from command line to 'False'
[0.260s] Level 5:colcon.colcon_core.verb:set package 'px4_offboard' build argument 'ament_cmake_args' from command line to 'None'
[0.260s] Level 5:colcon.colcon_core.verb:set package 'px4_offboard' build argument 'catkin_cmake_args' from command line to 'None'
[0.260s] Level 5:colcon.colcon_core.verb:set package 'px4_offboard' build argument 'catkin_skip_building_tests' from command line to 'False'
[0.260s] DEBUG:colcon.colcon_core.verb:Building package 'px4_offboard' with the following arguments: {'ament_cmake_args': None, 'build_base': '/home/josu/px4_ros2_ws/build/px4_offboard', 'catkin_cmake_args': None, 'catkin_skip_building_tests': False, 'cmake_args': None, 'cmake_clean_cache': False, 'cmake_clean_first': False, 'cmake_force_configure': False, 'cmake_target': None, 'cmake_target_skip_unavailable': False, 'install_base': '/home/josu/px4_ros2_ws/install/px4_offboard', 'merge_install': False, 'path': '/home/josu/px4_ros2_ws/src/ROS2-PX4_Drone_Teleoperation_Using_Joystick/px4_offboard', 'symlink_install': False, 'test_result_base': None}
[0.261s] Level 5:colcon.colcon_core.verb:set package 'px4_bringup' build argument 'cmake_args' from command line to 'None'
[0.261s] Level 5:colcon.colcon_core.verb:set package 'px4_bringup' build argument 'cmake_target' from command line to 'None'
[0.261s] Level 5:colcon.colcon_core.verb:set package 'px4_bringup' build argument 'cmake_target_skip_unavailable' from command line to 'False'
[0.261s] Level 5:colcon.colcon_core.verb:set package 'px4_bringup' build argument 'cmake_clean_cache' from command line to 'False'
[0.261s] Level 5:colcon.colcon_core.verb:set package 'px4_bringup' build argument 'cmake_clean_first' from command line to 'False'
[0.261s] Level 5:colcon.colcon_core.verb:set package 'px4_bringup' build argument 'cmake_force_configure' from command line to 'False'
[0.261s] Level 5:colcon.colcon_core.verb:set package 'px4_bringup' build argument 'ament_cmake_args' from command line to 'None'
[0.261s] Level 5:colcon.colcon_core.verb:set package 'px4_bringup' build argument 'catkin_cmake_args' from command line to 'None'
[0.261s] Level 5:colcon.colcon_core.verb:set package 'px4_bringup' build argument 'catkin_skip_building_tests' from command line to 'False'
[0.261s] DEBUG:colcon.colcon_core.verb:Building package 'px4_bringup' with the following arguments: {'ament_cmake_args': None, 'build_base': '/home/josu/px4_ros2_ws/build/px4_bringup', 'catkin_cmake_args': None, 'catkin_skip_building_tests': False, 'cmake_args': None, 'cmake_clean_cache': False, 'cmake_clean_first': False, 'cmake_force_configure': False, 'cmake_target': None, 'cmake_target_skip_unavailable': False, 'install_base': '/home/josu/px4_ros2_ws/install/px4_bringup', 'merge_install': False, 'path': '/home/josu/px4_ros2_ws/src/ROS2-PX4_Drone_Teleoperation_Using_Joystick/px4_bringup', 'symlink_install': False, 'test_result_base': None}
[0.261s] Level 5:colcon.colcon_core.verb:set package 'px4_ros_com' build argument 'cmake_args' from command line to 'None'
[0.261s] Level 5:colcon.colcon_core.verb:set package 'px4_ros_com' build argument 'cmake_target' from command line to 'None'
[0.261s] Level 5:colcon.colcon_core.verb:set package 'px4_ros_com' build argument 'cmake_target_skip_unavailable' from command line to 'False'
[0.261s] Level 5:colcon.colcon_core.verb:set package 'px4_ros_com' build argument 'cmake_clean_cache' from command line to 'False'
[0.261s] Level 5:colcon.colcon_core.verb:set package 'px4_ros_com' build argument 'cmake_clean_first' from command line to 'False'
[0.261s] Level 5:colcon.colcon_core.verb:set package 'px4_ros_com' build argument 'cmake_force_configure' from command line to 'False'
[0.261s] Level 5:colcon.colcon_core.verb:set package 'px4_ros_com' build argument 'ament_cmake_args' from command line to 'None'
[0.261s] Level 5:colcon.colcon_core.verb:set package 'px4_ros_com' build argument 'catkin_cmake_args' from command line to 'None'
[0.261s] Level 5:colcon.colcon_core.verb:set package 'px4_ros_com' build argument 'catkin_skip_building_tests' from command line to 'False'
[0.261s] DEBUG:colcon.colcon_core.verb:Building package 'px4_ros_com' with the following arguments: {'ament_cmake_args': None, 'build_base': '/home/josu/px4_ros2_ws/build/px4_ros_com', 'catkin_cmake_args': None, 'catkin_skip_building_tests': False, 'cmake_args': None, 'cmake_clean_cache': False, 'cmake_clean_first': False, 'cmake_force_configure': False, 'cmake_target': None, 'cmake_target_skip_unavailable': False, 'install_base': '/home/josu/px4_ros2_ws/install/px4_ros_com', 'merge_install': False, 'path': '/home/josu/px4_ros2_ws/src/px4_ros_com', 'symlink_install': False, 'test_result_base': None}
[0.261s] INFO:colcon.colcon_core.executor:Executing jobs using 'parallel' executor
[0.262s] DEBUG:colcon.colcon_parallel_executor.executor.parallel:run_until_complete
[0.262s] INFO:colcon.colcon_ros.task.ament_cmake.build:Building ROS package in '/home/josu/px4_ros2_ws/src/px4_msgs' with build type 'ament_cmake'
[0.262s] INFO:colcon.colcon_cmake.task.cmake.build:Building CMake package in '/home/josu/px4_ros2_ws/src/px4_msgs'
[0.263s] INFO:colcon.colcon_core.plugin_system:Skipping extension 'colcon_core.shell.bat': Not used on non-Windows systems
[0.264s] INFO:colcon.colcon_core.shell:Skip shell extension 'powershell' for command environment: Not usable outside of PowerShell
[0.264s] DEBUG:colcon.colcon_core.shell:Skip shell extension 'dsv' for command environment
[0.265s] INFO:colcon.colcon_ros.task.ament_python.build:Building ROS package in '/home/josu/px4_ros2_ws/src/ROS2-PX4_Drone_Teleoperation_Using_Joystick/px4_offboard' with build type 'ament_python'
[0.265s] Level 1:colcon.colcon_core.shell:create_environment_hook('px4_offboard', 'ament_prefix_path')
[0.266s] INFO:colcon.colcon_core.shell:Creating environment hook '/home/josu/px4_ros2_ws/install/px4_offboard/share/px4_offboard/hook/ament_prefix_path.ps1'
[0.266s] INFO:colcon.colcon_core.shell:Creating environment descriptor '/home/josu/px4_ros2_ws/install/px4_offboard/share/px4_offboard/hook/ament_prefix_path.dsv'
[0.266s] INFO:colcon.colcon_core.shell:Creating environment hook '/home/josu/px4_ros2_ws/install/px4_offboard/share/px4_offboard/hook/ament_prefix_path.sh'
[0.267s] INFO:colcon.colcon_core.shell:Skip shell extension 'powershell' for command environment: Not usable outside of PowerShell
[0.267s] DEBUG:colcon.colcon_core.shell:Skip shell extension 'dsv' for command environment
[0.268s] INFO:colcon.colcon_ros.task.ament_python.build:Building ROS package in '/home/josu/px4_ros2_ws/src/px4_avoidance' with build type 'ament_python'
[0.268s] Level 1:colcon.colcon_core.shell:create_environment_hook('px4_avoidance', 'ament_prefix_path')
[0.268s] INFO:colcon.colcon_core.shell:Creating environment hook '/home/josu/px4_ros2_ws/install/px4_avoidance/share/px4_avoidance/hook/ament_prefix_path.ps1'
[0.269s] INFO:colcon.colcon_core.shell:Creating environment descriptor '/home/josu/px4_ros2_ws/install/px4_avoidance/share/px4_avoidance/hook/ament_prefix_path.dsv'
[0.269s] INFO:colcon.colcon_core.shell:Creating environment hook '/home/josu/px4_ros2_ws/install/px4_avoidance/share/px4_avoidance/hook/ament_prefix_path.sh'
[0.269s] INFO:colcon.colcon_core.shell:Skip shell extension 'powershell' for command environment: Not usable outside of PowerShell
[0.269s] DEBUG:colcon.colcon_core.shell:Skip shell extension 'dsv' for command environment
[0.274s] DEBUG:colcon.colcon_core.event_handler.log_command:Invoking command in '/home/josu/px4_ros2_ws/build/px4_msgs': CMAKE_PREFIX_PATH=/opt/ros/humble /usr/bin/cmake --build /home/josu/px4_ros2_ws/build/px4_msgs -- -j12 -l12
[0.490s] INFO:colcon.colcon_core.task.python.build:Building Python package in '/home/josu/px4_ros2_ws/src/ROS2-PX4_Drone_Teleoperation_Using_Joystick/px4_offboard'
[0.490s] INFO:colcon.colcon_core.shell:Skip shell extension 'powershell' for command environment: Not usable outside of PowerShell
[0.490s] DEBUG:colcon.colcon_core.shell:Skip shell extension 'dsv' for command environment
[0.718s] INFO:colcon.colcon_core.task.python.build:Building Python package in '/home/josu/px4_ros2_ws/src/px4_avoidance'
[0.718s] INFO:colcon.colcon_core.shell:Skip shell extension 'powershell' for command environment: Not usable outside of PowerShell
[0.718s] DEBUG:colcon.colcon_core.shell:Skip shell extension 'dsv' for command environment
[1.094s] DEBUG:colcon.colcon_core.event_handler.log_command:Invoked command in '/home/josu/px4_ros2_ws/build/px4_msgs' returned '0': CMAKE_PREFIX_PATH=/opt/ros/humble /usr/bin/cmake --build /home/josu/px4_ros2_ws/build/px4_msgs -- -j12 -l12
[1.102s] DEBUG:colcon.colcon_core.event_handler.log_command:Invoking command in '/home/josu/px4_ros2_ws/build/px4_msgs': CMAKE_PREFIX_PATH=/opt/ros/humble /usr/bin/cmake --install /home/josu/px4_ros2_ws/build/px4_msgs
[1.122s] DEBUG:colcon.colcon_core.event_handler.log_command:Invoking command in '/home/josu/px4_ros2_ws/src/px4_avoidance': PYTHONPATH=/home/josu/px4_ros2_ws/build/px4_avoidance/prefix_override:/usr/lib/python3/dist-packages/colcon_core/task/python/colcon_distutils_commands:/home/josu/px4_ros2_ws/install/px4_avoidance/lib/python3.10/site-packages:${PYTHONPATH} /usr/bin/python3 -W ignore:setup.py install is deprecated -W ignore:easy_install command is deprecated setup.py egg_info --egg-base ../../build/px4_avoidance build --build-base /home/josu/px4_ros2_ws/build/px4_avoidance/build install --record /home/josu/px4_ros2_ws/build/px4_avoidance/install.log --single-version-externally-managed install_data
[1.195s] DEBUG:colcon.colcon_core.event_handler.log_command:Invoking command in '/home/josu/px4_ros2_ws/src/ROS2-PX4_Drone_Teleoperation_Using_Joystick/px4_offboard': PYTHONPATH=/home/josu/px4_ros2_ws/build/px4_offboard/prefix_override:/usr/lib/python3/dist-packages/colcon_core/task/python/colcon_distutils_commands:/home/josu/px4_ros2_ws/install/px4_offboard/lib/python3.10/site-packages:${PYTHONPATH} /usr/bin/python3 -W ignore:setup.py install is deprecated -W ignore:easy_install command is deprecated setup.py egg_info --egg-base ../../../build/px4_offboard build --build-base /home/josu/px4_ros2_ws/build/px4_offboard/build install --record /home/josu/px4_ros2_ws/build/px4_offboard/install.log --single-version-externally-managed install_data
[1.311s] Level 1:colcon.colcon_core.environment:create_environment_scripts_only(px4_msgs)
[1.311s] DEBUG:colcon.colcon_core.event_handler.log_command:Invoked command in '/home/josu/px4_ros2_ws/build/px4_msgs' returned '0': CMAKE_PREFIX_PATH=/opt/ros/humble /usr/bin/cmake --install /home/josu/px4_ros2_ws/build/px4_msgs
[1.313s] Level 1:colcon.colcon_core.environment:checking '/home/josu/px4_ros2_ws/install/px4_msgs' for CMake module files
[1.314s] Level 1:colcon.colcon_core.environment:checking '/home/josu/px4_ros2_ws/install/px4_msgs' for CMake config files
[1.315s] Level 1:colcon.colcon_core.shell:create_environment_hook('px4_msgs', 'cmake_prefix_path')
[1.315s] INFO:colcon.colcon_core.shell:Creating environment hook '/home/josu/px4_ros2_ws/install/px4_msgs/share/px4_msgs/hook/cmake_prefix_path.ps1'
[1.315s] INFO:colcon.colcon_core.shell:Creating environment descriptor '/home/josu/px4_ros2_ws/install/px4_msgs/share/px4_msgs/hook/cmake_prefix_path.dsv'
[1.315s] INFO:colcon.colcon_core.shell:Creating environment hook '/home/josu/px4_ros2_ws/install/px4_msgs/share/px4_msgs/hook/cmake_prefix_path.sh'
[1.316s] Level 1:colcon.colcon_core.environment:checking '/home/josu/px4_ros2_ws/install/px4_msgs/lib'
[1.316s] Level 1:colcon.colcon_core.shell:create_environment_hook('px4_msgs', 'ld_library_path_lib')
[1.316s] INFO:colcon.colcon_core.shell:Creating environment hook '/home/josu/px4_ros2_ws/install/px4_msgs/share/px4_msgs/hook/ld_library_path_lib.ps1'
[1.317s] INFO:colcon.colcon_core.shell:Creating environment descriptor '/home/josu/px4_ros2_ws/install/px4_msgs/share/px4_msgs/hook/ld_library_path_lib.dsv'
[1.317s] INFO:colcon.colcon_core.shell:Creating environment hook '/home/josu/px4_ros2_ws/install/px4_msgs/share/px4_msgs/hook/ld_library_path_lib.sh'
[1.317s] Level 1:colcon.colcon_core.environment:checking '/home/josu/px4_ros2_ws/install/px4_msgs/bin'
[1.317s] Level 1:colcon.colcon_core.environment:checking '/home/josu/px4_ros2_ws/install/px4_msgs/lib/pkgconfig/px4_msgs.pc'
[1.318s] Level 1:colcon.colcon_core.environment:checking '/home/josu/px4_ros2_ws/install/px4_msgs/lib/python3.10/site-packages'
[1.318s] Level 1:colcon.colcon_core.environment:checking '/home/josu/px4_ros2_ws/install/px4_msgs/bin'
[1.318s] INFO:colcon.colcon_core.shell:Creating package script '/home/josu/px4_ros2_ws/install/px4_msgs/share/px4_msgs/package.ps1'
[1.318s] INFO:colcon.colcon_core.shell:Creating package descriptor '/home/josu/px4_ros2_ws/install/px4_msgs/share/px4_msgs/package.dsv'
[1.319s] INFO:colcon.colcon_core.shell:Creating package script '/home/josu/px4_ros2_ws/install/px4_msgs/share/px4_msgs/package.sh'
[1.319s] INFO:colcon.colcon_core.shell:Creating package script '/home/josu/px4_ros2_ws/install/px4_msgs/share/px4_msgs/package.bash'
[1.319s] INFO:colcon.colcon_core.shell:Creating package script '/home/josu/px4_ros2_ws/install/px4_msgs/share/px4_msgs/package.zsh'
[1.320s] Level 1:colcon.colcon_core.environment:create_file_with_runtime_dependencies(/home/josu/px4_ros2_ws/install/px4_msgs/share/colcon-core/packages/px4_msgs)
[1.320s] Level 1:colcon.colcon_core.environment:create_environment_scripts_only(px4_msgs)
[1.320s] Level 1:colcon.colcon_core.environment:checking '/home/josu/px4_ros2_ws/install/px4_msgs' for CMake module files
[1.321s] Level 1:colcon.colcon_core.environment:checking '/home/josu/px4_ros2_ws/install/px4_msgs' for CMake config files
[1.321s] Level 1:colcon.colcon_core.shell:create_environment_hook('px4_msgs', 'cmake_prefix_path')
[1.321s] INFO:colcon.colcon_core.shell:Creating environment hook '/home/josu/px4_ros2_ws/install/px4_msgs/share/px4_msgs/hook/cmake_prefix_path.ps1'
[1.321s] INFO:colcon.colcon_core.shell:Creating environment descriptor '/home/josu/px4_ros2_ws/install/px4_msgs/share/px4_msgs/hook/cmake_prefix_path.dsv'
[1.322s] INFO:colcon.colcon_core.shell:Creating environment hook '/home/josu/px4_ros2_ws/install/px4_msgs/share/px4_msgs/hook/cmake_prefix_path.sh'
[1.322s] Level 1:colcon.colcon_core.environment:checking '/home/josu/px4_ros2_ws/install/px4_msgs/lib'
[1.322s] Level 1:colcon.colcon_core.shell:create_environment_hook('px4_msgs', 'ld_library_path_lib')
[1.322s] INFO:colcon.colcon_core.shell:Creating environment hook '/home/josu/px4_ros2_ws/install/px4_msgs/share/px4_msgs/hook/ld_library_path_lib.ps1'
[1.322s] INFO:colcon.colcon_core.shell:Creating environment descriptor '/home/josu/px4_ros2_ws/install/px4_msgs/share/px4_msgs/hook/ld_library_path_lib.dsv'
[1.322s] INFO:colcon.colcon_core.shell:Creating environment hook '/home/josu/px4_ros2_ws/install/px4_msgs/share/px4_msgs/hook/ld_library_path_lib.sh'
[1.323s] Level 1:colcon.colcon_core.environment:checking '/home/josu/px4_ros2_ws/install/px4_msgs/bin'
[1.323s] Level 1:colcon.colcon_core.environment:checking '/home/josu/px4_ros2_ws/install/px4_msgs/lib/pkgconfig/px4_msgs.pc'
[1.323s] Level 1:colcon.colcon_core.environment:checking '/home/josu/px4_ros2_ws/install/px4_msgs/lib/python3.10/site-packages'
[1.323s] Level 1:colcon.colcon_core.environment:checking '/home/josu/px4_ros2_ws/install/px4_msgs/bin'
[1.323s] INFO:colcon.colcon_core.shell:Creating package script '/home/josu/px4_ros2_ws/install/px4_msgs/share/px4_msgs/package.ps1'
[1.324s] INFO:colcon.colcon_core.shell:Creating package descriptor '/home/josu/px4_ros2_ws/install/px4_msgs/share/px4_msgs/package.dsv'
[1.324s] INFO:colcon.colcon_core.shell:Creating package script '/home/josu/px4_ros2_ws/install/px4_msgs/share/px4_msgs/package.sh'
[1.324s] INFO:colcon.colcon_core.shell:Creating package script '/home/josu/px4_ros2_ws/install/px4_msgs/share/px4_msgs/package.bash'
[1.324s] INFO:colcon.colcon_core.shell:Creating package script '/home/josu/px4_ros2_ws/install/px4_msgs/share/px4_msgs/package.zsh'
[1.324s] Level 1:colcon.colcon_core.environment:create_file_with_runtime_dependencies(/home/josu/px4_ros2_ws/install/px4_msgs/share/colcon-core/packages/px4_msgs)
[1.325s] INFO:colcon.colcon_ros.task.ament_cmake.build:Building ROS package in '/home/josu/px4_ros2_ws/src/px4_ros_com' with build type 'ament_cmake'
[1.325s] INFO:colcon.colcon_cmake.task.cmake.build:Building CMake package in '/home/josu/px4_ros2_ws/src/px4_ros_com'
[1.325s] INFO:colcon.colcon_core.shell:Skip shell extension 'powershell' for command environment: Not usable outside of PowerShell
[1.325s] DEBUG:colcon.colcon_core.shell:Skip shell extension 'dsv' for command environment
[1.332s] DEBUG:colcon.colcon_core.event_handler.log_command:Invoking command in '/home/josu/px4_ros2_ws/build/px4_ros_com': AMENT_PREFIX_PATH=/home/josu/px4_ros2_ws/install/px4_msgs:${AMENT_PREFIX_PATH} CMAKE_PREFIX_PATH=/home/josu/px4_ros2_ws/install/px4_msgs:/opt/ros/humble LD_LIBRARY_PATH=/home/josu/px4_ros2_ws/install/px4_msgs/lib:${LD_LIBRARY_PATH} PYTHONPATH=/home/josu/px4_ros2_ws/install/px4_msgs/local/lib/python3.10/dist-packages:${PYTHONPATH} /usr/bin/cmake --build /home/josu/px4_ros2_ws/build/px4_ros_com -- -j12 -l12
[1.498s] Level 1:colcon.colcon_core.environment:checking '/home/josu/px4_ros2_ws/install/px4_avoidance' for CMake module files
[1.499s] DEBUG:colcon.colcon_core.event_handler.log_command:Invoked command in '/home/josu/px4_ros2_ws/src/px4_avoidance' returned '0': PYTHONPATH=/home/josu/px4_ros2_ws/build/px4_avoidance/prefix_override:/usr/lib/python3/dist-packages/colcon_core/task/python/colcon_distutils_commands:/home/josu/px4_ros2_ws/install/px4_avoidance/lib/python3.10/site-packages:${PYTHONPATH} /usr/bin/python3 -W ignore:setup.py install is deprecated -W ignore:easy_install command is deprecated setup.py egg_info --egg-base ../../build/px4_avoidance build --build-base /home/josu/px4_ros2_ws/build/px4_avoidance/build install --record /home/josu/px4_ros2_ws/build/px4_avoidance/install.log --single-version-externally-managed install_data
[1.499s] Level 1:colcon.colcon_core.environment:checking '/home/josu/px4_ros2_ws/install/px4_avoidance' for CMake config files
[1.499s] Level 1:colcon.colcon_core.environment:checking '/home/josu/px4_ros2_ws/install/px4_avoidance/lib'
[1.499s] Level 1:colcon.colcon_core.environment:checking '/home/josu/px4_ros2_ws/install/px4_avoidance/bin'
[1.499s] Level 1:colcon.colcon_core.environment:checking '/home/josu/px4_ros2_ws/install/px4_avoidance/lib/pkgconfig/px4_avoidance.pc'
[1.499s] Level 1:colcon.colcon_core.environment:checking '/home/josu/px4_ros2_ws/install/px4_avoidance/lib/python3.10/site-packages'
[1.499s] Level 1:colcon.colcon_core.shell:create_environment_hook('px4_avoidance', 'pythonpath')
[1.500s] INFO:colcon.colcon_core.shell:Creating environment hook '/home/josu/px4_ros2_ws/install/px4_avoidance/share/px4_avoidance/hook/pythonpath.ps1'
[1.500s] INFO:colcon.colcon_core.shell:Creating environment descriptor '/home/josu/px4_ros2_ws/install/px4_avoidance/share/px4_avoidance/hook/pythonpath.dsv'
[1.500s] INFO:colcon.colcon_core.shell:Creating environment hook '/home/josu/px4_ros2_ws/install/px4_avoidance/share/px4_avoidance/hook/pythonpath.sh'
[1.501s] Level 1:colcon.colcon_core.environment:checking '/home/josu/px4_ros2_ws/install/px4_avoidance/bin'
[1.501s] Level 1:colcon.colcon_core.environment:create_environment_scripts_only(px4_avoidance)
[1.501s] INFO:colcon.colcon_core.shell:Creating package script '/home/josu/px4_ros2_ws/install/px4_avoidance/share/px4_avoidance/package.ps1'
[1.501s] INFO:colcon.colcon_core.shell:Creating package descriptor '/home/josu/px4_ros2_ws/install/px4_avoidance/share/px4_avoidance/package.dsv'
[1.502s] INFO:colcon.colcon_core.shell:Creating package script '/home/josu/px4_ros2_ws/install/px4_avoidance/share/px4_avoidance/package.sh'
[1.502s] INFO:colcon.colcon_core.shell:Creating package script '/home/josu/px4_ros2_ws/install/px4_avoidance/share/px4_avoidance/package.bash'
[1.502s] INFO:colcon.colcon_core.shell:Creating package script '/home/josu/px4_ros2_ws/install/px4_avoidance/share/px4_avoidance/package.zsh'
[1.502s] Level 1:colcon.colcon_core.environment:create_file_with_runtime_dependencies(/home/josu/px4_ros2_ws/install/px4_avoidance/share/colcon-core/packages/px4_avoidance)
[1.503s] Level 1:colcon.colcon_core.environment:checking '/home/josu/px4_ros2_ws/install/px4_offboard' for CMake module files
[1.503s] DEBUG:colcon.colcon_core.event_handler.log_command:Invoked command in '/home/josu/px4_ros2_ws/src/ROS2-PX4_Drone_Teleoperation_Using_Joystick/px4_offboard' returned '0': PYTHONPATH=/home/josu/px4_ros2_ws/build/px4_offboard/prefix_override:/usr/lib/python3/dist-packages/colcon_core/task/python/colcon_distutils_commands:/home/josu/px4_ros2_ws/install/px4_offboard/lib/python3.10/site-packages:${PYTHONPATH} /usr/bin/python3 -W ignore:setup.py install is deprecated -W ignore:easy_install command is deprecated setup.py egg_info --egg-base ../../../build/px4_offboard build --build-base /home/josu/px4_ros2_ws/build/px4_offboard/build install --record /home/josu/px4_ros2_ws/build/px4_offboard/install.log --single-version-externally-managed install_data
[1.504s] Level 1:colcon.colcon_core.environment:checking '/home/josu/px4_ros2_ws/install/px4_offboard' for CMake config files
[1.504s] Level 1:colcon.colcon_core.environment:checking '/home/josu/px4_ros2_ws/install/px4_offboard/lib'
[1.504s] Level 1:colcon.colcon_core.environment:checking '/home/josu/px4_ros2_ws/install/px4_offboard/bin'
[1.504s] Level 1:colcon.colcon_core.environment:checking '/home/josu/px4_ros2_ws/install/px4_offboard/lib/pkgconfig/px4_offboard.pc'
[1.504s] Level 1:colcon.colcon_core.environment:checking '/home/josu/px4_ros2_ws/install/px4_offboard/lib/python3.10/site-packages'
[1.504s] Level 1:colcon.colcon_core.shell:create_environment_hook('px4_offboard', 'pythonpath')
[1.504s] INFO:colcon.colcon_core.shell:Creating environment hook '/home/josu/px4_ros2_ws/install/px4_offboard/share/px4_offboard/hook/pythonpath.ps1'
[1.504s] INFO:colcon.colcon_core.shell:Creating environment descriptor '/home/josu/px4_ros2_ws/install/px4_offboard/share/px4_offboard/hook/pythonpath.dsv'
[1.505s] INFO:colcon.colcon_core.shell:Creating environment hook '/home/josu/px4_ros2_ws/install/px4_offboard/share/px4_offboard/hook/pythonpath.sh'
[1.505s] Level 1:colcon.colcon_core.environment:checking '/home/josu/px4_ros2_ws/install/px4_offboard/bin'
[1.505s] Level 1:colcon.colcon_core.environment:create_environment_scripts_only(px4_offboard)
[1.505s] INFO:colcon.colcon_core.shell:Creating package script '/home/josu/px4_ros2_ws/install/px4_offboard/share/px4_offboard/package.ps1'
[1.506s] INFO:colcon.colcon_core.shell:Creating package descriptor '/home/josu/px4_ros2_ws/install/px4_offboard/share/px4_offboard/package.dsv'
[1.506s] INFO:colcon.colcon_core.shell:Creating package script '/home/josu/px4_ros2_ws/install/px4_offboard/share/px4_offboard/package.sh'
[1.506s] INFO:colcon.colcon_core.shell:Creating package script '/home/josu/px4_ros2_ws/install/px4_offboard/share/px4_offboard/package.bash'
[1.506s] INFO:colcon.colcon_core.shell:Creating package script '/home/josu/px4_ros2_ws/install/px4_offboard/share/px4_offboard/package.zsh'
[1.506s] Level 1:colcon.colcon_core.environment:create_file_with_runtime_dependencies(/home/josu/px4_ros2_ws/install/px4_offboard/share/colcon-core/packages/px4_offboard)
[1.506s] INFO:colcon.colcon_ros.task.ament_python.build:Building ROS package in '/home/josu/px4_ros2_ws/src/ROS2-PX4_Drone_Teleoperation_Using_Joystick/px4_bringup' with build type 'ament_python'
[1.507s] Level 1:colcon.colcon_core.shell:create_environment_hook('px4_bringup', 'ament_prefix_path')
[1.507s] INFO:colcon.colcon_core.shell:Creating environment hook '/home/josu/px4_ros2_ws/install/px4_bringup/share/px4_bringup/hook/ament_prefix_path.ps1'
[1.507s] INFO:colcon.colcon_core.shell:Creating environment descriptor '/home/josu/px4_ros2_ws/install/px4_bringup/share/px4_bringup/hook/ament_prefix_path.dsv'
[1.507s] INFO:colcon.colcon_core.shell:Creating environment hook '/home/josu/px4_ros2_ws/install/px4_bringup/share/px4_bringup/hook/ament_prefix_path.sh'
[1.508s] INFO:colcon.colcon_core.shell:Skip shell extension 'powershell' for command environment: Not usable outside of PowerShell
[1.508s] DEBUG:colcon.colcon_core.shell:Skip shell extension 'dsv' for command environment
[1.721s] INFO:colcon.colcon_core.task.python.build:Building Python package in '/home/josu/px4_ros2_ws/src/ROS2-PX4_Drone_Teleoperation_Using_Joystick/px4_bringup'
[1.722s] INFO:colcon.colcon_core.shell:Skip shell extension 'powershell' for command environment: Not usable outside of PowerShell
[1.722s] DEBUG:colcon.colcon_core.shell:Skip shell extension 'dsv' for command environment
[1.724s] DEBUG:colcon.colcon_core.event_handler.log_command:Invoked command in '/home/josu/px4_ros2_ws/build/px4_ros_com' returned '0': AMENT_PREFIX_PATH=/home/josu/px4_ros2_ws/install/px4_msgs:${AMENT_PREFIX_PATH} CMAKE_PREFIX_PATH=/home/josu/px4_ros2_ws/install/px4_msgs:/opt/ros/humble LD_LIBRARY_PATH=/home/josu/px4_ros2_ws/install/px4_msgs/lib:${LD_LIBRARY_PATH} PYTHONPATH=/home/josu/px4_ros2_ws/install/px4_msgs/local/lib/python3.10/dist-packages:${PYTHONPATH} /usr/bin/cmake --build /home/josu/px4_ros2_ws/build/px4_ros_com -- -j12 -l12
[1.725s] DEBUG:colcon.colcon_core.event_handler.log_command:Invoking command in '/home/josu/px4_ros2_ws/build/px4_ros_com': AMENT_PREFIX_PATH=/home/josu/px4_ros2_ws/install/px4_msgs:${AMENT_PREFIX_PATH} CMAKE_PREFIX_PATH=/home/josu/px4_ros2_ws/install/px4_msgs:/opt/ros/humble LD_LIBRARY_PATH=/home/josu/px4_ros2_ws/install/px4_msgs/lib:${LD_LIBRARY_PATH} PYTHONPATH=/home/josu/px4_ros2_ws/install/px4_msgs/local/lib/python3.10/dist-packages:${PYTHONPATH} /usr/bin/cmake --install /home/josu/px4_ros2_ws/build/px4_ros_com
[1.758s] Level 1:colcon.colcon_core.environment:create_environment_scripts_only(px4_ros_com)
[1.758s] Level 1:colcon.colcon_core.environment:checking '/home/josu/px4_ros2_ws/install/px4_ros_com' for CMake module files
[1.758s] DEBUG:colcon.colcon_core.event_handler.log_command:Invoked command in '/home/josu/px4_ros2_ws/build/px4_ros_com' returned '0': AMENT_PREFIX_PATH=/home/josu/px4_ros2_ws/install/px4_msgs:${AMENT_PREFIX_PATH} CMAKE_PREFIX_PATH=/home/josu/px4_ros2_ws/install/px4_msgs:/opt/ros/humble LD_LIBRARY_PATH=/home/josu/px4_ros2_ws/install/px4_msgs/lib:${LD_LIBRARY_PATH} PYTHONPATH=/home/josu/px4_ros2_ws/install/px4_msgs/local/lib/python3.10/dist-packages:${PYTHONPATH} /usr/bin/cmake --install /home/josu/px4_ros2_ws/build/px4_ros_com
[1.759s] Level 1:colcon.colcon_core.environment:checking '/home/josu/px4_ros2_ws/install/px4_ros_com' for CMake config files
[1.759s] Level 1:colcon.colcon_core.shell:create_environment_hook('px4_ros_com', 'cmake_prefix_path')
[1.759s] INFO:colcon.colcon_core.shell:Creating environment hook '/home/josu/px4_ros2_ws/install/px4_ros_com/share/px4_ros_com/hook/cmake_prefix_path.ps1'
[1.760s] INFO:colcon.colcon_core.shell:Creating environment descriptor '/home/josu/px4_ros2_ws/install/px4_ros_com/share/px4_ros_com/hook/cmake_prefix_path.dsv'
[1.760s] INFO:colcon.colcon_core.shell:Creating environment hook '/home/josu/px4_ros2_ws/install/px4_ros_com/share/px4_ros_com/hook/cmake_prefix_path.sh'
[1.760s] Level 1:colcon.colcon_core.environment:checking '/home/josu/px4_ros2_ws/install/px4_ros_com/lib'
[1.760s] Level 1:colcon.colcon_core.shell:create_environment_hook('px4_ros_com', 'ld_library_path_lib')
[1.760s] INFO:colcon.colcon_core.shell:Creating environment hook '/home/josu/px4_ros2_ws/install/px4_ros_com/share/px4_ros_com/hook/ld_library_path_lib.ps1'
[1.761s] INFO:colcon.colcon_core.shell:Creating environment descriptor '/home/josu/px4_ros2_ws/install/px4_ros_com/share/px4_ros_com/hook/ld_library_path_lib.dsv'
[1.761s] INFO:colcon.colcon_core.shell:Creating environment hook '/home/josu/px4_ros2_ws/install/px4_ros_com/share/px4_ros_com/hook/ld_library_path_lib.sh'
[1.761s] Level 1:colcon.colcon_core.environment:checking '/home/josu/px4_ros2_ws/install/px4_ros_com/bin'
[1.761s] Level 1:colcon.colcon_core.environment:checking '/home/josu/px4_ros2_ws/install/px4_ros_com/lib/pkgconfig/px4_ros_com.pc'
[1.761s] Level 1:colcon.colcon_core.environment:checking '/home/josu/px4_ros2_ws/install/px4_ros_com/lib/python3.10/site-packages'
[1.761s] Level 1:colcon.colcon_core.environment:checking '/home/josu/px4_ros2_ws/install/px4_ros_com/bin'
[1.761s] INFO:colcon.colcon_core.shell:Creating package script '/home/josu/px4_ros2_ws/install/px4_ros_com/share/px4_ros_com/package.ps1'
[1.762s] INFO:colcon.colcon_core.shell:Creating package descriptor '/home/josu/px4_ros2_ws/install/px4_ros_com/share/px4_ros_com/package.dsv'
[1.762s] INFO:colcon.colcon_core.shell:Creating package script '/home/josu/px4_ros2_ws/install/px4_ros_com/share/px4_ros_com/package.sh'
[1.762s] INFO:colcon.colcon_core.shell:Creating package script '/home/josu/px4_ros2_ws/install/px4_ros_com/share/px4_ros_com/package.bash'
[1.762s] INFO:colcon.colcon_core.shell:Creating package script '/home/josu/px4_ros2_ws/install/px4_ros_com/share/px4_ros_com/package.zsh'
[1.762s] Level 1:colcon.colcon_core.environment:create_file_with_runtime_dependencies(/home/josu/px4_ros2_ws/install/px4_ros_com/share/colcon-core/packages/px4_ros_com)
[1.763s] Level 1:colcon.colcon_core.environment:create_environment_scripts_only(px4_ros_com)
[1.763s] Level 1:colcon.colcon_core.environment:checking '/home/josu/px4_ros2_ws/install/px4_ros_com' for CMake module files
[1.763s] Level 1:colcon.colcon_core.environment:checking '/home/josu/px4_ros2_ws/install/px4_ros_com' for CMake config files
[1.763s] Level 1:colcon.colcon_core.shell:create_environment_hook('px4_ros_com', 'cmake_prefix_path')
[1.763s] INFO:colcon.colcon_core.shell:Creating environment hook '/home/josu/px4_ros2_ws/install/px4_ros_com/share/px4_ros_com/hook/cmake_prefix_path.ps1'
[1.764s] INFO:colcon.colcon_core.shell:Creating environment descriptor '/home/josu/px4_ros2_ws/install/px4_ros_com/share/px4_ros_com/hook/cmake_prefix_path.dsv'
[1.764s] INFO:colcon.colcon_core.shell:Creating environment hook '/home/josu/px4_ros2_ws/install/px4_ros_com/share/px4_ros_com/hook/cmake_prefix_path.sh'
[1.764s] Level 1:colcon.colcon_core.environment:checking '/home/josu/px4_ros2_ws/install/px4_ros_com/lib'
[1.764s] Level 1:colcon.colcon_core.shell:create_environment_hook('px4_ros_com', 'ld_library_path_lib')
[1.764s] INFO:colcon.colcon_core.shell:Creating environment hook '/home/josu/px4_ros2_ws/install/px4_ros_com/share/px4_ros_com/hook/ld_library_path_lib.ps1'
[1.764s] INFO:colcon.colcon_core.shell:Creating environment descriptor '/home/josu/px4_ros2_ws/install/px4_ros_com/share/px4_ros_com/hook/ld_library_path_lib.dsv'
[1.765s] INFO:colcon.colcon_core.shell:Creating environment hook '/home/josu/px4_ros2_ws/install/px4_ros_com/share/px4_ros_com/hook/ld_library_path_lib.sh'
[1.765s] Level 1:colcon.colcon_core.environment:checking '/home/josu/px4_ros2_ws/install/px4_ros_com/bin'
[1.765s] Level 1:colcon.colcon_core.environment:checking '/home/josu/px4_ros2_ws/install/px4_ros_com/lib/pkgconfig/px4_ros_com.pc'
[1.765s] Level 1:colcon.colcon_core.environment:checking '/home/josu/px4_ros2_ws/install/px4_ros_com/lib/python3.10/site-packages'
[1.765s] Level 1:colcon.colcon_core.environment:checking '/home/josu/px4_ros2_ws/install/px4_ros_com/bin'
[1.765s] INFO:colcon.colcon_core.shell:Creating package script '/home/josu/px4_ros2_ws/install/px4_ros_com/share/px4_ros_com/package.ps1'
[1.766s] INFO:colcon.colcon_core.shell:Creating package descriptor '/home/josu/px4_ros2_ws/install/px4_ros_com/share/px4_ros_com/package.dsv'
[1.766s] INFO:colcon.colcon_core.shell:Creating package script '/home/josu/px4_ros2_ws/install/px4_ros_com/share/px4_ros_com/package.sh'
[1.766s] INFO:colcon.colcon_core.shell:Creating package script '/home/josu/px4_ros2_ws/install/px4_ros_com/share/px4_ros_com/package.bash'
[1.766s] INFO:colcon.colcon_core.shell:Creating package script '/home/josu/px4_ros2_ws/install/px4_ros_com/share/px4_ros_com/package.zsh'
[1.767s] Level 1:colcon.colcon_core.environment:create_file_with_runtime_dependencies(/home/josu/px4_ros2_ws/install/px4_ros_com/share/colcon-core/packages/px4_ros_com)
[2.046s] DEBUG:colcon.colcon_core.event_handler.log_command:Invoking command in '/home/josu/px4_ros2_ws/src/ROS2-PX4_Drone_Teleoperation_Using_Joystick/px4_bringup': AMENT_PREFIX_PATH=/home/josu/px4_ros2_ws/install/px4_offboard:/home/josu/px4_ros2_ws/install/px4_msgs:${AMENT_PREFIX_PATH} CMAKE_PREFIX_PATH=/home/josu/px4_ros2_ws/install/px4_msgs LD_LIBRARY_PATH=/home/josu/px4_ros2_ws/install/px4_msgs/lib:${LD_LIBRARY_PATH} PYTHONPATH=/home/josu/px4_ros2_ws/build/px4_bringup/prefix_override:/usr/lib/python3/dist-packages/colcon_core/task/python/colcon_distutils_commands:/home/josu/px4_ros2_ws/install/px4_bringup/lib/python3.10/site-packages:/home/josu/px4_ros2_ws/install/px4_offboard/lib/python3.10/site-packages:/home/josu/px4_ros2_ws/install/px4_msgs/local/lib/python3.10/dist-packages:${PYTHONPATH} /usr/bin/python3 -W ignore:setup.py install is deprecated -W ignore:easy_install command is deprecated setup.py egg_info --egg-base ../../../build/px4_bringup build --build-base /home/josu/px4_ros2_ws/build/px4_bringup/build install --record /home/josu/px4_ros2_ws/build/px4_bringup/install.log --single-version-externally-managed install_data
[2.349s] Level 1:colcon.colcon_core.environment:checking '/home/josu/px4_ros2_ws/install/px4_bringup' for CMake module files
[2.350s] DEBUG:colcon.colcon_core.event_handler.log_command:Invoked command in '/home/josu/px4_ros2_ws/src/ROS2-PX4_Drone_Teleoperation_Using_Joystick/px4_bringup' returned '0': AMENT_PREFIX_PATH=/home/josu/px4_ros2_ws/install/px4_offboard:/home/josu/px4_ros2_ws/install/px4_msgs:${AMENT_PREFIX_PATH} CMAKE_PREFIX_PATH=/home/josu/px4_ros2_ws/install/px4_msgs LD_LIBRARY_PATH=/home/josu/px4_ros2_ws/install/px4_msgs/lib:${LD_LIBRARY_PATH} PYTHONPATH=/home/josu/px4_ros2_ws/build/px4_bringup/prefix_override:/usr/lib/python3/dist-packages/colcon_core/task/python/colcon_distutils_commands:/home/josu/px4_ros2_ws/install/px4_bringup/lib/python3.10/site-packages:/home/josu/px4_ros2_ws/install/px4_offboard/lib/python3.10/site-packages:/home/josu/px4_ros2_ws/install/px4_msgs/local/lib/python3.10/dist-packages:${PYTHONPATH} /usr/bin/python3 -W ignore:setup.py install is deprecated -W ignore:easy_install command is deprecated setup.py egg_info --egg-base ../../../build/px4_bringup build --build-base /home/josu/px4_ros2_ws/build/px4_bringup/build install --record /home/josu/px4_ros2_ws/build/px4_bringup/install.log --single-version-externally-managed install_data
[2.350s] Level 1:colcon.colcon_core.environment:checking '/home/josu/px4_ros2_ws/install/px4_bringup' for CMake config files
[2.350s] Level 1:colcon.colcon_core.environment:checking '/home/josu/px4_ros2_ws/install/px4_bringup/lib'
[2.350s] Level 1:colcon.colcon_core.environment:checking '/home/josu/px4_ros2_ws/install/px4_bringup/bin'
[2.350s] Level 1:colcon.colcon_core.environment:checking '/home/josu/px4_ros2_ws/install/px4_bringup/lib/pkgconfig/px4_bringup.pc'
[2.350s] Level 1:colcon.colcon_core.environment:checking '/home/josu/px4_ros2_ws/install/px4_bringup/lib/python3.10/site-packages'
[2.350s] Level 1:colcon.colcon_core.shell:create_environment_hook('px4_bringup', 'pythonpath')
[2.350s] INFO:colcon.colcon_core.shell:Creating environment hook '/home/josu/px4_ros2_ws/install/px4_bringup/share/px4_bringup/hook/pythonpath.ps1'
[2.351s] INFO:colcon.colcon_core.shell:Creating environment descriptor '/home/josu/px4_ros2_ws/install/px4_bringup/share/px4_bringup/hook/pythonpath.dsv'
[2.351s] INFO:colcon.colcon_core.shell:Creating environment hook '/home/josu/px4_ros2_ws/install/px4_bringup/share/px4_bringup/hook/pythonpath.sh'
[2.351s] Level 1:colcon.colcon_core.environment:checking '/home/josu/px4_ros2_ws/install/px4_bringup/bin'
[2.351s] Level 1:colcon.colcon_core.environment:create_environment_scripts_only(px4_bringup)
[2.351s] INFO:colcon.colcon_core.shell:Creating package script '/home/josu/px4_ros2_ws/install/px4_bringup/share/px4_bringup/package.ps1'
[2.352s] INFO:colcon.colcon_core.shell:Creating package descriptor '/home/josu/px4_ros2_ws/install/px4_bringup/share/px4_bringup/package.dsv'
[2.352s] INFO:colcon.colcon_core.shell:Creating package script '/home/josu/px4_ros2_ws/install/px4_bringup/share/px4_bringup/package.sh'
[2.352s] INFO:colcon.colcon_core.shell:Creating package script '/home/josu/px4_ros2_ws/install/px4_bringup/share/px4_bringup/package.bash'
[2.352s] INFO:colcon.colcon_core.shell:Creating package script '/home/josu/px4_ros2_ws/install/px4_bringup/share/px4_bringup/package.zsh'
[2.352s] Level 1:colcon.colcon_core.environment:create_file_with_runtime_dependencies(/home/josu/px4_ros2_ws/install/px4_bringup/share/colcon-core/packages/px4_bringup)
[2.352s] DEBUG:colcon.colcon_parallel_executor.executor.parallel:closing loop
[2.353s] DEBUG:colcon.colcon_parallel_executor.executor.parallel:loop closed
[2.353s] DEBUG:colcon.colcon_parallel_executor.executor.parallel:run_until_complete finished with '0'
[2.353s] DEBUG:colcon.colcon_core.event_reactor:joining thread
[2.356s] INFO:colcon.colcon_core.plugin_system:Skipping extension 'colcon_notification.desktop_notification.terminal_notifier': Not used on non-Darwin systems
[2.356s] INFO:colcon.colcon_core.plugin_system:Skipping extension 'colcon_notification.desktop_notification.win32': Not used on non-Windows systems
[2.356s] INFO:colcon.colcon_notification.desktop_notification:Sending desktop notification using 'notify2'
[2.362s] DEBUG:colcon.colcon_core.event_reactor:joined thread
[2.362s] INFO:colcon.colcon_core.shell:Creating prefix script '/home/josu/px4_ros2_ws/install/local_setup.ps1'
[2.363s] INFO:colcon.colcon_core.shell:Creating prefix util module '/home/josu/px4_ros2_ws/install/_local_setup_util_ps1.py'
[2.364s] INFO:colcon.colcon_core.shell:Creating prefix chain script '/home/josu/px4_ros2_ws/install/setup.ps1'
[2.364s] INFO:colcon.colcon_core.shell:Creating prefix script '/home/josu/px4_ros2_ws/install/local_setup.sh'
[2.365s] INFO:colcon.colcon_core.shell:Creating prefix util module '/home/josu/px4_ros2_ws/install/_local_setup_util_sh.py'
[2.365s] INFO:colcon.colcon_core.shell:Creating prefix chain script '/home/josu/px4_ros2_ws/install/setup.sh'
[2.366s] INFO:colcon.colcon_core.shell:Creating prefix script '/home/josu/px4_ros2_ws/install/local_setup.bash'
[2.366s] INFO:colcon.colcon_core.shell:Creating prefix chain script '/home/josu/px4_ros2_ws/install/setup.bash'
[2.366s] INFO:colcon.colcon_core.shell:Creating prefix script '/home/josu/px4_ros2_ws/install/local_setup.zsh'
[2.367s] INFO:colcon.colcon_core.shell:Creating prefix chain script '/home/josu/px4_ros2_ws/install/setup.zsh'
