running egg_info
creating ../../../build/px4_offboard/px4_offboard.egg-info
writing ../../../build/px4_offboard/px4_offboard.egg-info/PKG-INFO
writing dependency_links to ../../../build/px4_offboard/px4_offboard.egg-info/dependency_links.txt
writing entry points to ../../../build/px4_offboard/px4_offboard.egg-info/entry_points.txt
writing requirements to ../../../build/px4_offboard/px4_offboard.egg-info/requires.txt
writing top-level names to ../../../build/px4_offboard/px4_offboard.egg-info/top_level.txt
writing manifest file '../../../build/px4_offboard/px4_offboard.egg-info/SOURCES.txt'
reading manifest file '../../../build/px4_offboard/px4_offboard.egg-info/SOURCES.txt'
writing manifest file '../../../build/px4_offboard/px4_offboard.egg-info/SOURCES.txt'
running build
running build_py
creating /home/josu/px4_ros2_ws/build/px4_offboard/build
creating /home/josu/px4_ros2_ws/build/px4_offboard/build/lib
creating /home/josu/px4_ros2_ws/build/px4_offboard/build/lib/px4_offboard
copying px4_offboard/position_offboard_control.py -> /home/josu/px4_ros2_ws/build/px4_offboard/build/lib/px4_offboard
copying px4_offboard/__init__.py -> /home/josu/px4_ros2_ws/build/px4_offboard/build/lib/px4_offboard
copying px4_offboard/teleop_keyboard.py -> /home/josu/px4_ros2_ws/build/px4_offboard/build/lib/px4_offboard
copying px4_offboard/teleop_joystick.py -> /home/josu/px4_ros2_ws/build/px4_offboard/build/lib/px4_offboard
copying px4_offboard/velocity_offboard_control.py -> /home/josu/px4_ros2_ws/build/px4_offboard/build/lib/px4_offboard
running install
running install_lib
creating /home/josu/px4_ros2_ws/install/px4_offboard/lib/python3.10/site-packages/px4_offboard
copying /home/josu/px4_ros2_ws/build/px4_offboard/build/lib/px4_offboard/position_offboard_control.py -> /home/josu/px4_ros2_ws/install/px4_offboard/lib/python3.10/site-packages/px4_offboard
copying /home/josu/px4_ros2_ws/build/px4_offboard/build/lib/px4_offboard/__init__.py -> /home/josu/px4_ros2_ws/install/px4_offboard/lib/python3.10/site-packages/px4_offboard
copying /home/josu/px4_ros2_ws/build/px4_offboard/build/lib/px4_offboard/teleop_keyboard.py -> /home/josu/px4_ros2_ws/install/px4_offboard/lib/python3.10/site-packages/px4_offboard
copying /home/josu/px4_ros2_ws/build/px4_offboard/build/lib/px4_offboard/teleop_joystick.py -> /home/josu/px4_ros2_ws/install/px4_offboard/lib/python3.10/site-packages/px4_offboard
copying /home/josu/px4_ros2_ws/build/px4_offboard/build/lib/px4_offboard/velocity_offboard_control.py -> /home/josu/px4_ros2_ws/install/px4_offboard/lib/python3.10/site-packages/px4_offboard
byte-compiling /home/josu/px4_ros2_ws/install/px4_offboard/lib/python3.10/site-packages/px4_offboard/position_offboard_control.py to position_offboard_control.cpython-310.pyc
byte-compiling /home/josu/px4_ros2_ws/install/px4_offboard/lib/python3.10/site-packages/px4_offboard/__init__.py to __init__.cpython-310.pyc
byte-compiling /home/josu/px4_ros2_ws/install/px4_offboard/lib/python3.10/site-packages/px4_offboard/teleop_keyboard.py to teleop_keyboard.cpython-310.pyc
byte-compiling /home/josu/px4_ros2_ws/install/px4_offboard/lib/python3.10/site-packages/px4_offboard/teleop_joystick.py to teleop_joystick.cpython-310.pyc
byte-compiling /home/josu/px4_ros2_ws/install/px4_offboard/lib/python3.10/site-packages/px4_offboard/velocity_offboard_control.py to velocity_offboard_control.cpython-310.pyc
running install_data
creating /home/josu/px4_ros2_ws/install/px4_offboard/share/ament_index
creating /home/josu/px4_ros2_ws/install/px4_offboard/share/ament_index/resource_index
creating /home/josu/px4_ros2_ws/install/px4_offboard/share/ament_index/resource_index/packages
copying resource/px4_offboard -> /home/josu/px4_ros2_ws/install/px4_offboard/share/ament_index/resource_index/packages
copying package.xml -> /home/josu/px4_ros2_ws/install/px4_offboard/share/px4_offboard
creating /home/josu/px4_ros2_ws/install/px4_offboard/share/px4_offboard/launch
copying launch/joystick_teleop.launch.py -> /home/josu/px4_ros2_ws/install/px4_offboard/share/px4_offboard/launch
copying launch/keyboard_teleop.launch.py -> /home/josu/px4_ros2_ws/install/px4_offboard/share/px4_offboard/launch
creating /home/josu/px4_ros2_ws/install/px4_offboard/share/px4_offboard/config
copying config/joy_config.yaml -> /home/josu/px4_ros2_ws/install/px4_offboard/share/px4_offboard/config
running install_egg_info
Copying ../../../build/px4_offboard/px4_offboard.egg-info to /home/josu/px4_ros2_ws/install/px4_offboard/lib/python3.10/site-packages/px4_offboard-0.0.1-py3.10.egg-info
running install_scripts
Installing position_offboard_control.py script to /home/josu/px4_ros2_ws/install/px4_offboard/lib/px4_offboard
Installing teleop_joystick.py script to /home/josu/px4_ros2_ws/install/px4_offboard/lib/px4_offboard
Installing teleop_keyboard.py script to /home/josu/px4_ros2_ws/install/px4_offboard/lib/px4_offboard
Installing velocity_offboard_control.py script to /home/josu/px4_ros2_ws/install/px4_offboard/lib/px4_offboard
writing list of installed files to '/home/josu/px4_ros2_ws/build/px4_offboard/install.log'
