[0.799s] Invoking command in '/home/josu/px4_ros2_ws/src/ROS2-PX4_Drone_Teleoperation_Using_Joystick/px4_offboard': PYTHONPATH=/home/josu/px4_ros2_ws/build/px4_offboard/prefix_override:/usr/lib/python3/dist-packages/colcon_core/task/python/colcon_distutils_commands:/home/josu/px4_ros2_ws/install/px4_offboard/lib/python3.10/site-packages:${PYTHONPATH} /usr/bin/python3 -W ignore:setup.py install is deprecated -W ignore:easy_install command is deprecated setup.py egg_info --egg-base ../../../build/px4_offboard build --build-base /home/josu/px4_ros2_ws/build/px4_offboard/build install --record /home/josu/px4_ros2_ws/build/px4_offboard/install.log --single-version-externally-managed install_data
[1.009s] running egg_info
[1.009s] creating ../../../build/px4_offboard/px4_offboard.egg-info
[1.017s] writing ../../../build/px4_offboard/px4_offboard.egg-info/PKG-INFO
[1.017s] writing dependency_links to ../../../build/px4_offboard/px4_offboard.egg-info/dependency_links.txt
[1.017s] writing entry points to ../../../build/px4_offboard/px4_offboard.egg-info/entry_points.txt
[1.017s] writing requirements to ../../../build/px4_offboard/px4_offboard.egg-info/requires.txt
[1.017s] writing top-level names to ../../../build/px4_offboard/px4_offboard.egg-info/top_level.txt
[1.017s] writing manifest file '../../../build/px4_offboard/px4_offboard.egg-info/SOURCES.txt'
[1.045s] reading manifest file '../../../build/px4_offboard/px4_offboard.egg-info/SOURCES.txt'
[1.045s] writing manifest file '../../../build/px4_offboard/px4_offboard.egg-info/SOURCES.txt'
[1.045s] running build
[1.045s] running build_py
[1.046s] creating /home/josu/px4_ros2_ws/build/px4_offboard/build
[1.046s] creating /home/josu/px4_ros2_ws/build/px4_offboard/build/lib
[1.046s] creating /home/josu/px4_ros2_ws/build/px4_offboard/build/lib/px4_offboard
[1.046s] copying px4_offboard/position_offboard_control.py -> /home/josu/px4_ros2_ws/build/px4_offboard/build/lib/px4_offboard
[1.046s] copying px4_offboard/__init__.py -> /home/josu/px4_ros2_ws/build/px4_offboard/build/lib/px4_offboard
[1.046s] copying px4_offboard/teleop_keyboard.py -> /home/josu/px4_ros2_ws/build/px4_offboard/build/lib/px4_offboard
[1.046s] copying px4_offboard/teleop_joystick.py -> /home/josu/px4_ros2_ws/build/px4_offboard/build/lib/px4_offboard
[1.046s] copying px4_offboard/velocity_offboard_control.py -> /home/josu/px4_ros2_ws/build/px4_offboard/build/lib/px4_offboard
[1.046s] running install
[1.050s] running install_lib
[1.058s] creating /home/josu/px4_ros2_ws/install/px4_offboard/lib/python3.10/site-packages/px4_offboard
[1.058s] copying /home/josu/px4_ros2_ws/build/px4_offboard/build/lib/px4_offboard/position_offboard_control.py -> /home/josu/px4_ros2_ws/install/px4_offboard/lib/python3.10/site-packages/px4_offboard
[1.058s] copying /home/josu/px4_ros2_ws/build/px4_offboard/build/lib/px4_offboard/__init__.py -> /home/josu/px4_ros2_ws/install/px4_offboard/lib/python3.10/site-packages/px4_offboard
[1.058s] copying /home/josu/px4_ros2_ws/build/px4_offboard/build/lib/px4_offboard/teleop_keyboard.py -> /home/josu/px4_ros2_ws/install/px4_offboard/lib/python3.10/site-packages/px4_offboard
[1.058s] copying /home/josu/px4_ros2_ws/build/px4_offboard/build/lib/px4_offboard/teleop_joystick.py -> /home/josu/px4_ros2_ws/install/px4_offboard/lib/python3.10/site-packages/px4_offboard
[1.058s] copying /home/josu/px4_ros2_ws/build/px4_offboard/build/lib/px4_offboard/velocity_offboard_control.py -> /home/josu/px4_ros2_ws/install/px4_offboard/lib/python3.10/site-packages/px4_offboard
[1.058s] byte-compiling /home/josu/px4_ros2_ws/install/px4_offboard/lib/python3.10/site-packages/px4_offboard/position_offboard_control.py to position_offboard_control.cpython-310.pyc
[1.059s] byte-compiling /home/josu/px4_ros2_ws/install/px4_offboard/lib/python3.10/site-packages/px4_offboard/__init__.py to __init__.cpython-310.pyc
[1.059s] byte-compiling /home/josu/px4_ros2_ws/install/px4_offboard/lib/python3.10/site-packages/px4_offboard/teleop_keyboard.py to teleop_keyboard.cpython-310.pyc
[1.060s] byte-compiling /home/josu/px4_ros2_ws/install/px4_offboard/lib/python3.10/site-packages/px4_offboard/teleop_joystick.py to teleop_joystick.cpython-310.pyc
[1.061s] byte-compiling /home/josu/px4_ros2_ws/install/px4_offboard/lib/python3.10/site-packages/px4_offboard/velocity_offboard_control.py to velocity_offboard_control.cpython-310.pyc
[1.061s] running install_data
[1.061s] creating /home/josu/px4_ros2_ws/install/px4_offboard/share/ament_index
[1.061s] creating /home/josu/px4_ros2_ws/install/px4_offboard/share/ament_index/resource_index
[1.062s] creating /home/josu/px4_ros2_ws/install/px4_offboard/share/ament_index/resource_index/packages
[1.062s] copying resource/px4_offboard -> /home/josu/px4_ros2_ws/install/px4_offboard/share/ament_index/resource_index/packages
[1.062s] copying package.xml -> /home/josu/px4_ros2_ws/install/px4_offboard/share/px4_offboard
[1.062s] creating /home/josu/px4_ros2_ws/install/px4_offboard/share/px4_offboard/launch
[1.062s] copying launch/joystick_teleop.launch.py -> /home/josu/px4_ros2_ws/install/px4_offboard/share/px4_offboard/launch
[1.062s] copying launch/keyboard_teleop.launch.py -> /home/josu/px4_ros2_ws/install/px4_offboard/share/px4_offboard/launch
[1.062s] creating /home/josu/px4_ros2_ws/install/px4_offboard/share/px4_offboard/config
[1.062s] copying config/joy_config.yaml -> /home/josu/px4_ros2_ws/install/px4_offboard/share/px4_offboard/config
[1.062s] running install_egg_info
[1.070s] Copying ../../../build/px4_offboard/px4_offboard.egg-info to /home/josu/px4_ros2_ws/install/px4_offboard/lib/python3.10/site-packages/px4_offboard-0.0.1-py3.10.egg-info
[1.071s] running install_scripts
[1.104s] Installing position_offboard_control.py script to /home/josu/px4_ros2_ws/install/px4_offboard/lib/px4_offboard
[1.104s] Installing teleop_joystick.py script to /home/josu/px4_ros2_ws/install/px4_offboard/lib/px4_offboard
[1.104s] Installing teleop_keyboard.py script to /home/josu/px4_ros2_ws/install/px4_offboard/lib/px4_offboard
[1.104s] Installing velocity_offboard_control.py script to /home/josu/px4_ros2_ws/install/px4_offboard/lib/px4_offboard
[1.104s] writing list of installed files to '/home/josu/px4_ros2_ws/build/px4_offboard/install.log'
[1.140s] Invoked command in '/home/josu/px4_ros2_ws/src/ROS2-PX4_Drone_Teleoperation_Using_Joystick/px4_offboard' returned '0': PYTHONPATH=/home/josu/px4_ros2_ws/build/px4_offboard/prefix_override:/usr/lib/python3/dist-packages/colcon_core/task/python/colcon_distutils_commands:/home/josu/px4_ros2_ws/install/px4_offboard/lib/python3.10/site-packages:${PYTHONPATH} /usr/bin/python3 -W ignore:setup.py install is deprecated -W ignore:easy_install command is deprecated setup.py egg_info --egg-base ../../../build/px4_offboard build --build-base /home/josu/px4_ros2_ws/build/px4_offboard/build install --record /home/josu/px4_ros2_ws/build/px4_offboard/install.log --single-version-externally-managed install_data
