[0.059s] DEBUG:colcon:Command line arguments: ['/usr/bin/colcon', 'build', '--symlink-install']
[0.059s] DEBUG:colcon:Parsed command line arguments: Namespace(log_base=None, log_level=None, verb_name='build', build_base='build', install_base='install', merge_install=False, symlink_install=True, test_result_base=None, continue_on_error=False, executor='parallel', parallel_workers=12, event_handlers=None, ignore_user_meta=False, metas=['./colcon.meta'], base_paths=['.'], packages_ignore=None, packages_ignore_regex=None, paths=None, packages_up_to=None, packages_up_to_regex=None, packages_above=None, packages_above_and_dependencies=None, packages_above_depth=None, packages_select_by_dep=None, packages_skip_by_dep=None, packages_skip_up_to=None, packages_select_build_failed=False, packages_skip_build_finished=False, packages_select_test_failures=False, packages_skip_test_passed=False, packages_select=None, packages_skip=None, packages_select_regex=None, packages_skip_regex=None, packages_start=None, packages_end=None, allow_overriding=[], cmake_args=None, cmake_target=None, cmake_target_skip_unavailable=False, cmake_clean_cache=False, cmake_clean_first=False, cmake_force_configure=False, ament_cmake_args=None, catkin_cmake_args=None, catkin_skip_building_tests=False, mixin_files=None, mixin=None, verb_parser=<colcon_mixin.mixin.mixin_argument.MixinArgumentDecorator object at 0x75f103990220>, verb_extension=<colcon_core.verb.build.BuildVerb object at 0x75f1039117b0>, main=<bound method BuildVerb.main of <colcon_core.verb.build.BuildVerb object at 0x75f1039117b0>>, mixin_verb=('build',))
[0.195s] Level 1:colcon.colcon_core.package_discovery:discover_packages(colcon_meta) check parameters
[0.195s] Level 1:colcon.colcon_core.package_discovery:discover_packages(recursive) check parameters
[0.195s] Level 1:colcon.colcon_core.package_discovery:discover_packages(ignore) check parameters
[0.195s] Level 1:colcon.colcon_core.package_discovery:discover_packages(path) check parameters
[0.195s] Level 1:colcon.colcon_core.package_discovery:discover_packages(colcon_meta) discover
[0.195s] Level 1:colcon.colcon_core.package_discovery:discover_packages(recursive) discover
[0.195s] INFO:colcon.colcon_core.package_discovery:Crawling recursively for packages in '/home/josu/px4_ros2_ws'
[0.195s] Level 1:colcon.colcon_core.package_identification:_identify(.) by extensions ['ignore', 'ignore_ament_install']
[0.195s] Level 1:colcon.colcon_core.package_identification:_identify(.) by extension 'ignore'
[0.195s] Level 1:colcon.colcon_core.package_identification:_identify(.) by extension 'ignore_ament_install'
[0.195s] Level 1:colcon.colcon_core.package_identification:_identify(.) by extensions ['colcon_pkg']
[0.195s] Level 1:colcon.colcon_core.package_identification:_identify(.) by extension 'colcon_pkg'
[0.196s] Level 1:colcon.colcon_core.package_identification:_identify(.) by extensions ['colcon_meta']
[0.196s] Level 1:colcon.colcon_core.package_identification:_identify(.) by extension 'colcon_meta'
[0.196s] Level 1:colcon.colcon_core.package_identification:_identify(.) by extensions ['ros']
[0.196s] Level 1:colcon.colcon_core.package_identification:_identify(.) by extension 'ros'
[0.211s] Level 1:colcon.colcon_core.package_identification:_identify(.) by extensions ['cmake', 'python']
[0.211s] Level 1:colcon.colcon_core.package_identification:_identify(.) by extension 'cmake'
[0.211s] Level 1:colcon.colcon_core.package_identification:_identify(.) by extension 'python'
[0.211s] Level 1:colcon.colcon_core.package_identification:_identify(.) by extensions ['python_setup_py']
[0.211s] Level 1:colcon.colcon_core.package_identification:_identify(.) by extension 'python_setup_py'
[0.211s] Level 1:colcon.colcon_core.package_identification:_identify(build) by extensions ['ignore', 'ignore_ament_install']
[0.211s] Level 1:colcon.colcon_core.package_identification:_identify(build) by extension 'ignore'
[0.211s] Level 1:colcon.colcon_core.package_identification:_identify(build) ignored
[0.211s] Level 1:colcon.colcon_core.package_identification:_identify(install) by extensions ['ignore', 'ignore_ament_install']
[0.211s] Level 1:colcon.colcon_core.package_identification:_identify(install) by extension 'ignore'
[0.211s] Level 1:colcon.colcon_core.package_identification:_identify(install) ignored
[0.211s] Level 1:colcon.colcon_core.package_identification:_identify(log) by extensions ['ignore', 'ignore_ament_install']
[0.211s] Level 1:colcon.colcon_core.package_identification:_identify(log) by extension 'ignore'
[0.211s] Level 1:colcon.colcon_core.package_identification:_identify(log) ignored
[0.211s] Level 1:colcon.colcon_core.package_identification:_identify(px4qggc) by extensions ['ignore', 'ignore_ament_install']
[0.211s] Level 1:colcon.colcon_core.package_identification:_identify(px4qggc) by extension 'ignore'
[0.211s] Level 1:colcon.colcon_core.package_identification:_identify(px4qggc) by extension 'ignore_ament_install'
[0.211s] Level 1:colcon.colcon_core.package_identification:_identify(px4qggc) by extensions ['colcon_pkg']
[0.211s] Level 1:colcon.colcon_core.package_identification:_identify(px4qggc) by extension 'colcon_pkg'
[0.211s] Level 1:colcon.colcon_core.package_identification:_identify(px4qggc) by extensions ['colcon_meta']
[0.211s] Level 1:colcon.colcon_core.package_identification:_identify(px4qggc) by extension 'colcon_meta'
[0.211s] Level 1:colcon.colcon_core.package_identification:_identify(px4qggc) by extensions ['ros']
[0.211s] Level 1:colcon.colcon_core.package_identification:_identify(px4qggc) by extension 'ros'
[0.211s] Level 1:colcon.colcon_core.package_identification:_identify(px4qggc) by extensions ['cmake', 'python']
[0.211s] Level 1:colcon.colcon_core.package_identification:_identify(px4qggc) by extension 'cmake'
[0.211s] Level 1:colcon.colcon_core.package_identification:_identify(px4qggc) by extension 'python'
[0.211s] Level 1:colcon.colcon_core.package_identification:_identify(px4qggc) by extensions ['python_setup_py']
[0.211s] Level 1:colcon.colcon_core.package_identification:_identify(px4qggc) by extension 'python_setup_py'
[0.211s] Level 1:colcon.colcon_core.package_identification:_identify(src) by extensions ['ignore', 'ignore_ament_install']
[0.211s] Level 1:colcon.colcon_core.package_identification:_identify(src) by extension 'ignore'
[0.212s] Level 1:colcon.colcon_core.package_identification:_identify(src) by extension 'ignore_ament_install'
[0.212s] Level 1:colcon.colcon_core.package_identification:_identify(src) by extensions ['colcon_pkg']
[0.212s] Level 1:colcon.colcon_core.package_identification:_identify(src) by extension 'colcon_pkg'
[0.212s] Level 1:colcon.colcon_core.package_identification:_identify(src) by extensions ['colcon_meta']
[0.212s] Level 1:colcon.colcon_core.package_identification:_identify(src) by extension 'colcon_meta'
[0.212s] Level 1:colcon.colcon_core.package_identification:_identify(src) by extensions ['ros']
[0.212s] Level 1:colcon.colcon_core.package_identification:_identify(src) by extension 'ros'
[0.212s] Level 1:colcon.colcon_core.package_identification:_identify(src) by extensions ['cmake', 'python']
[0.212s] Level 1:colcon.colcon_core.package_identification:_identify(src) by extension 'cmake'
[0.212s] Level 1:colcon.colcon_core.package_identification:_identify(src) by extension 'python'
[0.212s] Level 1:colcon.colcon_core.package_identification:_identify(src) by extensions ['python_setup_py']
[0.212s] Level 1:colcon.colcon_core.package_identification:_identify(src) by extension 'python_setup_py'
[0.212s] Level 1:colcon.colcon_core.package_identification:_identify(src/ROS2-PX4_Drone_Teleoperation_Using_Joystick) by extensions ['ignore', 'ignore_ament_install']
[0.212s] Level 1:colcon.colcon_core.package_identification:_identify(src/ROS2-PX4_Drone_Teleoperation_Using_Joystick) by extension 'ignore'
[0.212s] Level 1:colcon.colcon_core.package_identification:_identify(src/ROS2-PX4_Drone_Teleoperation_Using_Joystick) by extension 'ignore_ament_install'
[0.212s] Level 1:colcon.colcon_core.package_identification:_identify(src/ROS2-PX4_Drone_Teleoperation_Using_Joystick) by extensions ['colcon_pkg']
[0.212s] Level 1:colcon.colcon_core.package_identification:_identify(src/ROS2-PX4_Drone_Teleoperation_Using_Joystick) by extension 'colcon_pkg'
[0.212s] Level 1:colcon.colcon_core.package_identification:_identify(src/ROS2-PX4_Drone_Teleoperation_Using_Joystick) by extensions ['colcon_meta']
[0.212s] Level 1:colcon.colcon_core.package_identification:_identify(src/ROS2-PX4_Drone_Teleoperation_Using_Joystick) by extension 'colcon_meta'
[0.212s] Level 1:colcon.colcon_core.package_identification:_identify(src/ROS2-PX4_Drone_Teleoperation_Using_Joystick) by extensions ['ros']
[0.212s] Level 1:colcon.colcon_core.package_identification:_identify(src/ROS2-PX4_Drone_Teleoperation_Using_Joystick) by extension 'ros'
[0.212s] Level 1:colcon.colcon_core.package_identification:_identify(src/ROS2-PX4_Drone_Teleoperation_Using_Joystick) by extensions ['cmake', 'python']
[0.212s] Level 1:colcon.colcon_core.package_identification:_identify(src/ROS2-PX4_Drone_Teleoperation_Using_Joystick) by extension 'cmake'
[0.212s] Level 1:colcon.colcon_core.package_identification:_identify(src/ROS2-PX4_Drone_Teleoperation_Using_Joystick) by extension 'python'
[0.212s] Level 1:colcon.colcon_core.package_identification:_identify(src/ROS2-PX4_Drone_Teleoperation_Using_Joystick) by extensions ['python_setup_py']
[0.212s] Level 1:colcon.colcon_core.package_identification:_identify(src/ROS2-PX4_Drone_Teleoperation_Using_Joystick) by extension 'python_setup_py'
[0.212s] Level 1:colcon.colcon_core.package_identification:_identify(src/ROS2-PX4_Drone_Teleoperation_Using_Joystick/px4_bringup) by extensions ['ignore', 'ignore_ament_install']
[0.212s] Level 1:colcon.colcon_core.package_identification:_identify(src/ROS2-PX4_Drone_Teleoperation_Using_Joystick/px4_bringup) by extension 'ignore'
[0.212s] Level 1:colcon.colcon_core.package_identification:_identify(src/ROS2-PX4_Drone_Teleoperation_Using_Joystick/px4_bringup) by extension 'ignore_ament_install'
[0.212s] Level 1:colcon.colcon_core.package_identification:_identify(src/ROS2-PX4_Drone_Teleoperation_Using_Joystick/px4_bringup) by extensions ['colcon_pkg']
[0.212s] Level 1:colcon.colcon_core.package_identification:_identify(src/ROS2-PX4_Drone_Teleoperation_Using_Joystick/px4_bringup) by extension 'colcon_pkg'
[0.212s] Level 1:colcon.colcon_core.package_identification:_identify(src/ROS2-PX4_Drone_Teleoperation_Using_Joystick/px4_bringup) by extensions ['colcon_meta']
[0.212s] Level 1:colcon.colcon_core.package_identification:_identify(src/ROS2-PX4_Drone_Teleoperation_Using_Joystick/px4_bringup) by extension 'colcon_meta'
[0.212s] Level 1:colcon.colcon_core.package_identification:_identify(src/ROS2-PX4_Drone_Teleoperation_Using_Joystick/px4_bringup) by extensions ['ros']
[0.212s] Level 1:colcon.colcon_core.package_identification:_identify(src/ROS2-PX4_Drone_Teleoperation_Using_Joystick/px4_bringup) by extension 'ros'
[0.214s] DEBUG:colcon.colcon_core.package_identification:Package 'src/ROS2-PX4_Drone_Teleoperation_Using_Joystick/px4_bringup' with type 'ros.ament_python' and name 'px4_bringup'
[0.214s] Level 1:colcon.colcon_core.package_identification:_identify(src/ROS2-PX4_Drone_Teleoperation_Using_Joystick/px4_msgs) by extensions ['ignore', 'ignore_ament_install']
[0.214s] Level 1:colcon.colcon_core.package_identification:_identify(src/ROS2-PX4_Drone_Teleoperation_Using_Joystick/px4_msgs) by extension 'ignore'
[0.214s] Level 1:colcon.colcon_core.package_identification:_identify(src/ROS2-PX4_Drone_Teleoperation_Using_Joystick/px4_msgs) by extension 'ignore_ament_install'
[0.214s] Level 1:colcon.colcon_core.package_identification:_identify(src/ROS2-PX4_Drone_Teleoperation_Using_Joystick/px4_msgs) by extensions ['colcon_pkg']
[0.214s] Level 1:colcon.colcon_core.package_identification:_identify(src/ROS2-PX4_Drone_Teleoperation_Using_Joystick/px4_msgs) by extension 'colcon_pkg'
[0.214s] Level 1:colcon.colcon_core.package_identification:_identify(src/ROS2-PX4_Drone_Teleoperation_Using_Joystick/px4_msgs) by extensions ['colcon_meta']
[0.214s] Level 1:colcon.colcon_core.package_identification:_identify(src/ROS2-PX4_Drone_Teleoperation_Using_Joystick/px4_msgs) by extension 'colcon_meta'
[0.214s] Level 1:colcon.colcon_core.package_identification:_identify(src/ROS2-PX4_Drone_Teleoperation_Using_Joystick/px4_msgs) by extensions ['ros']
[0.214s] Level 1:colcon.colcon_core.package_identification:_identify(src/ROS2-PX4_Drone_Teleoperation_Using_Joystick/px4_msgs) by extension 'ros'
[0.214s] Level 1:colcon.colcon_core.package_identification:_identify(src/ROS2-PX4_Drone_Teleoperation_Using_Joystick/px4_msgs) by extensions ['cmake', 'python']
[0.214s] Level 1:colcon.colcon_core.package_identification:_identify(src/ROS2-PX4_Drone_Teleoperation_Using_Joystick/px4_msgs) by extension 'cmake'
[0.214s] Level 1:colcon.colcon_core.package_identification:_identify(src/ROS2-PX4_Drone_Teleoperation_Using_Joystick/px4_msgs) by extension 'python'
[0.215s] Level 1:colcon.colcon_core.package_identification:_identify(src/ROS2-PX4_Drone_Teleoperation_Using_Joystick/px4_msgs) by extensions ['python_setup_py']
[0.215s] Level 1:colcon.colcon_core.package_identification:_identify(src/ROS2-PX4_Drone_Teleoperation_Using_Joystick/px4_msgs) by extension 'python_setup_py'
[0.215s] Level 1:colcon.colcon_core.package_identification:_identify(src/ROS2-PX4_Drone_Teleoperation_Using_Joystick/px4_offboard) by extensions ['ignore', 'ignore_ament_install']
[0.215s] Level 1:colcon.colcon_core.package_identification:_identify(src/ROS2-PX4_Drone_Teleoperation_Using_Joystick/px4_offboard) by extension 'ignore'
[0.215s] Level 1:colcon.colcon_core.package_identification:_identify(src/ROS2-PX4_Drone_Teleoperation_Using_Joystick/px4_offboard) by extension 'ignore_ament_install'
[0.215s] Level 1:colcon.colcon_core.package_identification:_identify(src/ROS2-PX4_Drone_Teleoperation_Using_Joystick/px4_offboard) by extensions ['colcon_pkg']
[0.215s] Level 1:colcon.colcon_core.package_identification:_identify(src/ROS2-PX4_Drone_Teleoperation_Using_Joystick/px4_offboard) by extension 'colcon_pkg'
[0.215s] Level 1:colcon.colcon_core.package_identification:_identify(src/ROS2-PX4_Drone_Teleoperation_Using_Joystick/px4_offboard) by extensions ['colcon_meta']
[0.215s] Level 1:colcon.colcon_core.package_identification:_identify(src/ROS2-PX4_Drone_Teleoperation_Using_Joystick/px4_offboard) by extension 'colcon_meta'
[0.215s] Level 1:colcon.colcon_core.package_identification:_identify(src/ROS2-PX4_Drone_Teleoperation_Using_Joystick/px4_offboard) by extensions ['ros']
[0.215s] Level 1:colcon.colcon_core.package_identification:_identify(src/ROS2-PX4_Drone_Teleoperation_Using_Joystick/px4_offboard) by extension 'ros'
[0.215s] DEBUG:colcon.colcon_core.package_identification:Package 'src/ROS2-PX4_Drone_Teleoperation_Using_Joystick/px4_offboard' with type 'ros.ament_python' and name 'px4_offboard'
[0.215s] Level 1:colcon.colcon_core.package_identification:_identify(src/px4_avoidance) by extensions ['ignore', 'ignore_ament_install']
[0.215s] Level 1:colcon.colcon_core.package_identification:_identify(src/px4_avoidance) by extension 'ignore'
[0.215s] Level 1:colcon.colcon_core.package_identification:_identify(src/px4_avoidance) by extension 'ignore_ament_install'
[0.215s] Level 1:colcon.colcon_core.package_identification:_identify(src/px4_avoidance) by extensions ['colcon_pkg']
[0.215s] Level 1:colcon.colcon_core.package_identification:_identify(src/px4_avoidance) by extension 'colcon_pkg'
[0.216s] Level 1:colcon.colcon_core.package_identification:_identify(src/px4_avoidance) by extensions ['colcon_meta']
[0.216s] Level 1:colcon.colcon_core.package_identification:_identify(src/px4_avoidance) by extension 'colcon_meta'
[0.216s] Level 1:colcon.colcon_core.package_identification:_identify(src/px4_avoidance) by extensions ['ros']
[0.216s] Level 1:colcon.colcon_core.package_identification:_identify(src/px4_avoidance) by extension 'ros'
[0.216s] DEBUG:colcon.colcon_core.package_identification:Package 'src/px4_avoidance' with type 'ros.ament_python' and name 'px4_avoidance'
[0.216s] Level 1:colcon.colcon_core.package_identification:_identify(src/px4_msgs) by extensions ['ignore', 'ignore_ament_install']
[0.216s] Level 1:colcon.colcon_core.package_identification:_identify(src/px4_msgs) by extension 'ignore'
[0.216s] Level 1:colcon.colcon_core.package_identification:_identify(src/px4_msgs) by extension 'ignore_ament_install'
[0.216s] Level 1:colcon.colcon_core.package_identification:_identify(src/px4_msgs) by extensions ['colcon_pkg']
[0.216s] Level 1:colcon.colcon_core.package_identification:_identify(src/px4_msgs) by extension 'colcon_pkg'
[0.216s] Level 1:colcon.colcon_core.package_identification:_identify(src/px4_msgs) by extensions ['colcon_meta']
[0.216s] Level 1:colcon.colcon_core.package_identification:_identify(src/px4_msgs) by extension 'colcon_meta'
[0.216s] Level 1:colcon.colcon_core.package_identification:_identify(src/px4_msgs) by extensions ['ros']
[0.216s] Level 1:colcon.colcon_core.package_identification:_identify(src/px4_msgs) by extension 'ros'
[0.216s] DEBUG:colcon.colcon_core.package_identification:Package 'src/px4_msgs' with type 'ros.ament_cmake' and name 'px4_msgs'
[0.216s] Level 1:colcon.colcon_core.package_identification:_identify(src/px4_ros_com) by extensions ['ignore', 'ignore_ament_install']
[0.217s] Level 1:colcon.colcon_core.package_identification:_identify(src/px4_ros_com) by extension 'ignore'
[0.217s] Level 1:colcon.colcon_core.package_identification:_identify(src/px4_ros_com) by extension 'ignore_ament_install'
[0.217s] Level 1:colcon.colcon_core.package_identification:_identify(src/px4_ros_com) by extensions ['colcon_pkg']
[0.217s] Level 1:colcon.colcon_core.package_identification:_identify(src/px4_ros_com) by extension 'colcon_pkg'
[0.217s] Level 1:colcon.colcon_core.package_identification:_identify(src/px4_ros_com) by extensions ['colcon_meta']
[0.217s] Level 1:colcon.colcon_core.package_identification:_identify(src/px4_ros_com) by extension 'colcon_meta'
[0.217s] Level 1:colcon.colcon_core.package_identification:_identify(src/px4_ros_com) by extensions ['ros']
[0.217s] Level 1:colcon.colcon_core.package_identification:_identify(src/px4_ros_com) by extension 'ros'
[0.217s] DEBUG:colcon.colcon_core.package_identification:Package 'src/px4_ros_com' with type 'ros.ament_cmake' and name 'px4_ros_com'
[0.217s] Level 1:colcon.colcon_core.package_discovery:discover_packages(recursive) using defaults
[0.217s] Level 1:colcon.colcon_core.package_discovery:discover_packages(ignore) discover
[0.217s] Level 1:colcon.colcon_core.package_discovery:discover_packages(ignore) using defaults
[0.217s] Level 1:colcon.colcon_core.package_discovery:discover_packages(path) discover
[0.217s] Level 1:colcon.colcon_core.package_discovery:discover_packages(path) using defaults
[0.229s] Level 1:colcon.colcon_core.package_discovery:discover_packages(prefix_path) check parameters
[0.229s] Level 1:colcon.colcon_core.package_discovery:discover_packages(prefix_path) discover
[0.229s] WARNING:colcon.colcon_ros.prefix_path.ament:The path '/home/josu/px4_ros2_ws/install/px4_ros_com' in the environment variable AMENT_PREFIX_PATH doesn't exist
[0.229s] WARNING:colcon.colcon_ros.prefix_path.ament:The path '/home/josu/px4_ros2_ws/install/px4_bringup' in the environment variable AMENT_PREFIX_PATH doesn't exist
[0.229s] WARNING:colcon.colcon_ros.prefix_path.ament:The path '/home/josu/px4_ros2_ws/install/px4_offboard' in the environment variable AMENT_PREFIX_PATH doesn't exist
[0.229s] WARNING:colcon.colcon_ros.prefix_path.ament:The path '/home/josu/px4_ros2_ws/install/px4_msgs' in the environment variable AMENT_PREFIX_PATH doesn't exist
[0.229s] WARNING:colcon.colcon_ros.prefix_path.ament:The path '/home/josu/px4_ros2_ws/install/px4_avoidance' in the environment variable AMENT_PREFIX_PATH doesn't exist
[0.229s] WARNING:colcon.colcon_ros.prefix_path.catkin:The path '/home/josu/px4_ros2_ws/install/px4_ros_com' in the environment variable CMAKE_PREFIX_PATH doesn't exist
[0.229s] WARNING:colcon.colcon_ros.prefix_path.catkin:The path '/home/josu/px4_ros2_ws/install/px4_msgs' in the environment variable CMAKE_PREFIX_PATH doesn't exist
[0.230s] DEBUG:colcon.colcon_installed_package_information.package_discovery:Found 0 installed packages in /home/josu/px4_ros2_ws/install
[0.230s] DEBUG:colcon.colcon_installed_package_information.package_discovery:Found 282 installed packages in /opt/ros/humble
[0.231s] Level 1:colcon.colcon_core.package_discovery:discover_packages(prefix_path) using defaults
[0.249s] Level 5:colcon.colcon_core.verb:set package 'px4_avoidance' build argument 'cmake_args' from command line to 'None'
[0.249s] Level 5:colcon.colcon_core.verb:set package 'px4_avoidance' build argument 'cmake_target' from command line to 'None'
[0.249s] Level 5:colcon.colcon_core.verb:set package 'px4_avoidance' build argument 'cmake_target_skip_unavailable' from command line to 'False'
[0.249s] Level 5:colcon.colcon_core.verb:set package 'px4_avoidance' build argument 'cmake_clean_cache' from command line to 'False'
[0.249s] Level 5:colcon.colcon_core.verb:set package 'px4_avoidance' build argument 'cmake_clean_first' from command line to 'False'
[0.249s] Level 5:colcon.colcon_core.verb:set package 'px4_avoidance' build argument 'cmake_force_configure' from command line to 'False'
[0.249s] Level 5:colcon.colcon_core.verb:set package 'px4_avoidance' build argument 'ament_cmake_args' from command line to 'None'
[0.249s] Level 5:colcon.colcon_core.verb:set package 'px4_avoidance' build argument 'catkin_cmake_args' from command line to 'None'
[0.249s] Level 5:colcon.colcon_core.verb:set package 'px4_avoidance' build argument 'catkin_skip_building_tests' from command line to 'False'
[0.249s] DEBUG:colcon.colcon_core.verb:Building package 'px4_avoidance' with the following arguments: {'ament_cmake_args': None, 'build_base': '/home/josu/px4_ros2_ws/build/px4_avoidance', 'catkin_cmake_args': None, 'catkin_skip_building_tests': False, 'cmake_args': None, 'cmake_clean_cache': False, 'cmake_clean_first': False, 'cmake_force_configure': False, 'cmake_target': None, 'cmake_target_skip_unavailable': False, 'install_base': '/home/josu/px4_ros2_ws/install/px4_avoidance', 'merge_install': False, 'path': '/home/josu/px4_ros2_ws/src/px4_avoidance', 'symlink_install': True, 'test_result_base': None}
[0.250s] Level 5:colcon.colcon_core.verb:set package 'px4_msgs' build argument 'cmake_args' from command line to 'None'
[0.250s] Level 5:colcon.colcon_core.verb:set package 'px4_msgs' build argument 'cmake_target' from command line to 'None'
[0.250s] Level 5:colcon.colcon_core.verb:set package 'px4_msgs' build argument 'cmake_target_skip_unavailable' from command line to 'False'
[0.250s] Level 5:colcon.colcon_core.verb:set package 'px4_msgs' build argument 'cmake_clean_cache' from command line to 'False'
[0.250s] Level 5:colcon.colcon_core.verb:set package 'px4_msgs' build argument 'cmake_clean_first' from command line to 'False'
[0.250s] Level 5:colcon.colcon_core.verb:set package 'px4_msgs' build argument 'cmake_force_configure' from command line to 'False'
[0.250s] Level 5:colcon.colcon_core.verb:set package 'px4_msgs' build argument 'ament_cmake_args' from command line to 'None'
[0.250s] Level 5:colcon.colcon_core.verb:set package 'px4_msgs' build argument 'catkin_cmake_args' from command line to 'None'
[0.250s] Level 5:colcon.colcon_core.verb:set package 'px4_msgs' build argument 'catkin_skip_building_tests' from command line to 'False'
[0.250s] DEBUG:colcon.colcon_core.verb:Building package 'px4_msgs' with the following arguments: {'ament_cmake_args': None, 'build_base': '/home/josu/px4_ros2_ws/build/px4_msgs', 'catkin_cmake_args': None, 'catkin_skip_building_tests': False, 'cmake_args': None, 'cmake_clean_cache': False, 'cmake_clean_first': False, 'cmake_force_configure': False, 'cmake_target': None, 'cmake_target_skip_unavailable': False, 'install_base': '/home/josu/px4_ros2_ws/install/px4_msgs', 'merge_install': False, 'path': '/home/josu/px4_ros2_ws/src/px4_msgs', 'symlink_install': True, 'test_result_base': None}
[0.250s] Level 5:colcon.colcon_core.verb:set package 'px4_offboard' build argument 'cmake_args' from command line to 'None'
[0.250s] Level 5:colcon.colcon_core.verb:set package 'px4_offboard' build argument 'cmake_target' from command line to 'None'
[0.250s] Level 5:colcon.colcon_core.verb:set package 'px4_offboard' build argument 'cmake_target_skip_unavailable' from command line to 'False'
[0.250s] Level 5:colcon.colcon_core.verb:set package 'px4_offboard' build argument 'cmake_clean_cache' from command line to 'False'
[0.250s] Level 5:colcon.colcon_core.verb:set package 'px4_offboard' build argument 'cmake_clean_first' from command line to 'False'
[0.250s] Level 5:colcon.colcon_core.verb:set package 'px4_offboard' build argument 'cmake_force_configure' from command line to 'False'
[0.250s] Level 5:colcon.colcon_core.verb:set package 'px4_offboard' build argument 'ament_cmake_args' from command line to 'None'
[0.250s] Level 5:colcon.colcon_core.verb:set package 'px4_offboard' build argument 'catkin_cmake_args' from command line to 'None'
[0.250s] Level 5:colcon.colcon_core.verb:set package 'px4_offboard' build argument 'catkin_skip_building_tests' from command line to 'False'
[0.250s] DEBUG:colcon.colcon_core.verb:Building package 'px4_offboard' with the following arguments: {'ament_cmake_args': None, 'build_base': '/home/josu/px4_ros2_ws/build/px4_offboard', 'catkin_cmake_args': None, 'catkin_skip_building_tests': False, 'cmake_args': None, 'cmake_clean_cache': False, 'cmake_clean_first': False, 'cmake_force_configure': False, 'cmake_target': None, 'cmake_target_skip_unavailable': False, 'install_base': '/home/josu/px4_ros2_ws/install/px4_offboard', 'merge_install': False, 'path': '/home/josu/px4_ros2_ws/src/ROS2-PX4_Drone_Teleoperation_Using_Joystick/px4_offboard', 'symlink_install': True, 'test_result_base': None}
[0.250s] Level 5:colcon.colcon_core.verb:set package 'px4_bringup' build argument 'cmake_args' from command line to 'None'
[0.250s] Level 5:colcon.colcon_core.verb:set package 'px4_bringup' build argument 'cmake_target' from command line to 'None'
[0.250s] Level 5:colcon.colcon_core.verb:set package 'px4_bringup' build argument 'cmake_target_skip_unavailable' from command line to 'False'
[0.250s] Level 5:colcon.colcon_core.verb:set package 'px4_bringup' build argument 'cmake_clean_cache' from command line to 'False'
[0.250s] Level 5:colcon.colcon_core.verb:set package 'px4_bringup' build argument 'cmake_clean_first' from command line to 'False'
[0.250s] Level 5:colcon.colcon_core.verb:set package 'px4_bringup' build argument 'cmake_force_configure' from command line to 'False'
[0.250s] Level 5:colcon.colcon_core.verb:set package 'px4_bringup' build argument 'ament_cmake_args' from command line to 'None'
[0.250s] Level 5:colcon.colcon_core.verb:set package 'px4_bringup' build argument 'catkin_cmake_args' from command line to 'None'
[0.250s] Level 5:colcon.colcon_core.verb:set package 'px4_bringup' build argument 'catkin_skip_building_tests' from command line to 'False'
[0.250s] DEBUG:colcon.colcon_core.verb:Building package 'px4_bringup' with the following arguments: {'ament_cmake_args': None, 'build_base': '/home/josu/px4_ros2_ws/build/px4_bringup', 'catkin_cmake_args': None, 'catkin_skip_building_tests': False, 'cmake_args': None, 'cmake_clean_cache': False, 'cmake_clean_first': False, 'cmake_force_configure': False, 'cmake_target': None, 'cmake_target_skip_unavailable': False, 'install_base': '/home/josu/px4_ros2_ws/install/px4_bringup', 'merge_install': False, 'path': '/home/josu/px4_ros2_ws/src/ROS2-PX4_Drone_Teleoperation_Using_Joystick/px4_bringup', 'symlink_install': True, 'test_result_base': None}
[0.250s] Level 5:colcon.colcon_core.verb:set package 'px4_ros_com' build argument 'cmake_args' from command line to 'None'
[0.251s] Level 5:colcon.colcon_core.verb:set package 'px4_ros_com' build argument 'cmake_target' from command line to 'None'
[0.251s] Level 5:colcon.colcon_core.verb:set package 'px4_ros_com' build argument 'cmake_target_skip_unavailable' from command line to 'False'
[0.251s] Level 5:colcon.colcon_core.verb:set package 'px4_ros_com' build argument 'cmake_clean_cache' from command line to 'False'
[0.251s] Level 5:colcon.colcon_core.verb:set package 'px4_ros_com' build argument 'cmake_clean_first' from command line to 'False'
[0.251s] Level 5:colcon.colcon_core.verb:set package 'px4_ros_com' build argument 'cmake_force_configure' from command line to 'False'
[0.251s] Level 5:colcon.colcon_core.verb:set package 'px4_ros_com' build argument 'ament_cmake_args' from command line to 'None'
[0.251s] Level 5:colcon.colcon_core.verb:set package 'px4_ros_com' build argument 'catkin_cmake_args' from command line to 'None'
[0.251s] Level 5:colcon.colcon_core.verb:set package 'px4_ros_com' build argument 'catkin_skip_building_tests' from command line to 'False'
[0.251s] DEBUG:colcon.colcon_core.verb:Building package 'px4_ros_com' with the following arguments: {'ament_cmake_args': None, 'build_base': '/home/josu/px4_ros2_ws/build/px4_ros_com', 'catkin_cmake_args': None, 'catkin_skip_building_tests': False, 'cmake_args': None, 'cmake_clean_cache': False, 'cmake_clean_first': False, 'cmake_force_configure': False, 'cmake_target': None, 'cmake_target_skip_unavailable': False, 'install_base': '/home/josu/px4_ros2_ws/install/px4_ros_com', 'merge_install': False, 'path': '/home/josu/px4_ros2_ws/src/px4_ros_com', 'symlink_install': True, 'test_result_base': None}
[0.251s] INFO:colcon.colcon_core.executor:Executing jobs using 'parallel' executor
[0.251s] DEBUG:colcon.colcon_parallel_executor.executor.parallel:run_until_complete
[0.252s] INFO:colcon.colcon_ros.task.ament_cmake.build:Building ROS package in '/home/josu/px4_ros2_ws/src/px4_msgs' with build type 'ament_cmake'
[0.252s] INFO:colcon.colcon_cmake.task.cmake.build:Building CMake package in '/home/josu/px4_ros2_ws/src/px4_msgs'
[0.253s] INFO:colcon.colcon_core.plugin_system:Skipping extension 'colcon_core.shell.bat': Not used on non-Windows systems
[0.253s] INFO:colcon.colcon_core.shell:Skip shell extension 'powershell' for command environment: Not usable outside of PowerShell
[0.253s] DEBUG:colcon.colcon_core.shell:Skip shell extension 'dsv' for command environment
[0.255s] INFO:colcon.colcon_ros.task.ament_python.build:Building ROS package in '/home/josu/px4_ros2_ws/src/ROS2-PX4_Drone_Teleoperation_Using_Joystick/px4_offboard' with build type 'ament_python'
[0.255s] Level 1:colcon.colcon_core.shell:create_environment_hook('px4_offboard', 'ament_prefix_path')
[0.255s] INFO:colcon.colcon_core.shell:Creating environment hook '/home/josu/px4_ros2_ws/install/px4_offboard/share/px4_offboard/hook/ament_prefix_path.ps1'
[0.255s] INFO:colcon.colcon_core.shell:Creating environment descriptor '/home/josu/px4_ros2_ws/install/px4_offboard/share/px4_offboard/hook/ament_prefix_path.dsv'
[0.255s] INFO:colcon.colcon_core.shell:Creating environment hook '/home/josu/px4_ros2_ws/install/px4_offboard/share/px4_offboard/hook/ament_prefix_path.sh'
[0.256s] INFO:colcon.colcon_core.shell:Skip shell extension 'powershell' for command environment: Not usable outside of PowerShell
[0.256s] DEBUG:colcon.colcon_core.shell:Skip shell extension 'dsv' for command environment
[0.258s] INFO:colcon.colcon_ros.task.ament_python.build:Building ROS package in '/home/josu/px4_ros2_ws/src/px4_avoidance' with build type 'ament_python'
[0.258s] Level 1:colcon.colcon_core.shell:create_environment_hook('px4_avoidance', 'ament_prefix_path')
[0.258s] INFO:colcon.colcon_core.shell:Creating environment hook '/home/josu/px4_ros2_ws/install/px4_avoidance/share/px4_avoidance/hook/ament_prefix_path.ps1'
[0.258s] INFO:colcon.colcon_core.shell:Creating environment descriptor '/home/josu/px4_ros2_ws/install/px4_avoidance/share/px4_avoidance/hook/ament_prefix_path.dsv'
[0.258s] INFO:colcon.colcon_core.shell:Creating environment hook '/home/josu/px4_ros2_ws/install/px4_avoidance/share/px4_avoidance/hook/ament_prefix_path.sh'
[0.259s] INFO:colcon.colcon_core.shell:Skip shell extension 'powershell' for command environment: Not usable outside of PowerShell
[0.259s] DEBUG:colcon.colcon_core.shell:Skip shell extension 'dsv' for command environment
[0.263s] DEBUG:colcon.colcon_core.event_handler.log_command:Invoking command in '/home/josu/px4_ros2_ws/build/px4_msgs': CMAKE_PREFIX_PATH=${CMAKE_PREFIX_PATH}:/home/josu/px4_ros2_ws/install/px4_bringup:/home/josu/px4_ros2_ws/install/px4_offboard:/home/josu/px4_ros2_ws/install/px4_avoidance:/opt/ros/humble /usr/bin/cmake /home/josu/px4_ros2_ws/src/px4_msgs -DAMENT_CMAKE_SYMLINK_INSTALL=1 -DCMAKE_INSTALL_PREFIX=/home/josu/px4_ros2_ws/install/px4_msgs
[0.480s] INFO:colcon.colcon_core.task.python.build:Building Python package in '/home/josu/px4_ros2_ws/src/ROS2-PX4_Drone_Teleoperation_Using_Joystick/px4_offboard'
[0.480s] INFO:colcon.colcon_core.shell:Skip shell extension 'powershell' for command environment: Not usable outside of PowerShell
[0.480s] DEBUG:colcon.colcon_core.shell:Skip shell extension 'dsv' for command environment
[0.701s] INFO:colcon.colcon_core.task.python.build:Building Python package in '/home/josu/px4_ros2_ws/src/px4_avoidance'
[0.701s] INFO:colcon.colcon_core.shell:Skip shell extension 'powershell' for command environment: Not usable outside of PowerShell
[0.701s] DEBUG:colcon.colcon_core.shell:Skip shell extension 'dsv' for command environment
[1.082s] DEBUG:colcon.colcon_core.event_handler.log_command:Invoking command in '/home/josu/px4_ros2_ws/build/px4_avoidance': PYTHONPATH=/home/josu/px4_ros2_ws/build/px4_avoidance/prefix_override:/usr/lib/python3/dist-packages/colcon_core/task/python/colcon_distutils_commands:/home/josu/px4_ros2_ws/install/px4_avoidance/lib/python3.10/site-packages:${PYTHONPATH} /usr/bin/python3 -W ignore:setup.py install is deprecated -W ignore:easy_install command is deprecated setup.py develop --editable --build-directory /home/josu/px4_ros2_ws/build/px4_avoidance/build --no-deps symlink_data
[1.083s] DEBUG:colcon.colcon_core.event_handler.log_command:Invoking command in '/home/josu/px4_ros2_ws/build/px4_offboard': PYTHONPATH=/home/josu/px4_ros2_ws/build/px4_offboard/prefix_override:/usr/lib/python3/dist-packages/colcon_core/task/python/colcon_distutils_commands:/home/josu/px4_ros2_ws/install/px4_offboard/lib/python3.10/site-packages:${PYTHONPATH} /usr/bin/python3 -W ignore:setup.py install is deprecated -W ignore:easy_install command is deprecated setup.py develop --editable --build-directory /home/josu/px4_ros2_ws/build/px4_offboard/build --no-deps symlink_data
[1.543s] Level 1:colcon.colcon_core.shell:create_environment_hook('px4_avoidance', 'pythonpath_develop')
[1.543s] INFO:colcon.colcon_core.shell:Creating environment hook '/home/josu/px4_ros2_ws/build/px4_avoidance/share/px4_avoidance/hook/pythonpath_develop.ps1'
[1.544s] DEBUG:colcon.colcon_core.event_handler.log_command:Invoked command in '/home/josu/px4_ros2_ws/build/px4_avoidance' returned '0': PYTHONPATH=/home/josu/px4_ros2_ws/build/px4_avoidance/prefix_override:/usr/lib/python3/dist-packages/colcon_core/task/python/colcon_distutils_commands:/home/josu/px4_ros2_ws/install/px4_avoidance/lib/python3.10/site-packages:${PYTHONPATH} /usr/bin/python3 -W ignore:setup.py install is deprecated -W ignore:easy_install command is deprecated setup.py develop --editable --build-directory /home/josu/px4_ros2_ws/build/px4_avoidance/build --no-deps symlink_data
[1.544s] INFO:colcon.colcon_core.shell:Creating environment descriptor '/home/josu/px4_ros2_ws/build/px4_avoidance/share/px4_avoidance/hook/pythonpath_develop.dsv'
[1.544s] INFO:colcon.colcon_core.shell:Creating environment hook '/home/josu/px4_ros2_ws/build/px4_avoidance/share/px4_avoidance/hook/pythonpath_develop.sh'
[1.547s] Level 1:colcon.colcon_core.environment:checking '/home/josu/px4_ros2_ws/install/px4_avoidance' for CMake module files
[1.548s] Level 1:colcon.colcon_core.environment:checking '/home/josu/px4_ros2_ws/install/px4_avoidance' for CMake config files
[1.548s] Level 1:colcon.colcon_core.environment:checking '/home/josu/px4_ros2_ws/install/px4_avoidance/lib'
[1.548s] Level 1:colcon.colcon_core.environment:checking '/home/josu/px4_ros2_ws/install/px4_avoidance/bin'
[1.548s] Level 1:colcon.colcon_core.environment:checking '/home/josu/px4_ros2_ws/install/px4_avoidance/lib/pkgconfig/px4_avoidance.pc'
[1.548s] Level 1:colcon.colcon_core.environment:checking '/home/josu/px4_ros2_ws/install/px4_avoidance/lib/python3.10/site-packages'
[1.548s] Level 1:colcon.colcon_core.shell:create_environment_hook('px4_avoidance', 'pythonpath')
[1.548s] INFO:colcon.colcon_core.shell:Creating environment hook '/home/josu/px4_ros2_ws/install/px4_avoidance/share/px4_avoidance/hook/pythonpath.ps1'
[1.549s] INFO:colcon.colcon_core.shell:Creating environment descriptor '/home/josu/px4_ros2_ws/install/px4_avoidance/share/px4_avoidance/hook/pythonpath.dsv'
[1.549s] INFO:colcon.colcon_core.shell:Creating environment hook '/home/josu/px4_ros2_ws/install/px4_avoidance/share/px4_avoidance/hook/pythonpath.sh'
[1.549s] Level 1:colcon.colcon_core.environment:checking '/home/josu/px4_ros2_ws/install/px4_avoidance/bin'
[1.549s] Level 1:colcon.colcon_core.environment:create_environment_scripts_only(px4_avoidance)
[1.549s] INFO:colcon.colcon_core.shell:Creating package script '/home/josu/px4_ros2_ws/install/px4_avoidance/share/px4_avoidance/package.ps1'
[1.550s] INFO:colcon.colcon_core.shell:Creating package descriptor '/home/josu/px4_ros2_ws/install/px4_avoidance/share/px4_avoidance/package.dsv'
[1.550s] INFO:colcon.colcon_core.shell:Creating package script '/home/josu/px4_ros2_ws/install/px4_avoidance/share/px4_avoidance/package.sh'
[1.551s] INFO:colcon.colcon_core.shell:Creating package script '/home/josu/px4_ros2_ws/install/px4_avoidance/share/px4_avoidance/package.bash'
[1.551s] INFO:colcon.colcon_core.shell:Creating package script '/home/josu/px4_ros2_ws/install/px4_avoidance/share/px4_avoidance/package.zsh'
[1.552s] Level 1:colcon.colcon_core.environment:create_file_with_runtime_dependencies(/home/josu/px4_ros2_ws/install/px4_avoidance/share/colcon-core/packages/px4_avoidance)
[1.552s] Level 1:colcon.colcon_core.shell:create_environment_hook('px4_offboard', 'pythonpath_develop')
[1.552s] INFO:colcon.colcon_core.shell:Creating environment hook '/home/josu/px4_ros2_ws/build/px4_offboard/share/px4_offboard/hook/pythonpath_develop.ps1'
[1.553s] INFO:colcon.colcon_core.shell:Creating environment descriptor '/home/josu/px4_ros2_ws/build/px4_offboard/share/px4_offboard/hook/pythonpath_develop.dsv'
[1.553s] INFO:colcon.colcon_core.shell:Creating environment hook '/home/josu/px4_ros2_ws/build/px4_offboard/share/px4_offboard/hook/pythonpath_develop.sh'
[1.553s] DEBUG:colcon.colcon_core.event_handler.log_command:Invoked command in '/home/josu/px4_ros2_ws/build/px4_offboard' returned '0': PYTHONPATH=/home/josu/px4_ros2_ws/build/px4_offboard/prefix_override:/usr/lib/python3/dist-packages/colcon_core/task/python/colcon_distutils_commands:/home/josu/px4_ros2_ws/install/px4_offboard/lib/python3.10/site-packages:${PYTHONPATH} /usr/bin/python3 -W ignore:setup.py install is deprecated -W ignore:easy_install command is deprecated setup.py develop --editable --build-directory /home/josu/px4_ros2_ws/build/px4_offboard/build --no-deps symlink_data
[1.553s] Level 1:colcon.colcon_core.environment:checking '/home/josu/px4_ros2_ws/install/px4_offboard' for CMake module files
[1.554s] Level 1:colcon.colcon_core.environment:checking '/home/josu/px4_ros2_ws/install/px4_offboard' for CMake config files
[1.554s] Level 1:colcon.colcon_core.environment:checking '/home/josu/px4_ros2_ws/install/px4_offboard/lib'
[1.554s] Level 1:colcon.colcon_core.environment:checking '/home/josu/px4_ros2_ws/install/px4_offboard/bin'
[1.554s] Level 1:colcon.colcon_core.environment:checking '/home/josu/px4_ros2_ws/install/px4_offboard/lib/pkgconfig/px4_offboard.pc'
[1.554s] Level 1:colcon.colcon_core.environment:checking '/home/josu/px4_ros2_ws/install/px4_offboard/lib/python3.10/site-packages'
[1.554s] Level 1:colcon.colcon_core.shell:create_environment_hook('px4_offboard', 'pythonpath')
[1.554s] INFO:colcon.colcon_core.shell:Creating environment hook '/home/josu/px4_ros2_ws/install/px4_offboard/share/px4_offboard/hook/pythonpath.ps1'
[1.554s] INFO:colcon.colcon_core.shell:Creating environment descriptor '/home/josu/px4_ros2_ws/install/px4_offboard/share/px4_offboard/hook/pythonpath.dsv'
[1.555s] INFO:colcon.colcon_core.shell:Creating environment hook '/home/josu/px4_ros2_ws/install/px4_offboard/share/px4_offboard/hook/pythonpath.sh'
[1.555s] Level 1:colcon.colcon_core.environment:checking '/home/josu/px4_ros2_ws/install/px4_offboard/bin'
[1.555s] Level 1:colcon.colcon_core.environment:create_environment_scripts_only(px4_offboard)
[1.555s] INFO:colcon.colcon_core.shell:Creating package script '/home/josu/px4_ros2_ws/install/px4_offboard/share/px4_offboard/package.ps1'
[1.555s] INFO:colcon.colcon_core.shell:Creating package descriptor '/home/josu/px4_ros2_ws/install/px4_offboard/share/px4_offboard/package.dsv'
[1.556s] INFO:colcon.colcon_core.shell:Creating package script '/home/josu/px4_ros2_ws/install/px4_offboard/share/px4_offboard/package.sh'
[1.556s] INFO:colcon.colcon_core.shell:Creating package script '/home/josu/px4_ros2_ws/install/px4_offboard/share/px4_offboard/package.bash'
[1.556s] INFO:colcon.colcon_core.shell:Creating package script '/home/josu/px4_ros2_ws/install/px4_offboard/share/px4_offboard/package.zsh'
[1.556s] Level 1:colcon.colcon_core.environment:create_file_with_runtime_dependencies(/home/josu/px4_ros2_ws/install/px4_offboard/share/colcon-core/packages/px4_offboard)
[2.763s] DEBUG:colcon.colcon_core.event_handler.log_command:Invoked command in '/home/josu/px4_ros2_ws/build/px4_msgs' returned '0': CMAKE_PREFIX_PATH=${CMAKE_PREFIX_PATH}:/home/josu/px4_ros2_ws/install/px4_bringup:/home/josu/px4_ros2_ws/install/px4_offboard:/home/josu/px4_ros2_ws/install/px4_avoidance:/opt/ros/humble /usr/bin/cmake /home/josu/px4_ros2_ws/src/px4_msgs -DAMENT_CMAKE_SYMLINK_INSTALL=1 -DCMAKE_INSTALL_PREFIX=/home/josu/px4_ros2_ws/install/px4_msgs
[2.764s] DEBUG:colcon.colcon_core.event_handler.log_command:Invoking command in '/home/josu/px4_ros2_ws/build/px4_msgs': CMAKE_PREFIX_PATH=${CMAKE_PREFIX_PATH}:/home/josu/px4_ros2_ws/install/px4_bringup:/home/josu/px4_ros2_ws/install/px4_offboard:/home/josu/px4_ros2_ws/install/px4_avoidance:/opt/ros/humble /usr/bin/cmake --build /home/josu/px4_ros2_ws/build/px4_msgs -- -j12 -l12
[139.227s] DEBUG:colcon.colcon_core.event_handler.log_command:Invoked command in '/home/josu/px4_ros2_ws/build/px4_msgs' returned '0': CMAKE_PREFIX_PATH=${CMAKE_PREFIX_PATH}:/home/josu/px4_ros2_ws/install/px4_bringup:/home/josu/px4_ros2_ws/install/px4_offboard:/home/josu/px4_ros2_ws/install/px4_avoidance:/opt/ros/humble /usr/bin/cmake --build /home/josu/px4_ros2_ws/build/px4_msgs -- -j12 -l12
[139.233s] DEBUG:colcon.colcon_core.event_handler.log_command:Invoking command in '/home/josu/px4_ros2_ws/build/px4_msgs': CMAKE_PREFIX_PATH=${CMAKE_PREFIX_PATH}:/home/josu/px4_ros2_ws/install/px4_bringup:/home/josu/px4_ros2_ws/install/px4_offboard:/home/josu/px4_ros2_ws/install/px4_avoidance:/opt/ros/humble /usr/bin/cmake --install /home/josu/px4_ros2_ws/build/px4_msgs
[164.763s] Level 1:colcon.colcon_core.environment:create_environment_scripts_only(px4_msgs)
[164.764s] Level 1:colcon.colcon_core.environment:checking '/home/josu/px4_ros2_ws/install/px4_msgs' for CMake module files
[164.764s] DEBUG:colcon.colcon_core.event_handler.log_command:Invoked command in '/home/josu/px4_ros2_ws/build/px4_msgs' returned '0': CMAKE_PREFIX_PATH=${CMAKE_PREFIX_PATH}:/home/josu/px4_ros2_ws/install/px4_bringup:/home/josu/px4_ros2_ws/install/px4_offboard:/home/josu/px4_ros2_ws/install/px4_avoidance:/opt/ros/humble /usr/bin/cmake --install /home/josu/px4_ros2_ws/build/px4_msgs
[164.764s] Level 1:colcon.colcon_core.environment:checking '/home/josu/px4_ros2_ws/install/px4_msgs' for CMake config files
[164.767s] Level 1:colcon.colcon_core.shell:create_environment_hook('px4_msgs', 'cmake_prefix_path')
[164.767s] INFO:colcon.colcon_core.shell:Creating environment hook '/home/josu/px4_ros2_ws/install/px4_msgs/share/px4_msgs/hook/cmake_prefix_path.ps1'
[164.768s] INFO:colcon.colcon_core.shell:Creating environment descriptor '/home/josu/px4_ros2_ws/install/px4_msgs/share/px4_msgs/hook/cmake_prefix_path.dsv'
[164.768s] INFO:colcon.colcon_core.shell:Creating environment hook '/home/josu/px4_ros2_ws/install/px4_msgs/share/px4_msgs/hook/cmake_prefix_path.sh'
[164.768s] Level 1:colcon.colcon_core.environment:checking '/home/josu/px4_ros2_ws/install/px4_msgs/lib'
[164.768s] Level 1:colcon.colcon_core.shell:create_environment_hook('px4_msgs', 'ld_library_path_lib')
[164.768s] INFO:colcon.colcon_core.shell:Creating environment hook '/home/josu/px4_ros2_ws/install/px4_msgs/share/px4_msgs/hook/ld_library_path_lib.ps1'
[164.769s] INFO:colcon.colcon_core.shell:Creating environment descriptor '/home/josu/px4_ros2_ws/install/px4_msgs/share/px4_msgs/hook/ld_library_path_lib.dsv'
[164.769s] INFO:colcon.colcon_core.shell:Creating environment hook '/home/josu/px4_ros2_ws/install/px4_msgs/share/px4_msgs/hook/ld_library_path_lib.sh'
[164.769s] Level 1:colcon.colcon_core.environment:checking '/home/josu/px4_ros2_ws/install/px4_msgs/bin'
[164.769s] Level 1:colcon.colcon_core.environment:checking '/home/josu/px4_ros2_ws/install/px4_msgs/lib/pkgconfig/px4_msgs.pc'
[164.769s] Level 1:colcon.colcon_core.environment:checking '/home/josu/px4_ros2_ws/install/px4_msgs/lib/python3.10/site-packages'
[164.769s] Level 1:colcon.colcon_core.environment:checking '/home/josu/px4_ros2_ws/install/px4_msgs/bin'
[164.769s] INFO:colcon.colcon_core.shell:Creating package script '/home/josu/px4_ros2_ws/install/px4_msgs/share/px4_msgs/package.ps1'
[164.770s] INFO:colcon.colcon_core.shell:Creating package descriptor '/home/josu/px4_ros2_ws/install/px4_msgs/share/px4_msgs/package.dsv'
[164.770s] INFO:colcon.colcon_core.shell:Creating package script '/home/josu/px4_ros2_ws/install/px4_msgs/share/px4_msgs/package.sh'
[164.770s] INFO:colcon.colcon_core.shell:Creating package script '/home/josu/px4_ros2_ws/install/px4_msgs/share/px4_msgs/package.bash'
[164.770s] INFO:colcon.colcon_core.shell:Creating package script '/home/josu/px4_ros2_ws/install/px4_msgs/share/px4_msgs/package.zsh'
[164.770s] Level 1:colcon.colcon_core.environment:create_file_with_runtime_dependencies(/home/josu/px4_ros2_ws/install/px4_msgs/share/colcon-core/packages/px4_msgs)
[164.771s] Level 1:colcon.colcon_core.environment:create_environment_scripts_only(px4_msgs)
[164.771s] Level 1:colcon.colcon_core.environment:checking '/home/josu/px4_ros2_ws/install/px4_msgs' for CMake module files
[164.771s] Level 1:colcon.colcon_core.environment:checking '/home/josu/px4_ros2_ws/install/px4_msgs' for CMake config files
[164.772s] Level 1:colcon.colcon_core.shell:create_environment_hook('px4_msgs', 'cmake_prefix_path')
[164.772s] INFO:colcon.colcon_core.shell:Creating environment hook '/home/josu/px4_ros2_ws/install/px4_msgs/share/px4_msgs/hook/cmake_prefix_path.ps1'
[164.773s] INFO:colcon.colcon_core.shell:Creating environment descriptor '/home/josu/px4_ros2_ws/install/px4_msgs/share/px4_msgs/hook/cmake_prefix_path.dsv'
[164.773s] INFO:colcon.colcon_core.shell:Creating environment hook '/home/josu/px4_ros2_ws/install/px4_msgs/share/px4_msgs/hook/cmake_prefix_path.sh'
[164.773s] Level 1:colcon.colcon_core.environment:checking '/home/josu/px4_ros2_ws/install/px4_msgs/lib'
[164.773s] Level 1:colcon.colcon_core.shell:create_environment_hook('px4_msgs', 'ld_library_path_lib')
[164.773s] INFO:colcon.colcon_core.shell:Creating environment hook '/home/josu/px4_ros2_ws/install/px4_msgs/share/px4_msgs/hook/ld_library_path_lib.ps1'
[164.773s] INFO:colcon.colcon_core.shell:Creating environment descriptor '/home/josu/px4_ros2_ws/install/px4_msgs/share/px4_msgs/hook/ld_library_path_lib.dsv'
[164.773s] INFO:colcon.colcon_core.shell:Creating environment hook '/home/josu/px4_ros2_ws/install/px4_msgs/share/px4_msgs/hook/ld_library_path_lib.sh'
[164.774s] Level 1:colcon.colcon_core.environment:checking '/home/josu/px4_ros2_ws/install/px4_msgs/bin'
[164.774s] Level 1:colcon.colcon_core.environment:checking '/home/josu/px4_ros2_ws/install/px4_msgs/lib/pkgconfig/px4_msgs.pc'
[164.774s] Level 1:colcon.colcon_core.environment:checking '/home/josu/px4_ros2_ws/install/px4_msgs/lib/python3.10/site-packages'
[164.774s] Level 1:colcon.colcon_core.environment:checking '/home/josu/px4_ros2_ws/install/px4_msgs/bin'
[164.774s] INFO:colcon.colcon_core.shell:Creating package script '/home/josu/px4_ros2_ws/install/px4_msgs/share/px4_msgs/package.ps1'
[164.774s] INFO:colcon.colcon_core.shell:Creating package descriptor '/home/josu/px4_ros2_ws/install/px4_msgs/share/px4_msgs/package.dsv'
[164.775s] INFO:colcon.colcon_core.shell:Creating package script '/home/josu/px4_ros2_ws/install/px4_msgs/share/px4_msgs/package.sh'
[164.775s] INFO:colcon.colcon_core.shell:Creating package script '/home/josu/px4_ros2_ws/install/px4_msgs/share/px4_msgs/package.bash'
[164.775s] INFO:colcon.colcon_core.shell:Creating package script '/home/josu/px4_ros2_ws/install/px4_msgs/share/px4_msgs/package.zsh'
[164.775s] Level 1:colcon.colcon_core.environment:create_file_with_runtime_dependencies(/home/josu/px4_ros2_ws/install/px4_msgs/share/colcon-core/packages/px4_msgs)
[164.776s] INFO:colcon.colcon_ros.task.ament_python.build:Building ROS package in '/home/josu/px4_ros2_ws/src/ROS2-PX4_Drone_Teleoperation_Using_Joystick/px4_bringup' with build type 'ament_python'
[164.776s] Level 1:colcon.colcon_core.shell:create_environment_hook('px4_bringup', 'ament_prefix_path')
[164.776s] INFO:colcon.colcon_core.shell:Creating environment hook '/home/josu/px4_ros2_ws/install/px4_bringup/share/px4_bringup/hook/ament_prefix_path.ps1'
[164.776s] INFO:colcon.colcon_core.shell:Creating environment descriptor '/home/josu/px4_ros2_ws/install/px4_bringup/share/px4_bringup/hook/ament_prefix_path.dsv'
[164.777s] INFO:colcon.colcon_core.shell:Creating environment hook '/home/josu/px4_ros2_ws/install/px4_bringup/share/px4_bringup/hook/ament_prefix_path.sh'
[164.777s] INFO:colcon.colcon_core.shell:Skip shell extension 'powershell' for command environment: Not usable outside of PowerShell
[164.777s] DEBUG:colcon.colcon_core.shell:Skip shell extension 'dsv' for command environment
[164.779s] INFO:colcon.colcon_ros.task.ament_cmake.build:Building ROS package in '/home/josu/px4_ros2_ws/src/px4_ros_com' with build type 'ament_cmake'
[164.779s] INFO:colcon.colcon_cmake.task.cmake.build:Building CMake package in '/home/josu/px4_ros2_ws/src/px4_ros_com'
[164.779s] INFO:colcon.colcon_core.shell:Skip shell extension 'powershell' for command environment: Not usable outside of PowerShell
[164.779s] DEBUG:colcon.colcon_core.shell:Skip shell extension 'dsv' for command environment
[164.996s] INFO:colcon.colcon_core.task.python.build:Building Python package in '/home/josu/px4_ros2_ws/src/ROS2-PX4_Drone_Teleoperation_Using_Joystick/px4_bringup'
[164.996s] INFO:colcon.colcon_core.shell:Skip shell extension 'powershell' for command environment: Not usable outside of PowerShell
[164.996s] DEBUG:colcon.colcon_core.shell:Skip shell extension 'dsv' for command environment
[164.999s] DEBUG:colcon.colcon_core.event_handler.log_command:Invoking command in '/home/josu/px4_ros2_ws/build/px4_ros_com': CMAKE_PREFIX_PATH=/home/josu/px4_ros2_ws/install/px4_msgs:/home/josu/px4_ros2_ws/install/px4_ros_com:/home/josu/px4_ros2_ws/install/px4_bringup:/home/josu/px4_ros2_ws/install/px4_offboard:/home/josu/px4_ros2_ws/install/px4_avoidance:/opt/ros/humble LD_LIBRARY_PATH=/home/josu/px4_ros2_ws/install/px4_msgs/lib:/home/josu/px4_ros2_ws/install/px4_ros_com/lib:/opt/ros/humble/opt/rviz_ogre_vendor/lib:/opt/ros/humble/lib/x86_64-linux-gnu:/opt/ros/humble/lib /usr/bin/cmake /home/josu/px4_ros2_ws/src/px4_ros_com -DAMENT_CMAKE_SYMLINK_INSTALL=1 -DCMAKE_INSTALL_PREFIX=/home/josu/px4_ros2_ws/install/px4_ros_com
[165.352s] DEBUG:colcon.colcon_core.event_handler.log_command:Invoking command in '/home/josu/px4_ros2_ws/build/px4_bringup': AMENT_PREFIX_PATH=/home/josu/px4_ros2_ws/install/px4_offboard:/home/josu/px4_ros2_ws/install/px4_ros_com:/home/josu/px4_ros2_ws/install/px4_bringup:/home/josu/px4_ros2_ws/install/px4_msgs:/home/josu/px4_ros2_ws/install/px4_avoidance:/opt/ros/humble CMAKE_PREFIX_PATH=/home/josu/px4_ros2_ws/install/px4_msgs:/home/josu/px4_ros2_ws/install/px4_ros_com LD_LIBRARY_PATH=/home/josu/px4_ros2_ws/install/px4_msgs/lib:/home/josu/px4_ros2_ws/install/px4_ros_com/lib:/opt/ros/humble/opt/rviz_ogre_vendor/lib:/opt/ros/humble/lib/x86_64-linux-gnu:/opt/ros/humble/lib PYTHONPATH=/home/josu/px4_ros2_ws/build/px4_bringup/prefix_override:/usr/lib/python3/dist-packages/colcon_core/task/python/colcon_distutils_commands:/home/josu/px4_ros2_ws/install/px4_bringup/lib/python3.10/site-packages:/home/josu/px4_ros2_ws/build/px4_offboard:/home/josu/px4_ros2_ws/install/px4_offboard/lib/python3.10/site-packages:/home/josu/px4_ros2_ws/install/px4_ros_com/local/lib/python3.10/dist-packages:/home/josu/px4_ros2_ws/install/px4_bringup/lib/python3.10/site-packages:/home/josu/px4_ros2_ws/install/px4_msgs/local/lib/python3.10/dist-packages:/home/josu/px4_ros2_ws/install/px4_avoidance/lib/python3.10/site-packages:/opt/ros/humble/lib/python3.10/site-packages:/opt/ros/humble/local/lib/python3.10/dist-packages /usr/bin/python3 -W ignore:setup.py install is deprecated -W ignore:easy_install command is deprecated setup.py develop --editable --build-directory /home/josu/px4_ros2_ws/build/px4_bringup/build --no-deps symlink_data
[165.778s] Level 1:colcon.colcon_core.shell:create_environment_hook('px4_bringup', 'pythonpath_develop')
[165.779s] INFO:colcon.colcon_core.shell:Creating environment hook '/home/josu/px4_ros2_ws/build/px4_bringup/share/px4_bringup/hook/pythonpath_develop.ps1'
[165.779s] DEBUG:colcon.colcon_core.event_handler.log_command:Invoked command in '/home/josu/px4_ros2_ws/build/px4_bringup' returned '0': AMENT_PREFIX_PATH=/home/josu/px4_ros2_ws/install/px4_offboard:/home/josu/px4_ros2_ws/install/px4_ros_com:/home/josu/px4_ros2_ws/install/px4_bringup:/home/josu/px4_ros2_ws/install/px4_msgs:/home/josu/px4_ros2_ws/install/px4_avoidance:/opt/ros/humble CMAKE_PREFIX_PATH=/home/josu/px4_ros2_ws/install/px4_msgs:/home/josu/px4_ros2_ws/install/px4_ros_com LD_LIBRARY_PATH=/home/josu/px4_ros2_ws/install/px4_msgs/lib:/home/josu/px4_ros2_ws/install/px4_ros_com/lib:/opt/ros/humble/opt/rviz_ogre_vendor/lib:/opt/ros/humble/lib/x86_64-linux-gnu:/opt/ros/humble/lib PYTHONPATH=/home/josu/px4_ros2_ws/build/px4_bringup/prefix_override:/usr/lib/python3/dist-packages/colcon_core/task/python/colcon_distutils_commands:/home/josu/px4_ros2_ws/install/px4_bringup/lib/python3.10/site-packages:/home/josu/px4_ros2_ws/build/px4_offboard:/home/josu/px4_ros2_ws/install/px4_offboard/lib/python3.10/site-packages:/home/josu/px4_ros2_ws/install/px4_ros_com/local/lib/python3.10/dist-packages:/home/josu/px4_ros2_ws/install/px4_bringup/lib/python3.10/site-packages:/home/josu/px4_ros2_ws/install/px4_msgs/local/lib/python3.10/dist-packages:/home/josu/px4_ros2_ws/install/px4_avoidance/lib/python3.10/site-packages:/opt/ros/humble/lib/python3.10/site-packages:/opt/ros/humble/local/lib/python3.10/dist-packages /usr/bin/python3 -W ignore:setup.py install is deprecated -W ignore:easy_install command is deprecated setup.py develop --editable --build-directory /home/josu/px4_ros2_ws/build/px4_bringup/build --no-deps symlink_data
[165.779s] INFO:colcon.colcon_core.shell:Creating environment descriptor '/home/josu/px4_ros2_ws/build/px4_bringup/share/px4_bringup/hook/pythonpath_develop.dsv'
[165.779s] INFO:colcon.colcon_core.shell:Creating environment hook '/home/josu/px4_ros2_ws/build/px4_bringup/share/px4_bringup/hook/pythonpath_develop.sh'
[165.780s] Level 1:colcon.colcon_core.environment:checking '/home/josu/px4_ros2_ws/install/px4_bringup' for CMake module files
[165.780s] Level 1:colcon.colcon_core.environment:checking '/home/josu/px4_ros2_ws/install/px4_bringup' for CMake config files
[165.780s] Level 1:colcon.colcon_core.environment:checking '/home/josu/px4_ros2_ws/install/px4_bringup/lib'
[165.780s] Level 1:colcon.colcon_core.environment:checking '/home/josu/px4_ros2_ws/install/px4_bringup/bin'
[165.780s] Level 1:colcon.colcon_core.environment:checking '/home/josu/px4_ros2_ws/install/px4_bringup/lib/pkgconfig/px4_bringup.pc'
[165.780s] Level 1:colcon.colcon_core.environment:checking '/home/josu/px4_ros2_ws/install/px4_bringup/lib/python3.10/site-packages'
[165.780s] Level 1:colcon.colcon_core.shell:create_environment_hook('px4_bringup', 'pythonpath')
[165.780s] INFO:colcon.colcon_core.shell:Creating environment hook '/home/josu/px4_ros2_ws/install/px4_bringup/share/px4_bringup/hook/pythonpath.ps1'
[165.781s] INFO:colcon.colcon_core.shell:Creating environment descriptor '/home/josu/px4_ros2_ws/install/px4_bringup/share/px4_bringup/hook/pythonpath.dsv'
[165.781s] INFO:colcon.colcon_core.shell:Creating environment hook '/home/josu/px4_ros2_ws/install/px4_bringup/share/px4_bringup/hook/pythonpath.sh'
[165.781s] Level 1:colcon.colcon_core.environment:checking '/home/josu/px4_ros2_ws/install/px4_bringup/bin'
[165.781s] Level 1:colcon.colcon_core.environment:create_environment_scripts_only(px4_bringup)
[165.781s] INFO:colcon.colcon_core.shell:Creating package script '/home/josu/px4_ros2_ws/install/px4_bringup/share/px4_bringup/package.ps1'
[165.782s] INFO:colcon.colcon_core.shell:Creating package descriptor '/home/josu/px4_ros2_ws/install/px4_bringup/share/px4_bringup/package.dsv'
[165.782s] INFO:colcon.colcon_core.shell:Creating package script '/home/josu/px4_ros2_ws/install/px4_bringup/share/px4_bringup/package.sh'
[165.782s] INFO:colcon.colcon_core.shell:Creating package script '/home/josu/px4_ros2_ws/install/px4_bringup/share/px4_bringup/package.bash'
[165.782s] INFO:colcon.colcon_core.shell:Creating package script '/home/josu/px4_ros2_ws/install/px4_bringup/share/px4_bringup/package.zsh'
[165.782s] Level 1:colcon.colcon_core.environment:create_file_with_runtime_dependencies(/home/josu/px4_ros2_ws/install/px4_bringup/share/colcon-core/packages/px4_bringup)
[166.233s] DEBUG:colcon.colcon_core.event_handler.log_command:Invoked command in '/home/josu/px4_ros2_ws/build/px4_ros_com' returned '0': CMAKE_PREFIX_PATH=/home/josu/px4_ros2_ws/install/px4_msgs:/home/josu/px4_ros2_ws/install/px4_ros_com:/home/josu/px4_ros2_ws/install/px4_bringup:/home/josu/px4_ros2_ws/install/px4_offboard:/home/josu/px4_ros2_ws/install/px4_avoidance:/opt/ros/humble LD_LIBRARY_PATH=/home/josu/px4_ros2_ws/install/px4_msgs/lib:/home/josu/px4_ros2_ws/install/px4_ros_com/lib:/opt/ros/humble/opt/rviz_ogre_vendor/lib:/opt/ros/humble/lib/x86_64-linux-gnu:/opt/ros/humble/lib /usr/bin/cmake /home/josu/px4_ros2_ws/src/px4_ros_com -DAMENT_CMAKE_SYMLINK_INSTALL=1 -DCMAKE_INSTALL_PREFIX=/home/josu/px4_ros2_ws/install/px4_ros_com
[166.233s] DEBUG:colcon.colcon_core.event_handler.log_command:Invoking command in '/home/josu/px4_ros2_ws/build/px4_ros_com': CMAKE_PREFIX_PATH=/home/josu/px4_ros2_ws/install/px4_msgs:/home/josu/px4_ros2_ws/install/px4_ros_com:/home/josu/px4_ros2_ws/install/px4_bringup:/home/josu/px4_ros2_ws/install/px4_offboard:/home/josu/px4_ros2_ws/install/px4_avoidance:/opt/ros/humble LD_LIBRARY_PATH=/home/josu/px4_ros2_ws/install/px4_msgs/lib:/home/josu/px4_ros2_ws/install/px4_ros_com/lib:/opt/ros/humble/opt/rviz_ogre_vendor/lib:/opt/ros/humble/lib/x86_64-linux-gnu:/opt/ros/humble/lib /usr/bin/cmake --build /home/josu/px4_ros2_ws/build/px4_ros_com -- -j12 -l12
[173.115s] DEBUG:colcon.colcon_core.event_handler.log_command:Invoked command in '/home/josu/px4_ros2_ws/build/px4_ros_com' returned '0': CMAKE_PREFIX_PATH=/home/josu/px4_ros2_ws/install/px4_msgs:/home/josu/px4_ros2_ws/install/px4_ros_com:/home/josu/px4_ros2_ws/install/px4_bringup:/home/josu/px4_ros2_ws/install/px4_offboard:/home/josu/px4_ros2_ws/install/px4_avoidance:/opt/ros/humble LD_LIBRARY_PATH=/home/josu/px4_ros2_ws/install/px4_msgs/lib:/home/josu/px4_ros2_ws/install/px4_ros_com/lib:/opt/ros/humble/opt/rviz_ogre_vendor/lib:/opt/ros/humble/lib/x86_64-linux-gnu:/opt/ros/humble/lib /usr/bin/cmake --build /home/josu/px4_ros2_ws/build/px4_ros_com -- -j12 -l12
[173.116s] DEBUG:colcon.colcon_core.event_handler.log_command:Invoking command in '/home/josu/px4_ros2_ws/build/px4_ros_com': CMAKE_PREFIX_PATH=/home/josu/px4_ros2_ws/install/px4_msgs:/home/josu/px4_ros2_ws/install/px4_ros_com:/home/josu/px4_ros2_ws/install/px4_bringup:/home/josu/px4_ros2_ws/install/px4_offboard:/home/josu/px4_ros2_ws/install/px4_avoidance:/opt/ros/humble LD_LIBRARY_PATH=/home/josu/px4_ros2_ws/install/px4_msgs/lib:/home/josu/px4_ros2_ws/install/px4_ros_com/lib:/opt/ros/humble/opt/rviz_ogre_vendor/lib:/opt/ros/humble/lib/x86_64-linux-gnu:/opt/ros/humble/lib /usr/bin/cmake --install /home/josu/px4_ros2_ws/build/px4_ros_com
[173.408s] Level 1:colcon.colcon_core.environment:create_environment_scripts_only(px4_ros_com)
[173.409s] Level 1:colcon.colcon_core.environment:checking '/home/josu/px4_ros2_ws/install/px4_ros_com' for CMake module files
[173.409s] DEBUG:colcon.colcon_core.event_handler.log_command:Invoked command in '/home/josu/px4_ros2_ws/build/px4_ros_com' returned '0': CMAKE_PREFIX_PATH=/home/josu/px4_ros2_ws/install/px4_msgs:/home/josu/px4_ros2_ws/install/px4_ros_com:/home/josu/px4_ros2_ws/install/px4_bringup:/home/josu/px4_ros2_ws/install/px4_offboard:/home/josu/px4_ros2_ws/install/px4_avoidance:/opt/ros/humble LD_LIBRARY_PATH=/home/josu/px4_ros2_ws/install/px4_msgs/lib:/home/josu/px4_ros2_ws/install/px4_ros_com/lib:/opt/ros/humble/opt/rviz_ogre_vendor/lib:/opt/ros/humble/lib/x86_64-linux-gnu:/opt/ros/humble/lib /usr/bin/cmake --install /home/josu/px4_ros2_ws/build/px4_ros_com
[173.409s] Level 1:colcon.colcon_core.environment:checking '/home/josu/px4_ros2_ws/install/px4_ros_com' for CMake config files
[173.410s] Level 1:colcon.colcon_core.shell:create_environment_hook('px4_ros_com', 'cmake_prefix_path')
[173.410s] INFO:colcon.colcon_core.shell:Creating environment hook '/home/josu/px4_ros2_ws/install/px4_ros_com/share/px4_ros_com/hook/cmake_prefix_path.ps1'
[173.410s] INFO:colcon.colcon_core.shell:Creating environment descriptor '/home/josu/px4_ros2_ws/install/px4_ros_com/share/px4_ros_com/hook/cmake_prefix_path.dsv'
[173.410s] INFO:colcon.colcon_core.shell:Creating environment hook '/home/josu/px4_ros2_ws/install/px4_ros_com/share/px4_ros_com/hook/cmake_prefix_path.sh'
[173.410s] Level 1:colcon.colcon_core.environment:checking '/home/josu/px4_ros2_ws/install/px4_ros_com/lib'
[173.410s] Level 1:colcon.colcon_core.shell:create_environment_hook('px4_ros_com', 'ld_library_path_lib')
[173.411s] INFO:colcon.colcon_core.shell:Creating environment hook '/home/josu/px4_ros2_ws/install/px4_ros_com/share/px4_ros_com/hook/ld_library_path_lib.ps1'
[173.411s] INFO:colcon.colcon_core.shell:Creating environment descriptor '/home/josu/px4_ros2_ws/install/px4_ros_com/share/px4_ros_com/hook/ld_library_path_lib.dsv'
[173.411s] INFO:colcon.colcon_core.shell:Creating environment hook '/home/josu/px4_ros2_ws/install/px4_ros_com/share/px4_ros_com/hook/ld_library_path_lib.sh'
[173.411s] Level 1:colcon.colcon_core.environment:checking '/home/josu/px4_ros2_ws/install/px4_ros_com/bin'
[173.411s] Level 1:colcon.colcon_core.environment:checking '/home/josu/px4_ros2_ws/install/px4_ros_com/lib/pkgconfig/px4_ros_com.pc'
[173.411s] Level 1:colcon.colcon_core.environment:checking '/home/josu/px4_ros2_ws/install/px4_ros_com/lib/python3.10/site-packages'
[173.411s] Level 1:colcon.colcon_core.environment:checking '/home/josu/px4_ros2_ws/install/px4_ros_com/bin'
[173.412s] INFO:colcon.colcon_core.shell:Creating package script '/home/josu/px4_ros2_ws/install/px4_ros_com/share/px4_ros_com/package.ps1'
[173.412s] INFO:colcon.colcon_core.shell:Creating package descriptor '/home/josu/px4_ros2_ws/install/px4_ros_com/share/px4_ros_com/package.dsv'
[173.412s] INFO:colcon.colcon_core.shell:Creating package script '/home/josu/px4_ros2_ws/install/px4_ros_com/share/px4_ros_com/package.sh'
[173.412s] INFO:colcon.colcon_core.shell:Creating package script '/home/josu/px4_ros2_ws/install/px4_ros_com/share/px4_ros_com/package.bash'
[173.412s] INFO:colcon.colcon_core.shell:Creating package script '/home/josu/px4_ros2_ws/install/px4_ros_com/share/px4_ros_com/package.zsh'
[173.413s] Level 1:colcon.colcon_core.environment:create_file_with_runtime_dependencies(/home/josu/px4_ros2_ws/install/px4_ros_com/share/colcon-core/packages/px4_ros_com)
[173.413s] Level 1:colcon.colcon_core.environment:create_environment_scripts_only(px4_ros_com)
[173.413s] Level 1:colcon.colcon_core.environment:checking '/home/josu/px4_ros2_ws/install/px4_ros_com' for CMake module files
[173.413s] Level 1:colcon.colcon_core.environment:checking '/home/josu/px4_ros2_ws/install/px4_ros_com' for CMake config files
[173.413s] Level 1:colcon.colcon_core.shell:create_environment_hook('px4_ros_com', 'cmake_prefix_path')
[173.413s] INFO:colcon.colcon_core.shell:Creating environment hook '/home/josu/px4_ros2_ws/install/px4_ros_com/share/px4_ros_com/hook/cmake_prefix_path.ps1'
[173.414s] INFO:colcon.colcon_core.shell:Creating environment descriptor '/home/josu/px4_ros2_ws/install/px4_ros_com/share/px4_ros_com/hook/cmake_prefix_path.dsv'
[173.414s] INFO:colcon.colcon_core.shell:Creating environment hook '/home/josu/px4_ros2_ws/install/px4_ros_com/share/px4_ros_com/hook/cmake_prefix_path.sh'
[173.414s] Level 1:colcon.colcon_core.environment:checking '/home/josu/px4_ros2_ws/install/px4_ros_com/lib'
[173.414s] Level 1:colcon.colcon_core.shell:create_environment_hook('px4_ros_com', 'ld_library_path_lib')
[173.414s] INFO:colcon.colcon_core.shell:Creating environment hook '/home/josu/px4_ros2_ws/install/px4_ros_com/share/px4_ros_com/hook/ld_library_path_lib.ps1'
[173.414s] INFO:colcon.colcon_core.shell:Creating environment descriptor '/home/josu/px4_ros2_ws/install/px4_ros_com/share/px4_ros_com/hook/ld_library_path_lib.dsv'
[173.415s] INFO:colcon.colcon_core.shell:Creating environment hook '/home/josu/px4_ros2_ws/install/px4_ros_com/share/px4_ros_com/hook/ld_library_path_lib.sh'
[173.415s] Level 1:colcon.colcon_core.environment:checking '/home/josu/px4_ros2_ws/install/px4_ros_com/bin'
[173.415s] Level 1:colcon.colcon_core.environment:checking '/home/josu/px4_ros2_ws/install/px4_ros_com/lib/pkgconfig/px4_ros_com.pc'
[173.415s] Level 1:colcon.colcon_core.environment:checking '/home/josu/px4_ros2_ws/install/px4_ros_com/lib/python3.10/site-packages'
[173.415s] Level 1:colcon.colcon_core.environment:checking '/home/josu/px4_ros2_ws/install/px4_ros_com/bin'
[173.415s] INFO:colcon.colcon_core.shell:Creating package script '/home/josu/px4_ros2_ws/install/px4_ros_com/share/px4_ros_com/package.ps1'
[173.416s] INFO:colcon.colcon_core.shell:Creating package descriptor '/home/josu/px4_ros2_ws/install/px4_ros_com/share/px4_ros_com/package.dsv'
[173.416s] INFO:colcon.colcon_core.shell:Creating package script '/home/josu/px4_ros2_ws/install/px4_ros_com/share/px4_ros_com/package.sh'
[173.416s] INFO:colcon.colcon_core.shell:Creating package script '/home/josu/px4_ros2_ws/install/px4_ros_com/share/px4_ros_com/package.bash'
[173.416s] INFO:colcon.colcon_core.shell:Creating package script '/home/josu/px4_ros2_ws/install/px4_ros_com/share/px4_ros_com/package.zsh'
[173.416s] Level 1:colcon.colcon_core.environment:create_file_with_runtime_dependencies(/home/josu/px4_ros2_ws/install/px4_ros_com/share/colcon-core/packages/px4_ros_com)
[173.417s] DEBUG:colcon.colcon_parallel_executor.executor.parallel:closing loop
[173.417s] DEBUG:colcon.colcon_parallel_executor.executor.parallel:loop closed
[173.417s] DEBUG:colcon.colcon_parallel_executor.executor.parallel:run_until_complete finished with '0'
[173.417s] DEBUG:colcon.colcon_core.event_reactor:joining thread
[173.421s] INFO:colcon.colcon_core.plugin_system:Skipping extension 'colcon_notification.desktop_notification.terminal_notifier': Not used on non-Darwin systems
[173.421s] INFO:colcon.colcon_core.plugin_system:Skipping extension 'colcon_notification.desktop_notification.win32': Not used on non-Windows systems
[173.421s] INFO:colcon.colcon_notification.desktop_notification:Sending desktop notification using 'notify2'
[173.429s] DEBUG:colcon.colcon_core.event_reactor:joined thread
[173.429s] INFO:colcon.colcon_core.shell:Creating prefix script '/home/josu/px4_ros2_ws/install/local_setup.ps1'
[173.430s] INFO:colcon.colcon_core.shell:Creating prefix util module '/home/josu/px4_ros2_ws/install/_local_setup_util_ps1.py'
[173.431s] INFO:colcon.colcon_core.shell:Creating prefix chain script '/home/josu/px4_ros2_ws/install/setup.ps1'
[173.431s] INFO:colcon.colcon_core.shell:Creating prefix script '/home/josu/px4_ros2_ws/install/local_setup.sh'
[173.431s] INFO:colcon.colcon_core.shell:Creating prefix util module '/home/josu/px4_ros2_ws/install/_local_setup_util_sh.py'
[173.432s] INFO:colcon.colcon_core.shell:Creating prefix chain script '/home/josu/px4_ros2_ws/install/setup.sh'
[173.432s] INFO:colcon.colcon_core.shell:Creating prefix script '/home/josu/px4_ros2_ws/install/local_setup.bash'
[173.433s] INFO:colcon.colcon_core.shell:Creating prefix chain script '/home/josu/px4_ros2_ws/install/setup.bash'
[173.433s] INFO:colcon.colcon_core.shell:Creating prefix script '/home/josu/px4_ros2_ws/install/local_setup.zsh'
[173.433s] INFO:colcon.colcon_core.shell:Creating prefix chain script '/home/josu/px4_ros2_ws/install/setup.zsh'
