running develop
running egg_info
creating px4_bringup.egg-info
writing px4_bringup.egg-info/PKG-INFO
writing dependency_links to px4_bringup.egg-info/dependency_links.txt
writing requirements to px4_bringup.egg-info/requires.txt
writing top-level names to px4_bringup.egg-info/top_level.txt
writing manifest file 'px4_bringup.egg-info/SOURCES.txt'
reading manifest file 'px4_bringup.egg-info/SOURCES.txt'
writing manifest file 'px4_bringup.egg-info/SOURCES.txt'
running build_ext
Creating /home/josu/px4_ros2_ws/install/px4_bringup/lib/python3.10/site-packages/px4-bringup.egg-link (link to .)

Installed /home/josu/px4_ros2_ws/build/px4_bringup
running symlink_data
creating /home/josu/px4_ros2_ws/install/px4_bringup/share/ament_index
creating /home/josu/px4_ros2_ws/install/px4_bringup/share/ament_index/resource_index
creating /home/josu/px4_ros2_ws/install/px4_bringup/share/ament_index/resource_index/packages
symbolically linking /home/josu/px4_ros2_ws/build/px4_bringup/resource/px4_bringup -> /home/josu/px4_ros2_ws/install/px4_bringup/share/ament_index/resource_index/packages
symbolically linking /home/josu/px4_ros2_ws/build/px4_bringup/package.xml -> /home/josu/px4_ros2_ws/install/px4_bringup/share/px4_bringup
creating /home/josu/px4_ros2_ws/install/px4_bringup/share/px4_bringup/launch
symbolically linking /home/josu/px4_ros2_ws/build/px4_bringup/launch/minimal.launch.py -> /home/josu/px4_ros2_ws/install/px4_bringup/share/px4_bringup/launch
