running egg_info
writing ../../../build/px4_offboard/px4_offboard.egg-info/PKG-INFO
writing dependency_links to ../../../build/px4_offboard/px4_offboard.egg-info/dependency_links.txt
writing entry points to ../../../build/px4_offboard/px4_offboard.egg-info/entry_points.txt
writing requirements to ../../../build/px4_offboard/px4_offboard.egg-info/requires.txt
writing top-level names to ../../../build/px4_offboard/px4_offboard.egg-info/top_level.txt
reading manifest file '../../../build/px4_offboard/px4_offboard.egg-info/SOURCES.txt'
writing manifest file '../../../build/px4_offboard/px4_offboard.egg-info/SOURCES.txt'
running build
running build_py
running install
running install_lib
running install_data
running install_egg_info
removing '/home/josu/px4_ros2_ws/install/px4_offboard/lib/python3.10/site-packages/px4_offboard-0.0.1-py3.10.egg-info' (and everything under it)
Copying ../../../build/px4_offboard/px4_offboard.egg-info to /home/josu/px4_ros2_ws/install/px4_offboard/lib/python3.10/site-packages/px4_offboard-0.0.1-py3.10.egg-info
running install_scripts
Installing position_offboard_control.py script to /home/josu/px4_ros2_ws/install/px4_offboard/lib/px4_offboard
Installing teleop_joystick.py script to /home/josu/px4_ros2_ws/install/px4_offboard/lib/px4_offboard
Installing teleop_keyboard.py script to /home/josu/px4_ros2_ws/install/px4_offboard/lib/px4_offboard
Installing velocity_offboard_control.py script to /home/josu/px4_ros2_ws/install/px4_offboard/lib/px4_offboard
writing list of installed files to '/home/josu/px4_ros2_ws/build/px4_offboard/install.log'
