running egg_info
creating ../../../build/px4_bringup/px4_bringup.egg-info
writing ../../../build/px4_bringup/px4_bringup.egg-info/PKG-INFO
writing dependency_links to ../../../build/px4_bringup/px4_bringup.egg-info/dependency_links.txt
writing requirements to ../../../build/px4_bringup/px4_bringup.egg-info/requires.txt
writing top-level names to ../../../build/px4_bringup/px4_bringup.egg-info/top_level.txt
writing manifest file '../../../build/px4_bringup/px4_bringup.egg-info/SOURCES.txt'
reading manifest file '../../../build/px4_bringup/px4_bringup.egg-info/SOURCES.txt'
writing manifest file '../../../build/px4_bringup/px4_bringup.egg-info/SOURCES.txt'
running build
running build_py
creating /home/josu/px4_ros2_ws/build/px4_bringup/build
creating /home/josu/px4_ros2_ws/build/px4_bringup/build/lib
creating /home/josu/px4_ros2_ws/build/px4_bringup/build/lib/px4_bringup
copying px4_bringup/__init__.py -> /home/josu/px4_ros2_ws/build/px4_bringup/build/lib/px4_bringup
running install
running install_lib
creating /home/josu/px4_ros2_ws/install/px4_bringup/lib/python3.10/site-packages/px4_bringup
copying /home/josu/px4_ros2_ws/build/px4_bringup/build/lib/px4_bringup/__init__.py -> /home/josu/px4_ros2_ws/install/px4_bringup/lib/python3.10/site-packages/px4_bringup
byte-compiling /home/josu/px4_ros2_ws/install/px4_bringup/lib/python3.10/site-packages/px4_bringup/__init__.py to __init__.cpython-310.pyc
running install_data
creating /home/josu/px4_ros2_ws/install/px4_bringup/share/ament_index
creating /home/josu/px4_ros2_ws/install/px4_bringup/share/ament_index/resource_index
creating /home/josu/px4_ros2_ws/install/px4_bringup/share/ament_index/resource_index/packages
copying resource/px4_bringup -> /home/josu/px4_ros2_ws/install/px4_bringup/share/ament_index/resource_index/packages
copying package.xml -> /home/josu/px4_ros2_ws/install/px4_bringup/share/px4_bringup
creating /home/josu/px4_ros2_ws/install/px4_bringup/share/px4_bringup/launch
copying launch/minimal.launch.py -> /home/josu/px4_ros2_ws/install/px4_bringup/share/px4_bringup/launch
running install_egg_info
Copying ../../../build/px4_bringup/px4_bringup.egg-info to /home/josu/px4_ros2_ws/install/px4_bringup/lib/python3.10/site-packages/px4_bringup-0.0.1-py3.10.egg-info
running install_scripts
writing list of installed files to '/home/josu/px4_ros2_ws/build/px4_bringup/install.log'
