[0.854s] Invoking command in '/home/josu/px4_ros2_ws/src/px4_avoidance': PYTHONPATH=/home/josu/px4_ros2_ws/build/px4_avoidance/prefix_override:/usr/lib/python3/dist-packages/colcon_core/task/python/colcon_distutils_commands:/home/josu/px4_ros2_ws/install/px4_avoidance/lib/python3.10/site-packages:${PYTHONPATH} /usr/bin/python3 -W ignore:setup.py install is deprecated -W ignore:easy_install command is deprecated setup.py egg_info --egg-base ../../build/px4_avoidance build --build-base /home/josu/px4_ros2_ws/build/px4_avoidance/build install --record /home/josu/px4_ros2_ws/build/px4_avoidance/install.log --single-version-externally-managed install_data
[1.105s] running egg_info
[1.114s] writing ../../build/px4_avoidance/px4_avoidance.egg-info/PKG-INFO
[1.114s] writing dependency_links to ../../build/px4_avoidance/px4_avoidance.egg-info/dependency_links.txt
[1.114s] writing entry points to ../../build/px4_avoidance/px4_avoidance.egg-info/entry_points.txt
[1.114s] writing requirements to ../../build/px4_avoidance/px4_avoidance.egg-info/requires.txt
[1.114s] writing top-level names to ../../build/px4_avoidance/px4_avoidance.egg-info/top_level.txt
[1.139s] reading manifest file '../../build/px4_avoidance/px4_avoidance.egg-info/SOURCES.txt'
[1.139s] writing manifest file '../../build/px4_avoidance/px4_avoidance.egg-info/SOURCES.txt'
[1.139s] running build
[1.139s] running build_py
[1.139s] running install
[1.143s] running install_lib
[1.151s] running install_data
[1.151s] running install_egg_info
[1.160s] removing '/home/josu/px4_ros2_ws/install/px4_avoidance/lib/python3.10/site-packages/px4_avoidance-0.0.0-py3.10.egg-info' (and everything under it)
[1.160s] Copying ../../build/px4_avoidance/px4_avoidance.egg-info to /home/josu/px4_ros2_ws/install/px4_avoidance/lib/python3.10/site-packages/px4_avoidance-0.0.0-py3.10.egg-info
[1.160s] running install_scripts
[1.195s] Installing simple_avoid script to /home/josu/px4_ros2_ws/install/px4_avoidance/lib/px4_avoidance
[1.195s] writing list of installed files to '/home/josu/px4_ros2_ws/build/px4_avoidance/install.log'
[1.230s] Invoked command in '/home/josu/px4_ros2_ws/src/px4_avoidance' returned '0': PYTHONPATH=/home/josu/px4_ros2_ws/build/px4_avoidance/prefix_override:/usr/lib/python3/dist-packages/colcon_core/task/python/colcon_distutils_commands:/home/josu/px4_ros2_ws/install/px4_avoidance/lib/python3.10/site-packages:${PYTHONPATH} /usr/bin/python3 -W ignore:setup.py install is deprecated -W ignore:easy_install command is deprecated setup.py egg_info --egg-base ../../build/px4_avoidance build --build-base /home/josu/px4_ros2_ws/build/px4_avoidance/build install --record /home/josu/px4_ros2_ws/build/px4_avoidance/install.log --single-version-externally-managed install_data
