[0.245s] Invoking command in '/home/josu/px4_ros2_ws/build/px4_ros_com': AMENT_PREFIX_PATH=/home/josu/px4_ros2_ws/install/px4_msgs:${AMENT_PREFIX_PATH} CMAKE_PREFIX_PATH=/home/josu/px4_ros2_ws/install/px4_msgs:/opt/ros/humble LD_LIBRARY_PATH=/home/josu/px4_ros2_ws/install/px4_msgs/lib:${LD_LIBRARY_PATH} PYTHONPATH=/home/josu/px4_ros2_ws/install/px4_msgs/local/lib/python3.10/dist-packages:${PYTHONPATH} /usr/bin/cmake /home/josu/px4_ros2_ws/src/px4_ros_com -DCMAKE_INSTALL_PREFIX=/home/josu/px4_ros2_ws/install/px4_ros_com
[0.282s] -- The C compiler identification is GNU 11.4.0
[0.321s] -- The CXX compiler identification is GNU 11.4.0
[0.326s] -- Detecting C compiler ABI info
[0.376s] -- Detecting C compiler ABI info - done
[0.383s] -- Check for working C compiler: /usr/bin/cc - skipped
[0.383s] -- Detecting C compile features
[0.383s] -- Detecting C compile features - done
[0.385s] -- Detecting CXX compiler ABI info
[0.441s] -- Detecting CXX compiler ABI info - done
[0.448s] -- Check for working CXX compiler: /usr/bin/c++ - skipped
[0.448s] -- Detecting CXX compile features
[0.449s] -- Detecting CXX compile features - done
[0.451s] -- Found ament_cmake: 1.3.12 (/opt/ros/humble/share/ament_cmake/cmake)
[0.935s] -- Found Python3: /usr/bin/python3 (found version "3.10.12") found components: Interpreter 
[0.997s] -- Found builtin_interfaces: 1.2.2 (/opt/ros/humble/share/builtin_interfaces/cmake)
[1.016s] -- Found rosidl_generator_c: 3.1.8 (/opt/ros/humble/share/rosidl_generator_c/cmake)
[1.018s] -- Found rosidl_adapter: 3.1.8 (/opt/ros/humble/share/rosidl_adapter/cmake)
[1.023s] -- Found rosidl_generator_cpp: 3.1.8 (/opt/ros/humble/share/rosidl_generator_cpp/cmake)
[1.030s] -- Using all available rosidl_typesupport_c: rosidl_typesupport_fastrtps_c;rosidl_typesupport_introspection_c
[1.039s] -- Using all available rosidl_typesupport_cpp: rosidl_typesupport_fastrtps_cpp;rosidl_typesupport_introspection_cpp
[1.048s] -- Found eigen3_cmake_module: 0.1.1 (/opt/ros/humble/share/eigen3_cmake_module/cmake)
[1.052s] -- Found Eigen3: TRUE (found version "3.4.0") 
[1.052s] -- Found geometry_msgs: 4.9.0 (/opt/ros/humble/share/geometry_msgs/cmake)
[1.068s] -- Found px4_msgs: 2.0.1 (/home/josu/px4_ros2_ws/install/px4_msgs/share/px4_msgs/cmake)
[1.076s] -- Found rclcpp: 16.0.17 (/opt/ros/humble/share/rclcpp/cmake)
[1.096s] -- Found rmw_implementation_cmake: 6.1.2 (/opt/ros/humble/share/rmw_implementation_cmake/cmake)
[1.098s] -- Found rmw_fastrtps_cpp: 6.2.9 (/opt/ros/humble/share/rmw_fastrtps_cpp/cmake)
[1.161s] -- Found OpenSSL: /usr/lib/x86_64-linux-gnu/libcrypto.so (found version "3.0.2")  
[1.183s] -- Found FastRTPS: /opt/ros/humble/include  
[1.214s] -- Using RMW implementation 'rmw_fastrtps_cpp' as default
[1.218s] -- Looking for pthread.h
[1.274s] -- Looking for pthread.h - found
[1.274s] -- Performing Test CMAKE_HAVE_LIBC_PTHREAD
[1.329s] -- Performing Test CMAKE_HAVE_LIBC_PTHREAD - Success
[1.330s] -- Found Threads: TRUE  
[1.353s] -- Found sensor_msgs: 4.9.0 (/opt/ros/humble/share/sensor_msgs/cmake)
[1.363s] -- Found rclpy: 3.3.19 (/opt/ros/humble/share/rclpy/cmake)
[1.369s] -- Found ament_lint_auto: 0.12.14 (/opt/ros/humble/share/ament_lint_auto/cmake)
[1.434s] -- Added test 'copyright' to check source files copyright and LICENSE
[1.438s] -- Added test 'cppcheck' to perform static code analysis on C / C++ code
[1.438s] -- Configured cppcheck include dirs: /home/josu/px4_ros2_ws/src/px4_ros_com/include;$<BUILD_INTERFACE:/home/josu/px4_ros2_ws/src/px4_ros_com/include/px4_ros_com>
[1.438s] -- Configured cppcheck exclude dirs and/or files: 
[1.440s] -- Added test 'cpplint' to check C / C++ code against the Google style
[1.440s] -- Configured cpplint exclude dirs and/or files: 
[1.440s] -- Added test 'flake8' to check Python code syntax and style conventions
[1.441s] -- Added test 'lint_cmake' to check CMake code style
[1.441s] -- Added test 'pep257' to check Python code against some of the docstring style conventions in PEP 257
[1.443s] -- Added test 'uncrustify' to check C / C++ code style
[1.443s] -- Configured uncrustify additional arguments: 
[1.444s] -- Added test 'xmllint' to check XML markup files
[1.445s] -- Configuring done
[1.458s] -- Generating done
[1.464s] -- Build files have been written to: /home/josu/px4_ros2_ws/build/px4_ros_com
[1.472s] Invoked command in '/home/josu/px4_ros2_ws/build/px4_ros_com' returned '0': AMENT_PREFIX_PATH=/home/josu/px4_ros2_ws/install/px4_msgs:${AMENT_PREFIX_PATH} CMAKE_PREFIX_PATH=/home/josu/px4_ros2_ws/install/px4_msgs:/opt/ros/humble LD_LIBRARY_PATH=/home/josu/px4_ros2_ws/install/px4_msgs/lib:${LD_LIBRARY_PATH} PYTHONPATH=/home/josu/px4_ros2_ws/install/px4_msgs/local/lib/python3.10/dist-packages:${PYTHONPATH} /usr/bin/cmake /home/josu/px4_ros2_ws/src/px4_ros_com -DCMAKE_INSTALL_PREFIX=/home/josu/px4_ros2_ws/install/px4_ros_com
[1.473s] Invoking command in '/home/josu/px4_ros2_ws/build/px4_ros_com': AMENT_PREFIX_PATH=/home/josu/px4_ros2_ws/install/px4_msgs:${AMENT_PREFIX_PATH} CMAKE_PREFIX_PATH=/home/josu/px4_ros2_ws/install/px4_msgs:/opt/ros/humble LD_LIBRARY_PATH=/home/josu/px4_ros2_ws/install/px4_msgs/lib:${LD_LIBRARY_PATH} PYTHONPATH=/home/josu/px4_ros2_ws/install/px4_msgs/local/lib/python3.10/dist-packages:${PYTHONPATH} /usr/bin/cmake --build /home/josu/px4_ros2_ws/build/px4_ros_com -- -j12 -l12
[1.515s] [ 16%] [32mBuilding CXX object CMakeFiles/vehicle_gps_position_listener.dir/src/examples/listeners/vehicle_gps_position_listener.cpp.o[0m
[1.515s] [ 16%] [32mBuilding CXX object CMakeFiles/frame_transforms.dir/src/lib/frame_transforms.cpp.o[0m
[1.518s] [ 41%] [32mBuilding CXX object CMakeFiles/offboard_control.dir/src/examples/offboard/offboard_control.cpp.o[0m
[1.518s] [ 41%] [32mBuilding CXX object CMakeFiles/offboard_control_srv.dir/src/examples/offboard/offboard_control_srv.cpp.o[0m
[1.518s] [ 41%] [32mBuilding CXX object CMakeFiles/sensor_combined_listener.dir/src/examples/listeners/sensor_combined_listener.cpp.o[0m
[1.520s] [ 50%] [32mBuilding CXX object CMakeFiles/debug_vect_advertiser.dir/src/examples/advertisers/debug_vect_advertiser.cpp.o[0m
[1.523s] [ 50%] Built target ament_cmake_python_copy_px4_ros_com
[1.787s] running egg_info
[1.788s] creating px4_ros_com.egg-info
[1.796s] writing px4_ros_com.egg-info/PKG-INFO
[1.797s] writing dependency_links to px4_ros_com.egg-info/dependency_links.txt
[1.797s] writing top-level names to px4_ros_com.egg-info/top_level.txt
[1.797s] writing manifest file 'px4_ros_com.egg-info/SOURCES.txt'
[1.825s] reading manifest file 'px4_ros_com.egg-info/SOURCES.txt'
[1.826s] writing manifest file 'px4_ros_com.egg-info/SOURCES.txt'
[1.887s] [ 50%] Built target ament_cmake_python_build_px4_ros_com_egg
[4.843s] [ 58%] [32m[1mLinking CXX executable debug_vect_advertiser[0m
[4.985s] [ 58%] Built target debug_vect_advertiser
[5.852s] [ 66%] [32m[1mLinking CXX executable offboard_control[0m
[6.005s] [ 66%] Built target offboard_control
[7.268s] [ 75%] [32m[1mLinking CXX executable sensor_combined_listener[0m
[7.301s] [ 83%] [32m[1mLinking CXX shared library libframe_transforms.so[0m
[7.484s] [ 83%] Built target frame_transforms
[7.528s] [ 91%] [32m[1mLinking CXX executable offboard_control_srv[0m
[7.535s] [ 91%] Built target sensor_combined_listener
[7.699s] [ 91%] Built target offboard_control_srv
[8.437s] [100%] [32m[1mLinking CXX executable vehicle_gps_position_listener[0m
[8.694s] [100%] Built target vehicle_gps_position_listener
[8.702s] Invoked command in '/home/josu/px4_ros2_ws/build/px4_ros_com' returned '0': AMENT_PREFIX_PATH=/home/josu/px4_ros2_ws/install/px4_msgs:${AMENT_PREFIX_PATH} CMAKE_PREFIX_PATH=/home/josu/px4_ros2_ws/install/px4_msgs:/opt/ros/humble LD_LIBRARY_PATH=/home/josu/px4_ros2_ws/install/px4_msgs/lib:${LD_LIBRARY_PATH} PYTHONPATH=/home/josu/px4_ros2_ws/install/px4_msgs/local/lib/python3.10/dist-packages:${PYTHONPATH} /usr/bin/cmake --build /home/josu/px4_ros2_ws/build/px4_ros_com -- -j12 -l12
[8.703s] Invoking command in '/home/josu/px4_ros2_ws/build/px4_ros_com': AMENT_PREFIX_PATH=/home/josu/px4_ros2_ws/install/px4_msgs:${AMENT_PREFIX_PATH} CMAKE_PREFIX_PATH=/home/josu/px4_ros2_ws/install/px4_msgs:/opt/ros/humble LD_LIBRARY_PATH=/home/josu/px4_ros2_ws/install/px4_msgs/lib:${LD_LIBRARY_PATH} PYTHONPATH=/home/josu/px4_ros2_ws/install/px4_msgs/local/lib/python3.10/dist-packages:${PYTHONPATH} /usr/bin/cmake --install /home/josu/px4_ros2_ws/build/px4_ros_com
[8.709s] -- Install configuration: ""
[8.709s] -- Installing: /home/josu/px4_ros2_ws/install/px4_ros_com/lib/px4_ros_com/sensor_combined_listener
[8.711s] -- Set runtime path of "/home/josu/px4_ros2_ws/install/px4_ros_com/lib/px4_ros_com/sensor_combined_listener" to ""
[8.711s] -- Installing: /home/josu/px4_ros2_ws/install/px4_ros_com/lib/px4_ros_com/vehicle_gps_position_listener
[8.713s] -- Set runtime path of "/home/josu/px4_ros2_ws/install/px4_ros_com/lib/px4_ros_com/vehicle_gps_position_listener" to ""
[8.713s] -- Installing: /home/josu/px4_ros2_ws/install/px4_ros_com/lib/px4_ros_com/debug_vect_advertiser
[8.713s] -- Set runtime path of "/home/josu/px4_ros2_ws/install/px4_ros_com/lib/px4_ros_com/debug_vect_advertiser" to ""
[8.713s] -- Installing: /home/josu/px4_ros2_ws/install/px4_ros_com/lib/px4_ros_com/offboard_control
[8.714s] -- Set runtime path of "/home/josu/px4_ros2_ws/install/px4_ros_com/lib/px4_ros_com/offboard_control" to ""
[8.714s] -- Installing: /home/josu/px4_ros2_ws/install/px4_ros_com/lib/px4_ros_com/offboard_control_srv
[8.715s] -- Set runtime path of "/home/josu/px4_ros2_ws/install/px4_ros_com/lib/px4_ros_com/offboard_control_srv" to ""
[8.715s] -- Installing: /home/josu/px4_ros2_ws/install/px4_ros_com/share/px4_ros_com/environment/library_path.sh
[8.715s] -- Installing: /home/josu/px4_ros2_ws/install/px4_ros_com/share/px4_ros_com/environment/library_path.dsv
[8.715s] -- Installing: /home/josu/px4_ros2_ws/install/px4_ros_com/include/px4_ros_com
[8.715s] -- Installing: /home/josu/px4_ros2_ws/install/px4_ros_com/include/px4_ros_com/frame_transforms.h
[8.715s] -- Installing: /home/josu/px4_ros2_ws/install/px4_ros_com/lib/libframe_transforms.so
[8.717s] -- Set runtime path of "/home/josu/px4_ros2_ws/install/px4_ros_com/lib/libframe_transforms.so" to ""
[8.717s] -- Installing: /home/josu/px4_ros2_ws/install/px4_ros_com/share/px4_ros_com//launch
[8.717s] -- Installing: /home/josu/px4_ros2_ws/install/px4_ros_com/share/px4_ros_com//launch/offboard_control_launch.yaml
[8.717s] -- Installing: /home/josu/px4_ros2_ws/install/px4_ros_com/share/px4_ros_com//launch/sensor_combined_listener.launch.py
[8.717s] -- Installing: /home/josu/px4_ros2_ws/install/px4_ros_com/share/px4_ros_com//test
[8.717s] -- Installing: /home/josu/px4_ros2_ws/install/px4_ros_com/share/px4_ros_com//test/test_output.py
[8.717s] -- Installing: /home/josu/px4_ros2_ws/install/px4_ros_com/share/px4_ros_com//test/__init__.py
[8.717s] -- Installing: /home/josu/px4_ros2_ws/install/px4_ros_com/share/px4_ros_com//test/test_input.py
[8.717s] -- Installing: /home/josu/px4_ros2_ws/install/px4_ros_com/share/px4_ros_com//test/pipeline_io_test.py
[8.718s] -- Installing: /home/josu/px4_ros2_ws/install/px4_ros_com/share/px4_ros_com/environment/pythonpath.sh
[8.718s] -- Installing: /home/josu/px4_ros2_ws/install/px4_ros_com/share/px4_ros_com/environment/pythonpath.dsv
[8.718s] -- Installing: /home/josu/px4_ros2_ws/install/px4_ros_com/local/lib/python3.10/dist-packages/px4_ros_com-0.1.0-py3.10.egg-info
[8.718s] -- Installing: /home/josu/px4_ros2_ws/install/px4_ros_com/local/lib/python3.10/dist-packages/px4_ros_com-0.1.0-py3.10.egg-info/PKG-INFO
[8.718s] -- Installing: /home/josu/px4_ros2_ws/install/px4_ros_com/local/lib/python3.10/dist-packages/px4_ros_com-0.1.0-py3.10.egg-info/dependency_links.txt
[8.718s] -- Installing: /home/josu/px4_ros2_ws/install/px4_ros_com/local/lib/python3.10/dist-packages/px4_ros_com-0.1.0-py3.10.egg-info/top_level.txt
[8.718s] -- Installing: /home/josu/px4_ros2_ws/install/px4_ros_com/local/lib/python3.10/dist-packages/px4_ros_com-0.1.0-py3.10.egg-info/SOURCES.txt
[8.718s] -- Installing: /home/josu/px4_ros2_ws/install/px4_ros_com/local/lib/python3.10/dist-packages/px4_ros_com
[8.718s] -- Installing: /home/josu/px4_ros2_ws/install/px4_ros_com/local/lib/python3.10/dist-packages/px4_ros_com/__init__.py
[8.718s] -- Installing: /home/josu/px4_ros2_ws/install/px4_ros_com/local/lib/python3.10/dist-packages/px4_ros_com/module_to_import.py
[8.739s] Listing '/home/josu/px4_ros2_ws/install/px4_ros_com/local/lib/python3.10/dist-packages/px4_ros_com'...
[8.739s] Compiling '/home/josu/px4_ros2_ws/install/px4_ros_com/local/lib/python3.10/dist-packages/px4_ros_com/__init__.py'...
[8.739s] Compiling '/home/josu/px4_ros2_ws/install/px4_ros_com/local/lib/python3.10/dist-packages/px4_ros_com/module_to_import.py'...
[8.742s] -- Installing: /home/josu/px4_ros2_ws/install/px4_ros_com/lib/px4_ros_com/offboard_control.py
[8.742s] -- Installing: /home/josu/px4_ros2_ws/install/px4_ros_com/share/ament_index/resource_index/package_run_dependencies/px4_ros_com
[8.742s] -- Installing: /home/josu/px4_ros2_ws/install/px4_ros_com/share/ament_index/resource_index/parent_prefix_path/px4_ros_com
[8.742s] -- Installing: /home/josu/px4_ros2_ws/install/px4_ros_com/share/px4_ros_com/environment/ament_prefix_path.sh
[8.742s] -- Installing: /home/josu/px4_ros2_ws/install/px4_ros_com/share/px4_ros_com/environment/ament_prefix_path.dsv
[8.742s] -- Installing: /home/josu/px4_ros2_ws/install/px4_ros_com/share/px4_ros_com/environment/path.sh
[8.742s] -- Installing: /home/josu/px4_ros2_ws/install/px4_ros_com/share/px4_ros_com/environment/path.dsv
[8.742s] -- Installing: /home/josu/px4_ros2_ws/install/px4_ros_com/share/px4_ros_com/local_setup.bash
[8.742s] -- Installing: /home/josu/px4_ros2_ws/install/px4_ros_com/share/px4_ros_com/local_setup.sh
[8.742s] -- Installing: /home/josu/px4_ros2_ws/install/px4_ros_com/share/px4_ros_com/local_setup.zsh
[8.742s] -- Installing: /home/josu/px4_ros2_ws/install/px4_ros_com/share/px4_ros_com/local_setup.dsv
[8.743s] -- Installing: /home/josu/px4_ros2_ws/install/px4_ros_com/share/px4_ros_com/package.dsv
[8.743s] -- Installing: /home/josu/px4_ros2_ws/install/px4_ros_com/share/ament_index/resource_index/packages/px4_ros_com
[8.743s] -- Installing: /home/josu/px4_ros2_ws/install/px4_ros_com/share/px4_ros_com/cmake/export_frame_transformsExport.cmake
[8.743s] -- Installing: /home/josu/px4_ros2_ws/install/px4_ros_com/share/px4_ros_com/cmake/export_frame_transformsExport-noconfig.cmake
[8.743s] -- Installing: /home/josu/px4_ros2_ws/install/px4_ros_com/share/px4_ros_com/cmake/ament_cmake_export_dependencies-extras.cmake
[8.743s] -- Installing: /home/josu/px4_ros2_ws/install/px4_ros_com/share/px4_ros_com/cmake/ament_cmake_export_targets-extras.cmake
[8.743s] -- Installing: /home/josu/px4_ros2_ws/install/px4_ros_com/share/px4_ros_com/cmake/ament_cmake_export_include_directories-extras.cmake
[8.743s] -- Installing: /home/josu/px4_ros2_ws/install/px4_ros_com/share/px4_ros_com/cmake/ament_cmake_export_libraries-extras.cmake
[8.743s] -- Installing: /home/josu/px4_ros2_ws/install/px4_ros_com/share/px4_ros_com/cmake/px4_ros_comConfig.cmake
[8.743s] -- Installing: /home/josu/px4_ros2_ws/install/px4_ros_com/share/px4_ros_com/cmake/px4_ros_comConfig-version.cmake
[8.743s] -- Installing: /home/josu/px4_ros2_ws/install/px4_ros_com/share/px4_ros_com/package.xml
[8.745s] Invoked command in '/home/josu/px4_ros2_ws/build/px4_ros_com' returned '0': AMENT_PREFIX_PATH=/home/josu/px4_ros2_ws/install/px4_msgs:${AMENT_PREFIX_PATH} CMAKE_PREFIX_PATH=/home/josu/px4_ros2_ws/install/px4_msgs:/opt/ros/humble LD_LIBRARY_PATH=/home/josu/px4_ros2_ws/install/px4_msgs/lib:${LD_LIBRARY_PATH} PYTHONPATH=/home/josu/px4_ros2_ws/install/px4_msgs/local/lib/python3.10/dist-packages:${PYTHONPATH} /usr/bin/cmake --install /home/josu/px4_ros2_ws/build/px4_ros_com
