/home/josu/px4_ros2_ws/install/px4_offboard/lib/python3.10/site-packages/px4_offboard/position_offboard_control.py
/home/josu/px4_ros2_ws/install/px4_offboard/lib/python3.10/site-packages/px4_offboard/__init__.py
/home/josu/px4_ros2_ws/install/px4_offboard/lib/python3.10/site-packages/px4_offboard/teleop_keyboard.py
/home/josu/px4_ros2_ws/install/px4_offboard/lib/python3.10/site-packages/px4_offboard/teleop_joystick.py
/home/josu/px4_ros2_ws/install/px4_offboard/lib/python3.10/site-packages/px4_offboard/velocity_offboard_control.py
/home/josu/px4_ros2_ws/install/px4_offboard/lib/python3.10/site-packages/px4_offboard/__pycache__/position_offboard_control.cpython-310.pyc
/home/josu/px4_ros2_ws/install/px4_offboard/lib/python3.10/site-packages/px4_offboard/__pycache__/__init__.cpython-310.pyc
/home/josu/px4_ros2_ws/install/px4_offboard/lib/python3.10/site-packages/px4_offboard/__pycache__/teleop_keyboard.cpython-310.pyc
/home/josu/px4_ros2_ws/install/px4_offboard/lib/python3.10/site-packages/px4_offboard/__pycache__/teleop_joystick.cpython-310.pyc
/home/josu/px4_ros2_ws/install/px4_offboard/lib/python3.10/site-packages/px4_offboard/__pycache__/velocity_offboard_control.cpython-310.pyc
/home/josu/px4_ros2_ws/install/px4_offboard/share/ament_index/resource_index/packages/px4_offboard
/home/josu/px4_ros2_ws/install/px4_offboard/share/px4_offboard/package.xml
/home/josu/px4_ros2_ws/install/px4_offboard/share/px4_offboard/launch/joystick_teleop.launch.py
/home/josu/px4_ros2_ws/install/px4_offboard/share/px4_offboard/launch/keyboard_teleop.launch.py
/home/josu/px4_ros2_ws/install/px4_offboard/share/px4_offboard/config/joy_config.yaml
/home/josu/px4_ros2_ws/install/px4_offboard/lib/python3.10/site-packages/px4_offboard-0.0.1-py3.10.egg-info/PKG-INFO
/home/josu/px4_ros2_ws/install/px4_offboard/lib/python3.10/site-packages/px4_offboard-0.0.1-py3.10.egg-info/zip-safe
/home/josu/px4_ros2_ws/install/px4_offboard/lib/python3.10/site-packages/px4_offboard-0.0.1-py3.10.egg-info/entry_points.txt
/home/josu/px4_ros2_ws/install/px4_offboard/lib/python3.10/site-packages/px4_offboard-0.0.1-py3.10.egg-info/dependency_links.txt
/home/josu/px4_ros2_ws/install/px4_offboard/lib/python3.10/site-packages/px4_offboard-0.0.1-py3.10.egg-info/top_level.txt
/home/josu/px4_ros2_ws/install/px4_offboard/lib/python3.10/site-packages/px4_offboard-0.0.1-py3.10.egg-info/requires.txt
/home/josu/px4_ros2_ws/install/px4_offboard/lib/python3.10/site-packages/px4_offboard-0.0.1-py3.10.egg-info/SOURCES.txt
/home/josu/px4_ros2_ws/install/px4_offboard/lib/px4_offboard/position_offboard_control.py
/home/josu/px4_ros2_ws/install/px4_offboard/lib/px4_offboard/teleop_joystick.py
/home/josu/px4_ros2_ws/install/px4_offboard/lib/px4_offboard/teleop_keyboard.py
/home/josu/px4_ros2_ws/install/px4_offboard/lib/px4_offboard/velocity_offboard_control.py
