running develop
running egg_info
creating px4_offboard.egg-info
writing px4_offboard.egg-info/PKG-INFO
writing dependency_links to px4_offboard.egg-info/dependency_links.txt
writing entry points to px4_offboard.egg-info/entry_points.txt
writing requirements to px4_offboard.egg-info/requires.txt
writing top-level names to px4_offboard.egg-info/top_level.txt
writing manifest file 'px4_offboard.egg-info/SOURCES.txt'
reading manifest file 'px4_offboard.egg-info/SOURCES.txt'
writing manifest file 'px4_offboard.egg-info/SOURCES.txt'
running build_ext
Creating /home/josu/px4_ros2_ws/install/px4_offboard/lib/python3.10/site-packages/px4-offboard.egg-link (link to .)
Installing position_offboard_control.py script to /home/josu/px4_ros2_ws/install/px4_offboard/lib/px4_offboard
Installing teleop_joystick.py script to /home/josu/px4_ros2_ws/install/px4_offboard/lib/px4_offboard
Installing teleop_keyboard.py script to /home/josu/px4_ros2_ws/install/px4_offboard/lib/px4_offboard
Installing velocity_offboard_control.py script to /home/josu/px4_ros2_ws/install/px4_offboard/lib/px4_offboard

Installed /home/josu/px4_ros2_ws/build/px4_offboard
running symlink_data
creating /home/josu/px4_ros2_ws/install/px4_offboard/share/ament_index
creating /home/josu/px4_ros2_ws/install/px4_offboard/share/ament_index/resource_index
creating /home/josu/px4_ros2_ws/install/px4_offboard/share/ament_index/resource_index/packages
symbolically linking /home/josu/px4_ros2_ws/build/px4_offboard/resource/px4_offboard -> /home/josu/px4_ros2_ws/install/px4_offboard/share/ament_index/resource_index/packages
symbolically linking /home/josu/px4_ros2_ws/build/px4_offboard/package.xml -> /home/josu/px4_ros2_ws/install/px4_offboard/share/px4_offboard
creating /home/josu/px4_ros2_ws/install/px4_offboard/share/px4_offboard/launch
symbolically linking /home/josu/px4_ros2_ws/build/px4_offboard/launch/joystick_teleop.launch.py -> /home/josu/px4_ros2_ws/install/px4_offboard/share/px4_offboard/launch
symbolically linking /home/josu/px4_ros2_ws/build/px4_offboard/launch/keyboard_teleop.launch.py -> /home/josu/px4_ros2_ws/install/px4_offboard/share/px4_offboard/launch
creating /home/josu/px4_ros2_ws/install/px4_offboard/share/px4_offboard/config
symbolically linking /home/josu/px4_ros2_ws/build/px4_offboard/config/joy_config.yaml -> /home/josu/px4_ros2_ws/install/px4_offboard/share/px4_offboard/config
