running develop
running egg_info
creating px4_avoidance.egg-info
writing px4_avoidance.egg-info/PKG-INFO
writing dependency_links to px4_avoidance.egg-info/dependency_links.txt
writing entry points to px4_avoidance.egg-info/entry_points.txt
writing requirements to px4_avoidance.egg-info/requires.txt
writing top-level names to px4_avoidance.egg-info/top_level.txt
writing manifest file 'px4_avoidance.egg-info/SOURCES.txt'
reading manifest file 'px4_avoidance.egg-info/SOURCES.txt'
writing manifest file 'px4_avoidance.egg-info/SOURCES.txt'
running build_ext
Creating /home/josu/px4_ros2_ws/install/px4_avoidance/lib/python3.10/site-packages/px4-avoidance.egg-link (link to .)
Installing simple_avoid script to /home/josu/px4_ros2_ws/install/px4_avoidance/lib/px4_avoidance

Installed /home/josu/px4_ros2_ws/build/px4_avoidance
running symlink_data
creating /home/josu/px4_ros2_ws/install/px4_avoidance/share/ament_index
creating /home/josu/px4_ros2_ws/install/px4_avoidance/share/ament_index/resource_index
creating /home/josu/px4_ros2_ws/install/px4_avoidance/share/ament_index/resource_index/packages
symbolically linking /home/josu/px4_ros2_ws/build/px4_avoidance/resource/px4_avoidance -> /home/josu/px4_ros2_ws/install/px4_avoidance/share/ament_index/resource_index/packages
symbolically linking /home/josu/px4_ros2_ws/build/px4_avoidance/package.xml -> /home/josu/px4_ros2_ws/install/px4_avoidance/share/px4_avoidance
