running egg_info
creating ../../build/px4_avoidance/px4_avoidance.egg-info
writing ../../build/px4_avoidance/px4_avoidance.egg-info/PKG-INFO
writing dependency_links to ../../build/px4_avoidance/px4_avoidance.egg-info/dependency_links.txt
writing entry points to ../../build/px4_avoidance/px4_avoidance.egg-info/entry_points.txt
writing requirements to ../../build/px4_avoidance/px4_avoidance.egg-info/requires.txt
writing top-level names to ../../build/px4_avoidance/px4_avoidance.egg-info/top_level.txt
writing manifest file '../../build/px4_avoidance/px4_avoidance.egg-info/SOURCES.txt'
reading manifest file '../../build/px4_avoidance/px4_avoidance.egg-info/SOURCES.txt'
writing manifest file '../../build/px4_avoidance/px4_avoidance.egg-info/SOURCES.txt'
running build
running build_py
creating /home/josu/px4_ros2_ws/build/px4_avoidance/build
creating /home/josu/px4_ros2_ws/build/px4_avoidance/build/lib
creating /home/josu/px4_ros2_ws/build/px4_avoidance/build/lib/px4_avoidance
copying px4_avoidance/__init__.py -> /home/josu/px4_ros2_ws/build/px4_avoidance/build/lib/px4_avoidance
copying px4_avoidance/simple_avoid.py -> /home/josu/px4_ros2_ws/build/px4_avoidance/build/lib/px4_avoidance
running install
running install_lib
creating /home/josu/px4_ros2_ws/install/px4_avoidance/lib/python3.10/site-packages/px4_avoidance
copying /home/josu/px4_ros2_ws/build/px4_avoidance/build/lib/px4_avoidance/__init__.py -> /home/josu/px4_ros2_ws/install/px4_avoidance/lib/python3.10/site-packages/px4_avoidance
copying /home/josu/px4_ros2_ws/build/px4_avoidance/build/lib/px4_avoidance/simple_avoid.py -> /home/josu/px4_ros2_ws/install/px4_avoidance/lib/python3.10/site-packages/px4_avoidance
byte-compiling /home/josu/px4_ros2_ws/install/px4_avoidance/lib/python3.10/site-packages/px4_avoidance/__init__.py to __init__.cpython-310.pyc
byte-compiling /home/josu/px4_ros2_ws/install/px4_avoidance/lib/python3.10/site-packages/px4_avoidance/simple_avoid.py to simple_avoid.cpython-310.pyc
running install_data
creating /home/josu/px4_ros2_ws/install/px4_avoidance/share/ament_index
creating /home/josu/px4_ros2_ws/install/px4_avoidance/share/ament_index/resource_index
creating /home/josu/px4_ros2_ws/install/px4_avoidance/share/ament_index/resource_index/packages
copying resource/px4_avoidance -> /home/josu/px4_ros2_ws/install/px4_avoidance/share/ament_index/resource_index/packages
copying package.xml -> /home/josu/px4_ros2_ws/install/px4_avoidance/share/px4_avoidance
running install_egg_info
Copying ../../build/px4_avoidance/px4_avoidance.egg-info to /home/josu/px4_ros2_ws/install/px4_avoidance/lib/python3.10/site-packages/px4_avoidance-0.0.0-py3.10.egg-info
running install_scripts
Installing simple_avoid script to /home/josu/px4_ros2_ws/install/px4_avoidance/lib/px4_avoidance
writing list of installed files to '/home/josu/px4_ros2_ws/build/px4_avoidance/install.log'
