[0.795s] Invoking command in '/home/josu/px4_ros2_ws/src/px4_avoidance': PYTHONPATH=/home/josu/px4_ros2_ws/build/px4_avoidance/prefix_override:/usr/lib/python3/dist-packages/colcon_core/task/python/colcon_distutils_commands:/home/josu/px4_ros2_ws/install/px4_avoidance/lib/python3.10/site-packages:${PYTHONPATH} /usr/bin/python3 -W ignore:setup.py install is deprecated -W ignore:easy_install command is deprecated setup.py egg_info --egg-base ../../build/px4_avoidance build --build-base /home/josu/px4_ros2_ws/build/px4_avoidance/build install --record /home/josu/px4_ros2_ws/build/px4_avoidance/install.log --single-version-externally-managed install_data
[1.009s] running egg_info
[1.010s] creating ../../build/px4_avoidance/px4_avoidance.egg-info
[1.017s] writing ../../build/px4_avoidance/px4_avoidance.egg-info/PKG-INFO
[1.017s] writing dependency_links to ../../build/px4_avoidance/px4_avoidance.egg-info/dependency_links.txt
[1.017s] writing entry points to ../../build/px4_avoidance/px4_avoidance.egg-info/entry_points.txt
[1.017s] writing requirements to ../../build/px4_avoidance/px4_avoidance.egg-info/requires.txt
[1.017s] writing top-level names to ../../build/px4_avoidance/px4_avoidance.egg-info/top_level.txt
[1.017s] writing manifest file '../../build/px4_avoidance/px4_avoidance.egg-info/SOURCES.txt'
[1.042s] reading manifest file '../../build/px4_avoidance/px4_avoidance.egg-info/SOURCES.txt'
[1.043s] writing manifest file '../../build/px4_avoidance/px4_avoidance.egg-info/SOURCES.txt'
[1.043s] running build
[1.043s] running build_py
[1.043s] creating /home/josu/px4_ros2_ws/build/px4_avoidance/build
[1.043s] creating /home/josu/px4_ros2_ws/build/px4_avoidance/build/lib
[1.043s] creating /home/josu/px4_ros2_ws/build/px4_avoidance/build/lib/px4_avoidance
[1.043s] copying px4_avoidance/__init__.py -> /home/josu/px4_ros2_ws/build/px4_avoidance/build/lib/px4_avoidance
[1.043s] copying px4_avoidance/simple_avoid.py -> /home/josu/px4_ros2_ws/build/px4_avoidance/build/lib/px4_avoidance
[1.044s] running install
[1.046s] running install_lib
[1.055s] creating /home/josu/px4_ros2_ws/install/px4_avoidance/lib/python3.10/site-packages/px4_avoidance
[1.055s] copying /home/josu/px4_ros2_ws/build/px4_avoidance/build/lib/px4_avoidance/__init__.py -> /home/josu/px4_ros2_ws/install/px4_avoidance/lib/python3.10/site-packages/px4_avoidance
[1.055s] copying /home/josu/px4_ros2_ws/build/px4_avoidance/build/lib/px4_avoidance/simple_avoid.py -> /home/josu/px4_ros2_ws/install/px4_avoidance/lib/python3.10/site-packages/px4_avoidance
[1.055s] byte-compiling /home/josu/px4_ros2_ws/install/px4_avoidance/lib/python3.10/site-packages/px4_avoidance/__init__.py to __init__.cpython-310.pyc
[1.055s] byte-compiling /home/josu/px4_ros2_ws/install/px4_avoidance/lib/python3.10/site-packages/px4_avoidance/simple_avoid.py to simple_avoid.cpython-310.pyc
[1.055s] running install_data
[1.055s] creating /home/josu/px4_ros2_ws/install/px4_avoidance/share/ament_index
[1.055s] creating /home/josu/px4_ros2_ws/install/px4_avoidance/share/ament_index/resource_index
[1.055s] creating /home/josu/px4_ros2_ws/install/px4_avoidance/share/ament_index/resource_index/packages
[1.056s] copying resource/px4_avoidance -> /home/josu/px4_ros2_ws/install/px4_avoidance/share/ament_index/resource_index/packages
[1.056s] copying package.xml -> /home/josu/px4_ros2_ws/install/px4_avoidance/share/px4_avoidance
[1.056s] running install_egg_info
[1.064s] Copying ../../build/px4_avoidance/px4_avoidance.egg-info to /home/josu/px4_ros2_ws/install/px4_avoidance/lib/python3.10/site-packages/px4_avoidance-0.0.0-py3.10.egg-info
[1.064s] running install_scripts
[1.097s] Installing simple_avoid script to /home/josu/px4_ros2_ws/install/px4_avoidance/lib/px4_avoidance
[1.098s] writing list of installed files to '/home/josu/px4_ros2_ws/build/px4_avoidance/install.log'
[1.130s] Invoked command in '/home/josu/px4_ros2_ws/src/px4_avoidance' returned '0': PYTHONPATH=/home/josu/px4_ros2_ws/build/px4_avoidance/prefix_override:/usr/lib/python3/dist-packages/colcon_core/task/python/colcon_distutils_commands:/home/josu/px4_ros2_ws/install/px4_avoidance/lib/python3.10/site-packages:${PYTHONPATH} /usr/bin/python3 -W ignore:setup.py install is deprecated -W ignore:easy_install command is deprecated setup.py egg_info --egg-base ../../build/px4_avoidance build --build-base /home/josu/px4_ros2_ws/build/px4_avoidance/build install --record /home/josu/px4_ros2_ws/build/px4_avoidance/install.log --single-version-externally-managed install_data
