[0.062s] DEBUG:colcon:Command line arguments: ['/usr/bin/colcon', 'build']
[0.062s] DEBUG:colcon:Parsed command line arguments: Namespace(log_base=None, log_level=None, verb_name='build', build_base='build', install_base='install', merge_install=False, symlink_install=False, test_result_base=None, continue_on_error=False, executor='parallel', parallel_workers=12, event_handlers=None, ignore_user_meta=False, metas=['./colcon.meta'], base_paths=['.'], packages_ignore=None, packages_ignore_regex=None, paths=None, packages_up_to=None, packages_up_to_regex=None, packages_above=None, packages_above_and_dependencies=None, packages_above_depth=None, packages_select_by_dep=None, packages_skip_by_dep=None, packages_skip_up_to=None, packages_select_build_failed=False, packages_skip_build_finished=False, packages_select_test_failures=False, packages_skip_test_passed=False, packages_select=None, packages_skip=None, packages_select_regex=None, packages_skip_regex=None, packages_start=None, packages_end=None, allow_overriding=[], cmake_args=None, cmake_target=None, cmake_target_skip_unavailable=False, cmake_clean_cache=False, cmake_clean_first=False, cmake_force_configure=False, ament_cmake_args=None, catkin_cmake_args=None, catkin_skip_building_tests=False, mixin_files=None, mixin=None, verb_parser=<colcon_mixin.mixin.mixin_argument.MixinArgumentDecorator object at 0x76890246aef0>, verb_extension=<colcon_core.verb.build.BuildVerb object at 0x768902424430>, main=<bound method BuildVerb.main of <colcon_core.verb.build.BuildVerb object at 0x768902424430>>, mixin_verb=('build',))
[0.203s] Level 1:colcon.colcon_core.package_discovery:discover_packages(colcon_meta) check parameters
[0.203s] Level 1:colcon.colcon_core.package_discovery:discover_packages(recursive) check parameters
[0.203s] Level 1:colcon.colcon_core.package_discovery:discover_packages(ignore) check parameters
[0.203s] Level 1:colcon.colcon_core.package_discovery:discover_packages(path) check parameters
[0.203s] Level 1:colcon.colcon_core.package_discovery:discover_packages(colcon_meta) discover
[0.203s] Level 1:colcon.colcon_core.package_discovery:discover_packages(recursive) discover
[0.203s] INFO:colcon.colcon_core.package_discovery:Crawling recursively for packages in '/home/josu/px4_ros2_ws'
[0.203s] Level 1:colcon.colcon_core.package_identification:_identify(.) by extensions ['ignore', 'ignore_ament_install']
[0.203s] Level 1:colcon.colcon_core.package_identification:_identify(.) by extension 'ignore'
[0.203s] Level 1:colcon.colcon_core.package_identification:_identify(.) by extension 'ignore_ament_install'
[0.203s] Level 1:colcon.colcon_core.package_identification:_identify(.) by extensions ['colcon_pkg']
[0.203s] Level 1:colcon.colcon_core.package_identification:_identify(.) by extension 'colcon_pkg'
[0.203s] Level 1:colcon.colcon_core.package_identification:_identify(.) by extensions ['colcon_meta']
[0.203s] Level 1:colcon.colcon_core.package_identification:_identify(.) by extension 'colcon_meta'
[0.203s] Level 1:colcon.colcon_core.package_identification:_identify(.) by extensions ['ros']
[0.203s] Level 1:colcon.colcon_core.package_identification:_identify(.) by extension 'ros'
[0.212s] Level 1:colcon.colcon_core.package_identification:_identify(.) by extensions ['cmake', 'python']
[0.212s] Level 1:colcon.colcon_core.package_identification:_identify(.) by extension 'cmake'
[0.212s] Level 1:colcon.colcon_core.package_identification:_identify(.) by extension 'python'
[0.212s] Level 1:colcon.colcon_core.package_identification:_identify(.) by extensions ['python_setup_py']
[0.212s] Level 1:colcon.colcon_core.package_identification:_identify(.) by extension 'python_setup_py'
[0.212s] Level 1:colcon.colcon_core.package_identification:_identify(build) by extensions ['ignore', 'ignore_ament_install']
[0.212s] Level 1:colcon.colcon_core.package_identification:_identify(build) by extension 'ignore'
[0.212s] Level 1:colcon.colcon_core.package_identification:_identify(build) ignored
[0.212s] Level 1:colcon.colcon_core.package_identification:_identify(install) by extensions ['ignore', 'ignore_ament_install']
[0.212s] Level 1:colcon.colcon_core.package_identification:_identify(install) by extension 'ignore'
[0.212s] Level 1:colcon.colcon_core.package_identification:_identify(install) ignored
[0.212s] Level 1:colcon.colcon_core.package_identification:_identify(log) by extensions ['ignore', 'ignore_ament_install']
[0.212s] Level 1:colcon.colcon_core.package_identification:_identify(log) by extension 'ignore'
[0.212s] Level 1:colcon.colcon_core.package_identification:_identify(log) ignored
[0.212s] Level 1:colcon.colcon_core.package_identification:_identify(src) by extensions ['ignore', 'ignore_ament_install']
[0.212s] Level 1:colcon.colcon_core.package_identification:_identify(src) by extension 'ignore'
[0.212s] Level 1:colcon.colcon_core.package_identification:_identify(src) by extension 'ignore_ament_install'
[0.212s] Level 1:colcon.colcon_core.package_identification:_identify(src) by extensions ['colcon_pkg']
[0.212s] Level 1:colcon.colcon_core.package_identification:_identify(src) by extension 'colcon_pkg'
[0.212s] Level 1:colcon.colcon_core.package_identification:_identify(src) by extensions ['colcon_meta']
[0.212s] Level 1:colcon.colcon_core.package_identification:_identify(src) by extension 'colcon_meta'
[0.212s] Level 1:colcon.colcon_core.package_identification:_identify(src) by extensions ['ros']
[0.212s] Level 1:colcon.colcon_core.package_identification:_identify(src) by extension 'ros'
[0.212s] Level 1:colcon.colcon_core.package_identification:_identify(src) by extensions ['cmake', 'python']
[0.212s] Level 1:colcon.colcon_core.package_identification:_identify(src) by extension 'cmake'
[0.212s] Level 1:colcon.colcon_core.package_identification:_identify(src) by extension 'python'
[0.212s] Level 1:colcon.colcon_core.package_identification:_identify(src) by extensions ['python_setup_py']
[0.212s] Level 1:colcon.colcon_core.package_identification:_identify(src) by extension 'python_setup_py'
[0.212s] Level 1:colcon.colcon_core.package_identification:_identify(src/ROS2-PX4_Drone_Teleoperation_Using_Joystick) by extensions ['ignore', 'ignore_ament_install']
[0.212s] Level 1:colcon.colcon_core.package_identification:_identify(src/ROS2-PX4_Drone_Teleoperation_Using_Joystick) by extension 'ignore'
[0.212s] Level 1:colcon.colcon_core.package_identification:_identify(src/ROS2-PX4_Drone_Teleoperation_Using_Joystick) by extension 'ignore_ament_install'
[0.213s] Level 1:colcon.colcon_core.package_identification:_identify(src/ROS2-PX4_Drone_Teleoperation_Using_Joystick) by extensions ['colcon_pkg']
[0.213s] Level 1:colcon.colcon_core.package_identification:_identify(src/ROS2-PX4_Drone_Teleoperation_Using_Joystick) by extension 'colcon_pkg'
[0.213s] Level 1:colcon.colcon_core.package_identification:_identify(src/ROS2-PX4_Drone_Teleoperation_Using_Joystick) by extensions ['colcon_meta']
[0.213s] Level 1:colcon.colcon_core.package_identification:_identify(src/ROS2-PX4_Drone_Teleoperation_Using_Joystick) by extension 'colcon_meta'
[0.213s] Level 1:colcon.colcon_core.package_identification:_identify(src/ROS2-PX4_Drone_Teleoperation_Using_Joystick) by extensions ['ros']
[0.213s] Level 1:colcon.colcon_core.package_identification:_identify(src/ROS2-PX4_Drone_Teleoperation_Using_Joystick) by extension 'ros'
[0.213s] Level 1:colcon.colcon_core.package_identification:_identify(src/ROS2-PX4_Drone_Teleoperation_Using_Joystick) by extensions ['cmake', 'python']
[0.213s] Level 1:colcon.colcon_core.package_identification:_identify(src/ROS2-PX4_Drone_Teleoperation_Using_Joystick) by extension 'cmake'
[0.213s] Level 1:colcon.colcon_core.package_identification:_identify(src/ROS2-PX4_Drone_Teleoperation_Using_Joystick) by extension 'python'
[0.213s] Level 1:colcon.colcon_core.package_identification:_identify(src/ROS2-PX4_Drone_Teleoperation_Using_Joystick) by extensions ['python_setup_py']
[0.213s] Level 1:colcon.colcon_core.package_identification:_identify(src/ROS2-PX4_Drone_Teleoperation_Using_Joystick) by extension 'python_setup_py'
[0.213s] Level 1:colcon.colcon_core.package_identification:_identify(src/ROS2-PX4_Drone_Teleoperation_Using_Joystick/px4_bringup) by extensions ['ignore', 'ignore_ament_install']
[0.213s] Level 1:colcon.colcon_core.package_identification:_identify(src/ROS2-PX4_Drone_Teleoperation_Using_Joystick/px4_bringup) by extension 'ignore'
[0.213s] Level 1:colcon.colcon_core.package_identification:_identify(src/ROS2-PX4_Drone_Teleoperation_Using_Joystick/px4_bringup) by extension 'ignore_ament_install'
[0.213s] Level 1:colcon.colcon_core.package_identification:_identify(src/ROS2-PX4_Drone_Teleoperation_Using_Joystick/px4_bringup) by extensions ['colcon_pkg']
[0.213s] Level 1:colcon.colcon_core.package_identification:_identify(src/ROS2-PX4_Drone_Teleoperation_Using_Joystick/px4_bringup) by extension 'colcon_pkg'
[0.213s] Level 1:colcon.colcon_core.package_identification:_identify(src/ROS2-PX4_Drone_Teleoperation_Using_Joystick/px4_bringup) by extensions ['colcon_meta']
[0.213s] Level 1:colcon.colcon_core.package_identification:_identify(src/ROS2-PX4_Drone_Teleoperation_Using_Joystick/px4_bringup) by extension 'colcon_meta'
[0.213s] Level 1:colcon.colcon_core.package_identification:_identify(src/ROS2-PX4_Drone_Teleoperation_Using_Joystick/px4_bringup) by extensions ['ros']
[0.213s] Level 1:colcon.colcon_core.package_identification:_identify(src/ROS2-PX4_Drone_Teleoperation_Using_Joystick/px4_bringup) by extension 'ros'
[0.215s] DEBUG:colcon.colcon_core.package_identification:Package 'src/ROS2-PX4_Drone_Teleoperation_Using_Joystick/px4_bringup' with type 'ros.ament_python' and name 'px4_bringup'
[0.215s] Level 1:colcon.colcon_core.package_identification:_identify(src/ROS2-PX4_Drone_Teleoperation_Using_Joystick/px4_msgs) by extensions ['ignore', 'ignore_ament_install']
[0.215s] Level 1:colcon.colcon_core.package_identification:_identify(src/ROS2-PX4_Drone_Teleoperation_Using_Joystick/px4_msgs) by extension 'ignore'
[0.215s] Level 1:colcon.colcon_core.package_identification:_identify(src/ROS2-PX4_Drone_Teleoperation_Using_Joystick/px4_msgs) by extension 'ignore_ament_install'
[0.215s] Level 1:colcon.colcon_core.package_identification:_identify(src/ROS2-PX4_Drone_Teleoperation_Using_Joystick/px4_msgs) by extensions ['colcon_pkg']
[0.215s] Level 1:colcon.colcon_core.package_identification:_identify(src/ROS2-PX4_Drone_Teleoperation_Using_Joystick/px4_msgs) by extension 'colcon_pkg'
[0.215s] Level 1:colcon.colcon_core.package_identification:_identify(src/ROS2-PX4_Drone_Teleoperation_Using_Joystick/px4_msgs) by extensions ['colcon_meta']
[0.215s] Level 1:colcon.colcon_core.package_identification:_identify(src/ROS2-PX4_Drone_Teleoperation_Using_Joystick/px4_msgs) by extension 'colcon_meta'
[0.215s] Level 1:colcon.colcon_core.package_identification:_identify(src/ROS2-PX4_Drone_Teleoperation_Using_Joystick/px4_msgs) by extensions ['ros']
[0.215s] Level 1:colcon.colcon_core.package_identification:_identify(src/ROS2-PX4_Drone_Teleoperation_Using_Joystick/px4_msgs) by extension 'ros'
[0.215s] Level 1:colcon.colcon_core.package_identification:_identify(src/ROS2-PX4_Drone_Teleoperation_Using_Joystick/px4_msgs) by extensions ['cmake', 'python']
[0.215s] Level 1:colcon.colcon_core.package_identification:_identify(src/ROS2-PX4_Drone_Teleoperation_Using_Joystick/px4_msgs) by extension 'cmake'
[0.215s] Level 1:colcon.colcon_core.package_identification:_identify(src/ROS2-PX4_Drone_Teleoperation_Using_Joystick/px4_msgs) by extension 'python'
[0.215s] Level 1:colcon.colcon_core.package_identification:_identify(src/ROS2-PX4_Drone_Teleoperation_Using_Joystick/px4_msgs) by extensions ['python_setup_py']
[0.215s] Level 1:colcon.colcon_core.package_identification:_identify(src/ROS2-PX4_Drone_Teleoperation_Using_Joystick/px4_msgs) by extension 'python_setup_py'
[0.216s] Level 1:colcon.colcon_core.package_identification:_identify(src/ROS2-PX4_Drone_Teleoperation_Using_Joystick/px4_offboard) by extensions ['ignore', 'ignore_ament_install']
[0.216s] Level 1:colcon.colcon_core.package_identification:_identify(src/ROS2-PX4_Drone_Teleoperation_Using_Joystick/px4_offboard) by extension 'ignore'
[0.216s] Level 1:colcon.colcon_core.package_identification:_identify(src/ROS2-PX4_Drone_Teleoperation_Using_Joystick/px4_offboard) by extension 'ignore_ament_install'
[0.216s] Level 1:colcon.colcon_core.package_identification:_identify(src/ROS2-PX4_Drone_Teleoperation_Using_Joystick/px4_offboard) by extensions ['colcon_pkg']
[0.216s] Level 1:colcon.colcon_core.package_identification:_identify(src/ROS2-PX4_Drone_Teleoperation_Using_Joystick/px4_offboard) by extension 'colcon_pkg'
[0.216s] Level 1:colcon.colcon_core.package_identification:_identify(src/ROS2-PX4_Drone_Teleoperation_Using_Joystick/px4_offboard) by extensions ['colcon_meta']
[0.216s] Level 1:colcon.colcon_core.package_identification:_identify(src/ROS2-PX4_Drone_Teleoperation_Using_Joystick/px4_offboard) by extension 'colcon_meta'
[0.216s] Level 1:colcon.colcon_core.package_identification:_identify(src/ROS2-PX4_Drone_Teleoperation_Using_Joystick/px4_offboard) by extensions ['ros']
[0.216s] Level 1:colcon.colcon_core.package_identification:_identify(src/ROS2-PX4_Drone_Teleoperation_Using_Joystick/px4_offboard) by extension 'ros'
[0.216s] DEBUG:colcon.colcon_core.package_identification:Package 'src/ROS2-PX4_Drone_Teleoperation_Using_Joystick/px4_offboard' with type 'ros.ament_python' and name 'px4_offboard'
[0.216s] Level 1:colcon.colcon_core.package_identification:_identify(src/px4_avoidance) by extensions ['ignore', 'ignore_ament_install']
[0.216s] Level 1:colcon.colcon_core.package_identification:_identify(src/px4_avoidance) by extension 'ignore'
[0.217s] Level 1:colcon.colcon_core.package_identification:_identify(src/px4_avoidance) by extension 'ignore_ament_install'
[0.217s] Level 1:colcon.colcon_core.package_identification:_identify(src/px4_avoidance) by extensions ['colcon_pkg']
[0.217s] Level 1:colcon.colcon_core.package_identification:_identify(src/px4_avoidance) by extension 'colcon_pkg'
[0.217s] Level 1:colcon.colcon_core.package_identification:_identify(src/px4_avoidance) by extensions ['colcon_meta']
[0.217s] Level 1:colcon.colcon_core.package_identification:_identify(src/px4_avoidance) by extension 'colcon_meta'
[0.217s] Level 1:colcon.colcon_core.package_identification:_identify(src/px4_avoidance) by extensions ['ros']
[0.217s] Level 1:colcon.colcon_core.package_identification:_identify(src/px4_avoidance) by extension 'ros'
[0.217s] DEBUG:colcon.colcon_core.package_identification:Package 'src/px4_avoidance' with type 'ros.ament_python' and name 'px4_avoidance'
[0.217s] Level 1:colcon.colcon_core.package_identification:_identify(src/px4_msgs) by extensions ['ignore', 'ignore_ament_install']
[0.217s] Level 1:colcon.colcon_core.package_identification:_identify(src/px4_msgs) by extension 'ignore'
[0.217s] Level 1:colcon.colcon_core.package_identification:_identify(src/px4_msgs) by extension 'ignore_ament_install'
[0.217s] Level 1:colcon.colcon_core.package_identification:_identify(src/px4_msgs) by extensions ['colcon_pkg']
[0.217s] Level 1:colcon.colcon_core.package_identification:_identify(src/px4_msgs) by extension 'colcon_pkg'
[0.217s] Level 1:colcon.colcon_core.package_identification:_identify(src/px4_msgs) by extensions ['colcon_meta']
[0.217s] Level 1:colcon.colcon_core.package_identification:_identify(src/px4_msgs) by extension 'colcon_meta'
[0.217s] Level 1:colcon.colcon_core.package_identification:_identify(src/px4_msgs) by extensions ['ros']
[0.217s] Level 1:colcon.colcon_core.package_identification:_identify(src/px4_msgs) by extension 'ros'
[0.218s] DEBUG:colcon.colcon_core.package_identification:Package 'src/px4_msgs' with type 'ros.ament_cmake' and name 'px4_msgs'
[0.218s] Level 1:colcon.colcon_core.package_identification:_identify(src/px4_ros_com) by extensions ['ignore', 'ignore_ament_install']
[0.218s] Level 1:colcon.colcon_core.package_identification:_identify(src/px4_ros_com) by extension 'ignore'
[0.218s] Level 1:colcon.colcon_core.package_identification:_identify(src/px4_ros_com) by extension 'ignore_ament_install'
[0.218s] Level 1:colcon.colcon_core.package_identification:_identify(src/px4_ros_com) by extensions ['colcon_pkg']
[0.218s] Level 1:colcon.colcon_core.package_identification:_identify(src/px4_ros_com) by extension 'colcon_pkg'
[0.218s] Level 1:colcon.colcon_core.package_identification:_identify(src/px4_ros_com) by extensions ['colcon_meta']
[0.218s] Level 1:colcon.colcon_core.package_identification:_identify(src/px4_ros_com) by extension 'colcon_meta'
[0.218s] Level 1:colcon.colcon_core.package_identification:_identify(src/px4_ros_com) by extensions ['ros']
[0.218s] Level 1:colcon.colcon_core.package_identification:_identify(src/px4_ros_com) by extension 'ros'
[0.218s] DEBUG:colcon.colcon_core.package_identification:Package 'src/px4_ros_com' with type 'ros.ament_cmake' and name 'px4_ros_com'
[0.219s] Level 1:colcon.colcon_core.package_discovery:discover_packages(recursive) using defaults
[0.219s] Level 1:colcon.colcon_core.package_discovery:discover_packages(ignore) discover
[0.219s] Level 1:colcon.colcon_core.package_discovery:discover_packages(ignore) using defaults
[0.219s] Level 1:colcon.colcon_core.package_discovery:discover_packages(path) discover
[0.219s] Level 1:colcon.colcon_core.package_discovery:discover_packages(path) using defaults
[0.236s] Level 1:colcon.colcon_core.package_discovery:discover_packages(prefix_path) check parameters
[0.236s] Level 1:colcon.colcon_core.package_discovery:discover_packages(prefix_path) discover
[0.237s] DEBUG:colcon.colcon_installed_package_information.package_discovery:Found 278 installed packages in /opt/ros/humble
[0.238s] Level 1:colcon.colcon_core.package_discovery:discover_packages(prefix_path) using defaults
[0.258s] Level 5:colcon.colcon_core.verb:set package 'px4_avoidance' build argument 'cmake_args' from command line to 'None'
[0.258s] Level 5:colcon.colcon_core.verb:set package 'px4_avoidance' build argument 'cmake_target' from command line to 'None'
[0.258s] Level 5:colcon.colcon_core.verb:set package 'px4_avoidance' build argument 'cmake_target_skip_unavailable' from command line to 'False'
[0.258s] Level 5:colcon.colcon_core.verb:set package 'px4_avoidance' build argument 'cmake_clean_cache' from command line to 'False'
[0.258s] Level 5:colcon.colcon_core.verb:set package 'px4_avoidance' build argument 'cmake_clean_first' from command line to 'False'
[0.258s] Level 5:colcon.colcon_core.verb:set package 'px4_avoidance' build argument 'cmake_force_configure' from command line to 'False'
[0.258s] Level 5:colcon.colcon_core.verb:set package 'px4_avoidance' build argument 'ament_cmake_args' from command line to 'None'
[0.258s] Level 5:colcon.colcon_core.verb:set package 'px4_avoidance' build argument 'catkin_cmake_args' from command line to 'None'
[0.258s] Level 5:colcon.colcon_core.verb:set package 'px4_avoidance' build argument 'catkin_skip_building_tests' from command line to 'False'
[0.258s] DEBUG:colcon.colcon_core.verb:Building package 'px4_avoidance' with the following arguments: {'ament_cmake_args': None, 'build_base': '/home/josu/px4_ros2_ws/build/px4_avoidance', 'catkin_cmake_args': None, 'catkin_skip_building_tests': False, 'cmake_args': None, 'cmake_clean_cache': False, 'cmake_clean_first': False, 'cmake_force_configure': False, 'cmake_target': None, 'cmake_target_skip_unavailable': False, 'install_base': '/home/josu/px4_ros2_ws/install/px4_avoidance', 'merge_install': False, 'path': '/home/josu/px4_ros2_ws/src/px4_avoidance', 'symlink_install': False, 'test_result_base': None}
[0.258s] Level 5:colcon.colcon_core.verb:set package 'px4_msgs' build argument 'cmake_args' from command line to 'None'
[0.258s] Level 5:colcon.colcon_core.verb:set package 'px4_msgs' build argument 'cmake_target' from command line to 'None'
[0.258s] Level 5:colcon.colcon_core.verb:set package 'px4_msgs' build argument 'cmake_target_skip_unavailable' from command line to 'False'
[0.258s] Level 5:colcon.colcon_core.verb:set package 'px4_msgs' build argument 'cmake_clean_cache' from command line to 'False'
[0.258s] Level 5:colcon.colcon_core.verb:set package 'px4_msgs' build argument 'cmake_clean_first' from command line to 'False'
[0.258s] Level 5:colcon.colcon_core.verb:set package 'px4_msgs' build argument 'cmake_force_configure' from command line to 'False'
[0.258s] Level 5:colcon.colcon_core.verb:set package 'px4_msgs' build argument 'ament_cmake_args' from command line to 'None'
[0.258s] Level 5:colcon.colcon_core.verb:set package 'px4_msgs' build argument 'catkin_cmake_args' from command line to 'None'
[0.258s] Level 5:colcon.colcon_core.verb:set package 'px4_msgs' build argument 'catkin_skip_building_tests' from command line to 'False'
[0.258s] DEBUG:colcon.colcon_core.verb:Building package 'px4_msgs' with the following arguments: {'ament_cmake_args': None, 'build_base': '/home/josu/px4_ros2_ws/build/px4_msgs', 'catkin_cmake_args': None, 'catkin_skip_building_tests': False, 'cmake_args': None, 'cmake_clean_cache': False, 'cmake_clean_first': False, 'cmake_force_configure': False, 'cmake_target': None, 'cmake_target_skip_unavailable': False, 'install_base': '/home/josu/px4_ros2_ws/install/px4_msgs', 'merge_install': False, 'path': '/home/josu/px4_ros2_ws/src/px4_msgs', 'symlink_install': False, 'test_result_base': None}
[0.258s] Level 5:colcon.colcon_core.verb:set package 'px4_offboard' build argument 'cmake_args' from command line to 'None'
[0.258s] Level 5:colcon.colcon_core.verb:set package 'px4_offboard' build argument 'cmake_target' from command line to 'None'
[0.258s] Level 5:colcon.colcon_core.verb:set package 'px4_offboard' build argument 'cmake_target_skip_unavailable' from command line to 'False'
[0.258s] Level 5:colcon.colcon_core.verb:set package 'px4_offboard' build argument 'cmake_clean_cache' from command line to 'False'
[0.258s] Level 5:colcon.colcon_core.verb:set package 'px4_offboard' build argument 'cmake_clean_first' from command line to 'False'
[0.258s] Level 5:colcon.colcon_core.verb:set package 'px4_offboard' build argument 'cmake_force_configure' from command line to 'False'
[0.258s] Level 5:colcon.colcon_core.verb:set package 'px4_offboard' build argument 'ament_cmake_args' from command line to 'None'
[0.258s] Level 5:colcon.colcon_core.verb:set package 'px4_offboard' build argument 'catkin_cmake_args' from command line to 'None'
[0.258s] Level 5:colcon.colcon_core.verb:set package 'px4_offboard' build argument 'catkin_skip_building_tests' from command line to 'False'
[0.258s] DEBUG:colcon.colcon_core.verb:Building package 'px4_offboard' with the following arguments: {'ament_cmake_args': None, 'build_base': '/home/josu/px4_ros2_ws/build/px4_offboard', 'catkin_cmake_args': None, 'catkin_skip_building_tests': False, 'cmake_args': None, 'cmake_clean_cache': False, 'cmake_clean_first': False, 'cmake_force_configure': False, 'cmake_target': None, 'cmake_target_skip_unavailable': False, 'install_base': '/home/josu/px4_ros2_ws/install/px4_offboard', 'merge_install': False, 'path': '/home/josu/px4_ros2_ws/src/ROS2-PX4_Drone_Teleoperation_Using_Joystick/px4_offboard', 'symlink_install': False, 'test_result_base': None}
[0.258s] Level 5:colcon.colcon_core.verb:set package 'px4_bringup' build argument 'cmake_args' from command line to 'None'
[0.258s] Level 5:colcon.colcon_core.verb:set package 'px4_bringup' build argument 'cmake_target' from command line to 'None'
[0.259s] Level 5:colcon.colcon_core.verb:set package 'px4_bringup' build argument 'cmake_target_skip_unavailable' from command line to 'False'
[0.259s] Level 5:colcon.colcon_core.verb:set package 'px4_bringup' build argument 'cmake_clean_cache' from command line to 'False'
[0.259s] Level 5:colcon.colcon_core.verb:set package 'px4_bringup' build argument 'cmake_clean_first' from command line to 'False'
[0.259s] Level 5:colcon.colcon_core.verb:set package 'px4_bringup' build argument 'cmake_force_configure' from command line to 'False'
[0.259s] Level 5:colcon.colcon_core.verb:set package 'px4_bringup' build argument 'ament_cmake_args' from command line to 'None'
[0.259s] Level 5:colcon.colcon_core.verb:set package 'px4_bringup' build argument 'catkin_cmake_args' from command line to 'None'
[0.259s] Level 5:colcon.colcon_core.verb:set package 'px4_bringup' build argument 'catkin_skip_building_tests' from command line to 'False'
[0.259s] DEBUG:colcon.colcon_core.verb:Building package 'px4_bringup' with the following arguments: {'ament_cmake_args': None, 'build_base': '/home/josu/px4_ros2_ws/build/px4_bringup', 'catkin_cmake_args': None, 'catkin_skip_building_tests': False, 'cmake_args': None, 'cmake_clean_cache': False, 'cmake_clean_first': False, 'cmake_force_configure': False, 'cmake_target': None, 'cmake_target_skip_unavailable': False, 'install_base': '/home/josu/px4_ros2_ws/install/px4_bringup', 'merge_install': False, 'path': '/home/josu/px4_ros2_ws/src/ROS2-PX4_Drone_Teleoperation_Using_Joystick/px4_bringup', 'symlink_install': False, 'test_result_base': None}
[0.259s] Level 5:colcon.colcon_core.verb:set package 'px4_ros_com' build argument 'cmake_args' from command line to 'None'
[0.259s] Level 5:colcon.colcon_core.verb:set package 'px4_ros_com' build argument 'cmake_target' from command line to 'None'
[0.259s] Level 5:colcon.colcon_core.verb:set package 'px4_ros_com' build argument 'cmake_target_skip_unavailable' from command line to 'False'
[0.259s] Level 5:colcon.colcon_core.verb:set package 'px4_ros_com' build argument 'cmake_clean_cache' from command line to 'False'
[0.259s] Level 5:colcon.colcon_core.verb:set package 'px4_ros_com' build argument 'cmake_clean_first' from command line to 'False'
[0.259s] Level 5:colcon.colcon_core.verb:set package 'px4_ros_com' build argument 'cmake_force_configure' from command line to 'False'
[0.259s] Level 5:colcon.colcon_core.verb:set package 'px4_ros_com' build argument 'ament_cmake_args' from command line to 'None'
[0.259s] Level 5:colcon.colcon_core.verb:set package 'px4_ros_com' build argument 'catkin_cmake_args' from command line to 'None'
[0.259s] Level 5:colcon.colcon_core.verb:set package 'px4_ros_com' build argument 'catkin_skip_building_tests' from command line to 'False'
[0.259s] DEBUG:colcon.colcon_core.verb:Building package 'px4_ros_com' with the following arguments: {'ament_cmake_args': None, 'build_base': '/home/josu/px4_ros2_ws/build/px4_ros_com', 'catkin_cmake_args': None, 'catkin_skip_building_tests': False, 'cmake_args': None, 'cmake_clean_cache': False, 'cmake_clean_first': False, 'cmake_force_configure': False, 'cmake_target': None, 'cmake_target_skip_unavailable': False, 'install_base': '/home/josu/px4_ros2_ws/install/px4_ros_com', 'merge_install': False, 'path': '/home/josu/px4_ros2_ws/src/px4_ros_com', 'symlink_install': False, 'test_result_base': None}
[0.259s] INFO:colcon.colcon_core.executor:Executing jobs using 'parallel' executor
[0.260s] DEBUG:colcon.colcon_parallel_executor.executor.parallel:run_until_complete
[0.260s] INFO:colcon.colcon_ros.task.ament_cmake.build:Building ROS package in '/home/josu/px4_ros2_ws/src/px4_msgs' with build type 'ament_cmake'
[0.260s] INFO:colcon.colcon_cmake.task.cmake.build:Building CMake package in '/home/josu/px4_ros2_ws/src/px4_msgs'
[0.261s] INFO:colcon.colcon_core.plugin_system:Skipping extension 'colcon_core.shell.bat': Not used on non-Windows systems
[0.261s] INFO:colcon.colcon_core.shell:Skip shell extension 'powershell' for command environment: Not usable outside of PowerShell
[0.261s] DEBUG:colcon.colcon_core.shell:Skip shell extension 'dsv' for command environment
[0.263s] INFO:colcon.colcon_ros.task.ament_python.build:Building ROS package in '/home/josu/px4_ros2_ws/src/ROS2-PX4_Drone_Teleoperation_Using_Joystick/px4_offboard' with build type 'ament_python'
[0.263s] Level 1:colcon.colcon_core.shell:create_environment_hook('px4_offboard', 'ament_prefix_path')
[0.263s] INFO:colcon.colcon_core.shell:Creating environment hook '/home/josu/px4_ros2_ws/install/px4_offboard/share/px4_offboard/hook/ament_prefix_path.ps1'
[0.264s] INFO:colcon.colcon_core.shell:Creating environment descriptor '/home/josu/px4_ros2_ws/install/px4_offboard/share/px4_offboard/hook/ament_prefix_path.dsv'
[0.264s] INFO:colcon.colcon_core.shell:Creating environment hook '/home/josu/px4_ros2_ws/install/px4_offboard/share/px4_offboard/hook/ament_prefix_path.sh'
[0.264s] INFO:colcon.colcon_core.shell:Skip shell extension 'powershell' for command environment: Not usable outside of PowerShell
[0.264s] DEBUG:colcon.colcon_core.shell:Skip shell extension 'dsv' for command environment
[0.266s] INFO:colcon.colcon_ros.task.ament_python.build:Building ROS package in '/home/josu/px4_ros2_ws/src/px4_avoidance' with build type 'ament_python'
[0.266s] Level 1:colcon.colcon_core.shell:create_environment_hook('px4_avoidance', 'ament_prefix_path')
[0.266s] INFO:colcon.colcon_core.shell:Creating environment hook '/home/josu/px4_ros2_ws/install/px4_avoidance/share/px4_avoidance/hook/ament_prefix_path.ps1'
[0.266s] INFO:colcon.colcon_core.shell:Creating environment descriptor '/home/josu/px4_ros2_ws/install/px4_avoidance/share/px4_avoidance/hook/ament_prefix_path.dsv'
[0.266s] INFO:colcon.colcon_core.shell:Creating environment hook '/home/josu/px4_ros2_ws/install/px4_avoidance/share/px4_avoidance/hook/ament_prefix_path.sh'
[0.266s] INFO:colcon.colcon_core.shell:Skip shell extension 'powershell' for command environment: Not usable outside of PowerShell
[0.266s] DEBUG:colcon.colcon_core.shell:Skip shell extension 'dsv' for command environment
[0.271s] DEBUG:colcon.colcon_core.event_handler.log_command:Invoking command in '/home/josu/px4_ros2_ws/build/px4_msgs': CMAKE_PREFIX_PATH=/opt/ros/humble /usr/bin/cmake /home/josu/px4_ros2_ws/src/px4_msgs -DCMAKE_INSTALL_PREFIX=/home/josu/px4_ros2_ws/install/px4_msgs
[0.476s] INFO:colcon.colcon_core.task.python.build:Building Python package in '/home/josu/px4_ros2_ws/src/ROS2-PX4_Drone_Teleoperation_Using_Joystick/px4_offboard'
[0.477s] INFO:colcon.colcon_core.shell:Skip shell extension 'powershell' for command environment: Not usable outside of PowerShell
[0.477s] DEBUG:colcon.colcon_core.shell:Skip shell extension 'dsv' for command environment
[0.688s] INFO:colcon.colcon_core.task.python.build:Building Python package in '/home/josu/px4_ros2_ws/src/px4_avoidance'
[0.689s] INFO:colcon.colcon_core.shell:Skip shell extension 'powershell' for command environment: Not usable outside of PowerShell
[0.689s] DEBUG:colcon.colcon_core.shell:Skip shell extension 'dsv' for command environment
[1.061s] DEBUG:colcon.colcon_core.event_handler.log_command:Invoking command in '/home/josu/px4_ros2_ws/src/px4_avoidance': PYTHONPATH=/home/josu/px4_ros2_ws/build/px4_avoidance/prefix_override:/usr/lib/python3/dist-packages/colcon_core/task/python/colcon_distutils_commands:/home/josu/px4_ros2_ws/install/px4_avoidance/lib/python3.10/site-packages:${PYTHONPATH} /usr/bin/python3 -W ignore:setup.py install is deprecated -W ignore:easy_install command is deprecated setup.py egg_info --egg-base ../../build/px4_avoidance build --build-base /home/josu/px4_ros2_ws/build/px4_avoidance/build install --record /home/josu/px4_ros2_ws/build/px4_avoidance/install.log --single-version-externally-managed install_data
[1.062s] DEBUG:colcon.colcon_core.event_handler.log_command:Invoking command in '/home/josu/px4_ros2_ws/src/ROS2-PX4_Drone_Teleoperation_Using_Joystick/px4_offboard': PYTHONPATH=/home/josu/px4_ros2_ws/build/px4_offboard/prefix_override:/usr/lib/python3/dist-packages/colcon_core/task/python/colcon_distutils_commands:/home/josu/px4_ros2_ws/install/px4_offboard/lib/python3.10/site-packages:${PYTHONPATH} /usr/bin/python3 -W ignore:setup.py install is deprecated -W ignore:easy_install command is deprecated setup.py egg_info --egg-base ../../../build/px4_offboard build --build-base /home/josu/px4_ros2_ws/build/px4_offboard/build install --record /home/josu/px4_ros2_ws/build/px4_offboard/install.log --single-version-externally-managed install_data
[1.396s] DEBUG:colcon.colcon_core.event_handler.log_command:Invoked command in '/home/josu/px4_ros2_ws/src/px4_avoidance' returned '0': PYTHONPATH=/home/josu/px4_ros2_ws/build/px4_avoidance/prefix_override:/usr/lib/python3/dist-packages/colcon_core/task/python/colcon_distutils_commands:/home/josu/px4_ros2_ws/install/px4_avoidance/lib/python3.10/site-packages:${PYTHONPATH} /usr/bin/python3 -W ignore:setup.py install is deprecated -W ignore:easy_install command is deprecated setup.py egg_info --egg-base ../../build/px4_avoidance build --build-base /home/josu/px4_ros2_ws/build/px4_avoidance/build install --record /home/josu/px4_ros2_ws/build/px4_avoidance/install.log --single-version-externally-managed install_data
[1.398s] Level 1:colcon.colcon_core.environment:checking '/home/josu/px4_ros2_ws/install/px4_avoidance' for CMake module files
[1.398s] Level 1:colcon.colcon_core.environment:checking '/home/josu/px4_ros2_ws/install/px4_avoidance' for CMake config files
[1.399s] Level 1:colcon.colcon_core.environment:checking '/home/josu/px4_ros2_ws/install/px4_avoidance/lib'
[1.399s] Level 1:colcon.colcon_core.environment:checking '/home/josu/px4_ros2_ws/install/px4_avoidance/bin'
[1.399s] Level 1:colcon.colcon_core.environment:checking '/home/josu/px4_ros2_ws/install/px4_avoidance/lib/pkgconfig/px4_avoidance.pc'
[1.399s] Level 1:colcon.colcon_core.environment:checking '/home/josu/px4_ros2_ws/install/px4_avoidance/lib/python3.10/site-packages'
[1.399s] Level 1:colcon.colcon_core.shell:create_environment_hook('px4_avoidance', 'pythonpath')
[1.399s] INFO:colcon.colcon_core.shell:Creating environment hook '/home/josu/px4_ros2_ws/install/px4_avoidance/share/px4_avoidance/hook/pythonpath.ps1'
[1.399s] INFO:colcon.colcon_core.shell:Creating environment descriptor '/home/josu/px4_ros2_ws/install/px4_avoidance/share/px4_avoidance/hook/pythonpath.dsv'
[1.400s] INFO:colcon.colcon_core.shell:Creating environment hook '/home/josu/px4_ros2_ws/install/px4_avoidance/share/px4_avoidance/hook/pythonpath.sh'
[1.400s] Level 1:colcon.colcon_core.environment:checking '/home/josu/px4_ros2_ws/install/px4_avoidance/bin'
[1.400s] Level 1:colcon.colcon_core.environment:create_environment_scripts_only(px4_avoidance)
[1.400s] INFO:colcon.colcon_core.shell:Creating package script '/home/josu/px4_ros2_ws/install/px4_avoidance/share/px4_avoidance/package.ps1'
[1.401s] INFO:colcon.colcon_core.shell:Creating package descriptor '/home/josu/px4_ros2_ws/install/px4_avoidance/share/px4_avoidance/package.dsv'
[1.401s] INFO:colcon.colcon_core.shell:Creating package script '/home/josu/px4_ros2_ws/install/px4_avoidance/share/px4_avoidance/package.sh'
[1.401s] INFO:colcon.colcon_core.shell:Creating package script '/home/josu/px4_ros2_ws/install/px4_avoidance/share/px4_avoidance/package.bash'
[1.402s] INFO:colcon.colcon_core.shell:Creating package script '/home/josu/px4_ros2_ws/install/px4_avoidance/share/px4_avoidance/package.zsh'
[1.402s] Level 1:colcon.colcon_core.environment:create_file_with_runtime_dependencies(/home/josu/px4_ros2_ws/install/px4_avoidance/share/colcon-core/packages/px4_avoidance)
[1.403s] Level 1:colcon.colcon_core.environment:checking '/home/josu/px4_ros2_ws/install/px4_offboard' for CMake module files
[1.403s] DEBUG:colcon.colcon_core.event_handler.log_command:Invoked command in '/home/josu/px4_ros2_ws/src/ROS2-PX4_Drone_Teleoperation_Using_Joystick/px4_offboard' returned '0': PYTHONPATH=/home/josu/px4_ros2_ws/build/px4_offboard/prefix_override:/usr/lib/python3/dist-packages/colcon_core/task/python/colcon_distutils_commands:/home/josu/px4_ros2_ws/install/px4_offboard/lib/python3.10/site-packages:${PYTHONPATH} /usr/bin/python3 -W ignore:setup.py install is deprecated -W ignore:easy_install command is deprecated setup.py egg_info --egg-base ../../../build/px4_offboard build --build-base /home/josu/px4_ros2_ws/build/px4_offboard/build install --record /home/josu/px4_ros2_ws/build/px4_offboard/install.log --single-version-externally-managed install_data
[1.404s] Level 1:colcon.colcon_core.environment:checking '/home/josu/px4_ros2_ws/install/px4_offboard' for CMake config files
[1.404s] Level 1:colcon.colcon_core.environment:checking '/home/josu/px4_ros2_ws/install/px4_offboard/lib'
[1.404s] Level 1:colcon.colcon_core.environment:checking '/home/josu/px4_ros2_ws/install/px4_offboard/bin'
[1.404s] Level 1:colcon.colcon_core.environment:checking '/home/josu/px4_ros2_ws/install/px4_offboard/lib/pkgconfig/px4_offboard.pc'
[1.404s] Level 1:colcon.colcon_core.environment:checking '/home/josu/px4_ros2_ws/install/px4_offboard/lib/python3.10/site-packages'
[1.404s] Level 1:colcon.colcon_core.shell:create_environment_hook('px4_offboard', 'pythonpath')
[1.405s] INFO:colcon.colcon_core.shell:Creating environment hook '/home/josu/px4_ros2_ws/install/px4_offboard/share/px4_offboard/hook/pythonpath.ps1'
[1.405s] INFO:colcon.colcon_core.shell:Creating environment descriptor '/home/josu/px4_ros2_ws/install/px4_offboard/share/px4_offboard/hook/pythonpath.dsv'
[1.405s] INFO:colcon.colcon_core.shell:Creating environment hook '/home/josu/px4_ros2_ws/install/px4_offboard/share/px4_offboard/hook/pythonpath.sh'
[1.406s] Level 1:colcon.colcon_core.environment:checking '/home/josu/px4_ros2_ws/install/px4_offboard/bin'
[1.406s] Level 1:colcon.colcon_core.environment:create_environment_scripts_only(px4_offboard)
[1.406s] INFO:colcon.colcon_core.shell:Creating package script '/home/josu/px4_ros2_ws/install/px4_offboard/share/px4_offboard/package.ps1'
[1.407s] INFO:colcon.colcon_core.shell:Creating package descriptor '/home/josu/px4_ros2_ws/install/px4_offboard/share/px4_offboard/package.dsv'
[1.407s] INFO:colcon.colcon_core.shell:Creating package script '/home/josu/px4_ros2_ws/install/px4_offboard/share/px4_offboard/package.sh'
[1.407s] INFO:colcon.colcon_core.shell:Creating package script '/home/josu/px4_ros2_ws/install/px4_offboard/share/px4_offboard/package.bash'
[1.408s] INFO:colcon.colcon_core.shell:Creating package script '/home/josu/px4_ros2_ws/install/px4_offboard/share/px4_offboard/package.zsh'
[1.408s] Level 1:colcon.colcon_core.environment:create_file_with_runtime_dependencies(/home/josu/px4_ros2_ws/install/px4_offboard/share/colcon-core/packages/px4_offboard)
[2.766s] DEBUG:colcon.colcon_core.event_handler.log_command:Invoked command in '/home/josu/px4_ros2_ws/build/px4_msgs' returned '0': CMAKE_PREFIX_PATH=/opt/ros/humble /usr/bin/cmake /home/josu/px4_ros2_ws/src/px4_msgs -DCMAKE_INSTALL_PREFIX=/home/josu/px4_ros2_ws/install/px4_msgs
[2.768s] DEBUG:colcon.colcon_core.event_handler.log_command:Invoking command in '/home/josu/px4_ros2_ws/build/px4_msgs': CMAKE_PREFIX_PATH=/opt/ros/humble /usr/bin/cmake --build /home/josu/px4_ros2_ws/build/px4_msgs -- -j12 -l12
[136.036s] DEBUG:colcon.colcon_core.event_handler.log_command:Invoked command in '/home/josu/px4_ros2_ws/build/px4_msgs' returned '0': CMAKE_PREFIX_PATH=/opt/ros/humble /usr/bin/cmake --build /home/josu/px4_ros2_ws/build/px4_msgs -- -j12 -l12
[136.043s] DEBUG:colcon.colcon_core.event_handler.log_command:Invoking command in '/home/josu/px4_ros2_ws/build/px4_msgs': CMAKE_PREFIX_PATH=/opt/ros/humble /usr/bin/cmake --install /home/josu/px4_ros2_ws/build/px4_msgs
[136.684s] Level 1:colcon.colcon_core.environment:create_environment_scripts_only(px4_msgs)
[136.685s] Level 1:colcon.colcon_core.environment:checking '/home/josu/px4_ros2_ws/install/px4_msgs' for CMake module files
[136.685s] DEBUG:colcon.colcon_core.event_handler.log_command:Invoked command in '/home/josu/px4_ros2_ws/build/px4_msgs' returned '0': CMAKE_PREFIX_PATH=/opt/ros/humble /usr/bin/cmake --install /home/josu/px4_ros2_ws/build/px4_msgs
[136.686s] Level 1:colcon.colcon_core.environment:checking '/home/josu/px4_ros2_ws/install/px4_msgs' for CMake config files
[136.686s] Level 1:colcon.colcon_core.shell:create_environment_hook('px4_msgs', 'cmake_prefix_path')
[136.687s] INFO:colcon.colcon_core.shell:Creating environment hook '/home/josu/px4_ros2_ws/install/px4_msgs/share/px4_msgs/hook/cmake_prefix_path.ps1'
[136.687s] INFO:colcon.colcon_core.shell:Creating environment descriptor '/home/josu/px4_ros2_ws/install/px4_msgs/share/px4_msgs/hook/cmake_prefix_path.dsv'
[136.688s] INFO:colcon.colcon_core.shell:Creating environment hook '/home/josu/px4_ros2_ws/install/px4_msgs/share/px4_msgs/hook/cmake_prefix_path.sh'
[136.688s] Level 1:colcon.colcon_core.environment:checking '/home/josu/px4_ros2_ws/install/px4_msgs/lib'
[136.688s] Level 1:colcon.colcon_core.shell:create_environment_hook('px4_msgs', 'ld_library_path_lib')
[136.688s] INFO:colcon.colcon_core.shell:Creating environment hook '/home/josu/px4_ros2_ws/install/px4_msgs/share/px4_msgs/hook/ld_library_path_lib.ps1'
[136.689s] INFO:colcon.colcon_core.shell:Creating environment descriptor '/home/josu/px4_ros2_ws/install/px4_msgs/share/px4_msgs/hook/ld_library_path_lib.dsv'
[136.689s] INFO:colcon.colcon_core.shell:Creating environment hook '/home/josu/px4_ros2_ws/install/px4_msgs/share/px4_msgs/hook/ld_library_path_lib.sh'
[136.689s] Level 1:colcon.colcon_core.environment:checking '/home/josu/px4_ros2_ws/install/px4_msgs/bin'
[136.689s] Level 1:colcon.colcon_core.environment:checking '/home/josu/px4_ros2_ws/install/px4_msgs/lib/pkgconfig/px4_msgs.pc'
[136.689s] Level 1:colcon.colcon_core.environment:checking '/home/josu/px4_ros2_ws/install/px4_msgs/lib/python3.10/site-packages'
[136.690s] Level 1:colcon.colcon_core.environment:checking '/home/josu/px4_ros2_ws/install/px4_msgs/bin'
[136.690s] INFO:colcon.colcon_core.shell:Creating package script '/home/josu/px4_ros2_ws/install/px4_msgs/share/px4_msgs/package.ps1'
[136.690s] INFO:colcon.colcon_core.shell:Creating package descriptor '/home/josu/px4_ros2_ws/install/px4_msgs/share/px4_msgs/package.dsv'
[136.690s] INFO:colcon.colcon_core.shell:Creating package script '/home/josu/px4_ros2_ws/install/px4_msgs/share/px4_msgs/package.sh'
[136.691s] INFO:colcon.colcon_core.shell:Creating package script '/home/josu/px4_ros2_ws/install/px4_msgs/share/px4_msgs/package.bash'
[136.691s] INFO:colcon.colcon_core.shell:Creating package script '/home/josu/px4_ros2_ws/install/px4_msgs/share/px4_msgs/package.zsh'
[136.691s] Level 1:colcon.colcon_core.environment:create_file_with_runtime_dependencies(/home/josu/px4_ros2_ws/install/px4_msgs/share/colcon-core/packages/px4_msgs)
[136.691s] Level 1:colcon.colcon_core.environment:create_environment_scripts_only(px4_msgs)
[136.691s] Level 1:colcon.colcon_core.environment:checking '/home/josu/px4_ros2_ws/install/px4_msgs' for CMake module files
[136.692s] Level 1:colcon.colcon_core.environment:checking '/home/josu/px4_ros2_ws/install/px4_msgs' for CMake config files
[136.692s] Level 1:colcon.colcon_core.shell:create_environment_hook('px4_msgs', 'cmake_prefix_path')
[136.692s] INFO:colcon.colcon_core.shell:Creating environment hook '/home/josu/px4_ros2_ws/install/px4_msgs/share/px4_msgs/hook/cmake_prefix_path.ps1'
[136.693s] INFO:colcon.colcon_core.shell:Creating environment descriptor '/home/josu/px4_ros2_ws/install/px4_msgs/share/px4_msgs/hook/cmake_prefix_path.dsv'
[136.693s] INFO:colcon.colcon_core.shell:Creating environment hook '/home/josu/px4_ros2_ws/install/px4_msgs/share/px4_msgs/hook/cmake_prefix_path.sh'
[136.693s] Level 1:colcon.colcon_core.environment:checking '/home/josu/px4_ros2_ws/install/px4_msgs/lib'
[136.693s] Level 1:colcon.colcon_core.shell:create_environment_hook('px4_msgs', 'ld_library_path_lib')
[136.693s] INFO:colcon.colcon_core.shell:Creating environment hook '/home/josu/px4_ros2_ws/install/px4_msgs/share/px4_msgs/hook/ld_library_path_lib.ps1'
[136.694s] INFO:colcon.colcon_core.shell:Creating environment descriptor '/home/josu/px4_ros2_ws/install/px4_msgs/share/px4_msgs/hook/ld_library_path_lib.dsv'
[136.694s] INFO:colcon.colcon_core.shell:Creating environment hook '/home/josu/px4_ros2_ws/install/px4_msgs/share/px4_msgs/hook/ld_library_path_lib.sh'
[136.694s] Level 1:colcon.colcon_core.environment:checking '/home/josu/px4_ros2_ws/install/px4_msgs/bin'
[136.694s] Level 1:colcon.colcon_core.environment:checking '/home/josu/px4_ros2_ws/install/px4_msgs/lib/pkgconfig/px4_msgs.pc'
[136.694s] Level 1:colcon.colcon_core.environment:checking '/home/josu/px4_ros2_ws/install/px4_msgs/lib/python3.10/site-packages'
[136.695s] Level 1:colcon.colcon_core.environment:checking '/home/josu/px4_ros2_ws/install/px4_msgs/bin'
[136.695s] INFO:colcon.colcon_core.shell:Creating package script '/home/josu/px4_ros2_ws/install/px4_msgs/share/px4_msgs/package.ps1'
[136.695s] INFO:colcon.colcon_core.shell:Creating package descriptor '/home/josu/px4_ros2_ws/install/px4_msgs/share/px4_msgs/package.dsv'
[136.695s] INFO:colcon.colcon_core.shell:Creating package script '/home/josu/px4_ros2_ws/install/px4_msgs/share/px4_msgs/package.sh'
[136.696s] INFO:colcon.colcon_core.shell:Creating package script '/home/josu/px4_ros2_ws/install/px4_msgs/share/px4_msgs/package.bash'
[136.696s] INFO:colcon.colcon_core.shell:Creating package script '/home/josu/px4_ros2_ws/install/px4_msgs/share/px4_msgs/package.zsh'
[136.696s] Level 1:colcon.colcon_core.environment:create_file_with_runtime_dependencies(/home/josu/px4_ros2_ws/install/px4_msgs/share/colcon-core/packages/px4_msgs)
[136.696s] INFO:colcon.colcon_ros.task.ament_python.build:Building ROS package in '/home/josu/px4_ros2_ws/src/ROS2-PX4_Drone_Teleoperation_Using_Joystick/px4_bringup' with build type 'ament_python'
[136.696s] Level 1:colcon.colcon_core.shell:create_environment_hook('px4_bringup', 'ament_prefix_path')
[136.696s] INFO:colcon.colcon_core.shell:Creating environment hook '/home/josu/px4_ros2_ws/install/px4_bringup/share/px4_bringup/hook/ament_prefix_path.ps1'
[136.697s] INFO:colcon.colcon_core.shell:Creating environment descriptor '/home/josu/px4_ros2_ws/install/px4_bringup/share/px4_bringup/hook/ament_prefix_path.dsv'
[136.697s] INFO:colcon.colcon_core.shell:Creating environment hook '/home/josu/px4_ros2_ws/install/px4_bringup/share/px4_bringup/hook/ament_prefix_path.sh'
[136.698s] INFO:colcon.colcon_core.shell:Skip shell extension 'powershell' for command environment: Not usable outside of PowerShell
[136.698s] DEBUG:colcon.colcon_core.shell:Skip shell extension 'dsv' for command environment
[136.701s] INFO:colcon.colcon_ros.task.ament_cmake.build:Building ROS package in '/home/josu/px4_ros2_ws/src/px4_ros_com' with build type 'ament_cmake'
[136.701s] INFO:colcon.colcon_cmake.task.cmake.build:Building CMake package in '/home/josu/px4_ros2_ws/src/px4_ros_com'
[136.701s] INFO:colcon.colcon_core.shell:Skip shell extension 'powershell' for command environment: Not usable outside of PowerShell
[136.701s] DEBUG:colcon.colcon_core.shell:Skip shell extension 'dsv' for command environment
[136.942s] INFO:colcon.colcon_core.task.python.build:Building Python package in '/home/josu/px4_ros2_ws/src/ROS2-PX4_Drone_Teleoperation_Using_Joystick/px4_bringup'
[136.942s] INFO:colcon.colcon_core.shell:Skip shell extension 'powershell' for command environment: Not usable outside of PowerShell
[136.942s] DEBUG:colcon.colcon_core.shell:Skip shell extension 'dsv' for command environment
[136.946s] DEBUG:colcon.colcon_core.event_handler.log_command:Invoking command in '/home/josu/px4_ros2_ws/build/px4_ros_com': AMENT_PREFIX_PATH=/home/josu/px4_ros2_ws/install/px4_msgs:${AMENT_PREFIX_PATH} CMAKE_PREFIX_PATH=/home/josu/px4_ros2_ws/install/px4_msgs:/opt/ros/humble LD_LIBRARY_PATH=/home/josu/px4_ros2_ws/install/px4_msgs/lib:${LD_LIBRARY_PATH} PYTHONPATH=/home/josu/px4_ros2_ws/install/px4_msgs/local/lib/python3.10/dist-packages:${PYTHONPATH} /usr/bin/cmake /home/josu/px4_ros2_ws/src/px4_ros_com -DCMAKE_INSTALL_PREFIX=/home/josu/px4_ros2_ws/install/px4_ros_com
[137.307s] DEBUG:colcon.colcon_core.event_handler.log_command:Invoking command in '/home/josu/px4_ros2_ws/src/ROS2-PX4_Drone_Teleoperation_Using_Joystick/px4_bringup': AMENT_PREFIX_PATH=/home/josu/px4_ros2_ws/install/px4_offboard:/home/josu/px4_ros2_ws/install/px4_msgs:${AMENT_PREFIX_PATH} CMAKE_PREFIX_PATH=/home/josu/px4_ros2_ws/install/px4_msgs LD_LIBRARY_PATH=/home/josu/px4_ros2_ws/install/px4_msgs/lib:${LD_LIBRARY_PATH} PYTHONPATH=/home/josu/px4_ros2_ws/build/px4_bringup/prefix_override:/usr/lib/python3/dist-packages/colcon_core/task/python/colcon_distutils_commands:/home/josu/px4_ros2_ws/install/px4_bringup/lib/python3.10/site-packages:/home/josu/px4_ros2_ws/install/px4_offboard/lib/python3.10/site-packages:/home/josu/px4_ros2_ws/install/px4_msgs/local/lib/python3.10/dist-packages:${PYTHONPATH} /usr/bin/python3 -W ignore:setup.py install is deprecated -W ignore:easy_install command is deprecated setup.py egg_info --egg-base ../../../build/px4_bringup build --build-base /home/josu/px4_ros2_ws/build/px4_bringup/build install --record /home/josu/px4_ros2_ws/build/px4_bringup/install.log --single-version-externally-managed install_data
[137.685s] Level 1:colcon.colcon_core.environment:checking '/home/josu/px4_ros2_ws/install/px4_bringup' for CMake module files
[137.685s] DEBUG:colcon.colcon_core.event_handler.log_command:Invoked command in '/home/josu/px4_ros2_ws/src/ROS2-PX4_Drone_Teleoperation_Using_Joystick/px4_bringup' returned '0': AMENT_PREFIX_PATH=/home/josu/px4_ros2_ws/install/px4_offboard:/home/josu/px4_ros2_ws/install/px4_msgs:${AMENT_PREFIX_PATH} CMAKE_PREFIX_PATH=/home/josu/px4_ros2_ws/install/px4_msgs LD_LIBRARY_PATH=/home/josu/px4_ros2_ws/install/px4_msgs/lib:${LD_LIBRARY_PATH} PYTHONPATH=/home/josu/px4_ros2_ws/build/px4_bringup/prefix_override:/usr/lib/python3/dist-packages/colcon_core/task/python/colcon_distutils_commands:/home/josu/px4_ros2_ws/install/px4_bringup/lib/python3.10/site-packages:/home/josu/px4_ros2_ws/install/px4_offboard/lib/python3.10/site-packages:/home/josu/px4_ros2_ws/install/px4_msgs/local/lib/python3.10/dist-packages:${PYTHONPATH} /usr/bin/python3 -W ignore:setup.py install is deprecated -W ignore:easy_install command is deprecated setup.py egg_info --egg-base ../../../build/px4_bringup build --build-base /home/josu/px4_ros2_ws/build/px4_bringup/build install --record /home/josu/px4_ros2_ws/build/px4_bringup/install.log --single-version-externally-managed install_data
[137.686s] Level 1:colcon.colcon_core.environment:checking '/home/josu/px4_ros2_ws/install/px4_bringup' for CMake config files
[137.686s] Level 1:colcon.colcon_core.environment:checking '/home/josu/px4_ros2_ws/install/px4_bringup/lib'
[137.686s] Level 1:colcon.colcon_core.environment:checking '/home/josu/px4_ros2_ws/install/px4_bringup/bin'
[137.686s] Level 1:colcon.colcon_core.environment:checking '/home/josu/px4_ros2_ws/install/px4_bringup/lib/pkgconfig/px4_bringup.pc'
[137.686s] Level 1:colcon.colcon_core.environment:checking '/home/josu/px4_ros2_ws/install/px4_bringup/lib/python3.10/site-packages'
[137.686s] Level 1:colcon.colcon_core.shell:create_environment_hook('px4_bringup', 'pythonpath')
[137.686s] INFO:colcon.colcon_core.shell:Creating environment hook '/home/josu/px4_ros2_ws/install/px4_bringup/share/px4_bringup/hook/pythonpath.ps1'
[137.687s] INFO:colcon.colcon_core.shell:Creating environment descriptor '/home/josu/px4_ros2_ws/install/px4_bringup/share/px4_bringup/hook/pythonpath.dsv'
[137.687s] INFO:colcon.colcon_core.shell:Creating environment hook '/home/josu/px4_ros2_ws/install/px4_bringup/share/px4_bringup/hook/pythonpath.sh'
[137.688s] Level 1:colcon.colcon_core.environment:checking '/home/josu/px4_ros2_ws/install/px4_bringup/bin'
[137.688s] Level 1:colcon.colcon_core.environment:create_environment_scripts_only(px4_bringup)
[137.688s] INFO:colcon.colcon_core.shell:Creating package script '/home/josu/px4_ros2_ws/install/px4_bringup/share/px4_bringup/package.ps1'
[137.688s] INFO:colcon.colcon_core.shell:Creating package descriptor '/home/josu/px4_ros2_ws/install/px4_bringup/share/px4_bringup/package.dsv'
[137.689s] INFO:colcon.colcon_core.shell:Creating package script '/home/josu/px4_ros2_ws/install/px4_bringup/share/px4_bringup/package.sh'
[137.689s] INFO:colcon.colcon_core.shell:Creating package script '/home/josu/px4_ros2_ws/install/px4_bringup/share/px4_bringup/package.bash'
[137.689s] INFO:colcon.colcon_core.shell:Creating package script '/home/josu/px4_ros2_ws/install/px4_bringup/share/px4_bringup/package.zsh'
[137.689s] Level 1:colcon.colcon_core.environment:create_file_with_runtime_dependencies(/home/josu/px4_ros2_ws/install/px4_bringup/share/colcon-core/packages/px4_bringup)
[138.172s] DEBUG:colcon.colcon_core.event_handler.log_command:Invoked command in '/home/josu/px4_ros2_ws/build/px4_ros_com' returned '0': AMENT_PREFIX_PATH=/home/josu/px4_ros2_ws/install/px4_msgs:${AMENT_PREFIX_PATH} CMAKE_PREFIX_PATH=/home/josu/px4_ros2_ws/install/px4_msgs:/opt/ros/humble LD_LIBRARY_PATH=/home/josu/px4_ros2_ws/install/px4_msgs/lib:${LD_LIBRARY_PATH} PYTHONPATH=/home/josu/px4_ros2_ws/install/px4_msgs/local/lib/python3.10/dist-packages:${PYTHONPATH} /usr/bin/cmake /home/josu/px4_ros2_ws/src/px4_ros_com -DCMAKE_INSTALL_PREFIX=/home/josu/px4_ros2_ws/install/px4_ros_com
[138.174s] DEBUG:colcon.colcon_core.event_handler.log_command:Invoking command in '/home/josu/px4_ros2_ws/build/px4_ros_com': AMENT_PREFIX_PATH=/home/josu/px4_ros2_ws/install/px4_msgs:${AMENT_PREFIX_PATH} CMAKE_PREFIX_PATH=/home/josu/px4_ros2_ws/install/px4_msgs:/opt/ros/humble LD_LIBRARY_PATH=/home/josu/px4_ros2_ws/install/px4_msgs/lib:${LD_LIBRARY_PATH} PYTHONPATH=/home/josu/px4_ros2_ws/install/px4_msgs/local/lib/python3.10/dist-packages:${PYTHONPATH} /usr/bin/cmake --build /home/josu/px4_ros2_ws/build/px4_ros_com -- -j12 -l12
[145.403s] DEBUG:colcon.colcon_core.event_handler.log_command:Invoked command in '/home/josu/px4_ros2_ws/build/px4_ros_com' returned '0': AMENT_PREFIX_PATH=/home/josu/px4_ros2_ws/install/px4_msgs:${AMENT_PREFIX_PATH} CMAKE_PREFIX_PATH=/home/josu/px4_ros2_ws/install/px4_msgs:/opt/ros/humble LD_LIBRARY_PATH=/home/josu/px4_ros2_ws/install/px4_msgs/lib:${LD_LIBRARY_PATH} PYTHONPATH=/home/josu/px4_ros2_ws/install/px4_msgs/local/lib/python3.10/dist-packages:${PYTHONPATH} /usr/bin/cmake --build /home/josu/px4_ros2_ws/build/px4_ros_com -- -j12 -l12
[145.404s] DEBUG:colcon.colcon_core.event_handler.log_command:Invoking command in '/home/josu/px4_ros2_ws/build/px4_ros_com': AMENT_PREFIX_PATH=/home/josu/px4_ros2_ws/install/px4_msgs:${AMENT_PREFIX_PATH} CMAKE_PREFIX_PATH=/home/josu/px4_ros2_ws/install/px4_msgs:/opt/ros/humble LD_LIBRARY_PATH=/home/josu/px4_ros2_ws/install/px4_msgs/lib:${LD_LIBRARY_PATH} PYTHONPATH=/home/josu/px4_ros2_ws/install/px4_msgs/local/lib/python3.10/dist-packages:${PYTHONPATH} /usr/bin/cmake --install /home/josu/px4_ros2_ws/build/px4_ros_com
[145.445s] Level 1:colcon.colcon_core.environment:create_environment_scripts_only(px4_ros_com)
[145.446s] DEBUG:colcon.colcon_core.event_handler.log_command:Invoked command in '/home/josu/px4_ros2_ws/build/px4_ros_com' returned '0': AMENT_PREFIX_PATH=/home/josu/px4_ros2_ws/install/px4_msgs:${AMENT_PREFIX_PATH} CMAKE_PREFIX_PATH=/home/josu/px4_ros2_ws/install/px4_msgs:/opt/ros/humble LD_LIBRARY_PATH=/home/josu/px4_ros2_ws/install/px4_msgs/lib:${LD_LIBRARY_PATH} PYTHONPATH=/home/josu/px4_ros2_ws/install/px4_msgs/local/lib/python3.10/dist-packages:${PYTHONPATH} /usr/bin/cmake --install /home/josu/px4_ros2_ws/build/px4_ros_com
[145.446s] Level 1:colcon.colcon_core.environment:checking '/home/josu/px4_ros2_ws/install/px4_ros_com' for CMake module files
[145.446s] Level 1:colcon.colcon_core.environment:checking '/home/josu/px4_ros2_ws/install/px4_ros_com' for CMake config files
[145.447s] Level 1:colcon.colcon_core.shell:create_environment_hook('px4_ros_com', 'cmake_prefix_path')
[145.447s] INFO:colcon.colcon_core.shell:Creating environment hook '/home/josu/px4_ros2_ws/install/px4_ros_com/share/px4_ros_com/hook/cmake_prefix_path.ps1'
[145.447s] INFO:colcon.colcon_core.shell:Creating environment descriptor '/home/josu/px4_ros2_ws/install/px4_ros_com/share/px4_ros_com/hook/cmake_prefix_path.dsv'
[145.448s] INFO:colcon.colcon_core.shell:Creating environment hook '/home/josu/px4_ros2_ws/install/px4_ros_com/share/px4_ros_com/hook/cmake_prefix_path.sh'
[145.448s] Level 1:colcon.colcon_core.environment:checking '/home/josu/px4_ros2_ws/install/px4_ros_com/lib'
[145.448s] Level 1:colcon.colcon_core.shell:create_environment_hook('px4_ros_com', 'ld_library_path_lib')
[145.448s] INFO:colcon.colcon_core.shell:Creating environment hook '/home/josu/px4_ros2_ws/install/px4_ros_com/share/px4_ros_com/hook/ld_library_path_lib.ps1'
[145.449s] INFO:colcon.colcon_core.shell:Creating environment descriptor '/home/josu/px4_ros2_ws/install/px4_ros_com/share/px4_ros_com/hook/ld_library_path_lib.dsv'
[145.449s] INFO:colcon.colcon_core.shell:Creating environment hook '/home/josu/px4_ros2_ws/install/px4_ros_com/share/px4_ros_com/hook/ld_library_path_lib.sh'
[145.449s] Level 1:colcon.colcon_core.environment:checking '/home/josu/px4_ros2_ws/install/px4_ros_com/bin'
[145.449s] Level 1:colcon.colcon_core.environment:checking '/home/josu/px4_ros2_ws/install/px4_ros_com/lib/pkgconfig/px4_ros_com.pc'
[145.450s] Level 1:colcon.colcon_core.environment:checking '/home/josu/px4_ros2_ws/install/px4_ros_com/lib/python3.10/site-packages'
[145.450s] Level 1:colcon.colcon_core.environment:checking '/home/josu/px4_ros2_ws/install/px4_ros_com/bin'
[145.450s] INFO:colcon.colcon_core.shell:Creating package script '/home/josu/px4_ros2_ws/install/px4_ros_com/share/px4_ros_com/package.ps1'
[145.450s] INFO:colcon.colcon_core.shell:Creating package descriptor '/home/josu/px4_ros2_ws/install/px4_ros_com/share/px4_ros_com/package.dsv'
[145.451s] INFO:colcon.colcon_core.shell:Creating package script '/home/josu/px4_ros2_ws/install/px4_ros_com/share/px4_ros_com/package.sh'
[145.451s] INFO:colcon.colcon_core.shell:Creating package script '/home/josu/px4_ros2_ws/install/px4_ros_com/share/px4_ros_com/package.bash'
[145.451s] INFO:colcon.colcon_core.shell:Creating package script '/home/josu/px4_ros2_ws/install/px4_ros_com/share/px4_ros_com/package.zsh'
[145.451s] Level 1:colcon.colcon_core.environment:create_file_with_runtime_dependencies(/home/josu/px4_ros2_ws/install/px4_ros_com/share/colcon-core/packages/px4_ros_com)
[145.451s] Level 1:colcon.colcon_core.environment:create_environment_scripts_only(px4_ros_com)
[145.452s] Level 1:colcon.colcon_core.environment:checking '/home/josu/px4_ros2_ws/install/px4_ros_com' for CMake module files
[145.452s] Level 1:colcon.colcon_core.environment:checking '/home/josu/px4_ros2_ws/install/px4_ros_com' for CMake config files
[145.452s] Level 1:colcon.colcon_core.shell:create_environment_hook('px4_ros_com', 'cmake_prefix_path')
[145.452s] INFO:colcon.colcon_core.shell:Creating environment hook '/home/josu/px4_ros2_ws/install/px4_ros_com/share/px4_ros_com/hook/cmake_prefix_path.ps1'
[145.452s] INFO:colcon.colcon_core.shell:Creating environment descriptor '/home/josu/px4_ros2_ws/install/px4_ros_com/share/px4_ros_com/hook/cmake_prefix_path.dsv'
[145.452s] INFO:colcon.colcon_core.shell:Creating environment hook '/home/josu/px4_ros2_ws/install/px4_ros_com/share/px4_ros_com/hook/cmake_prefix_path.sh'
[145.453s] Level 1:colcon.colcon_core.environment:checking '/home/josu/px4_ros2_ws/install/px4_ros_com/lib'
[145.453s] Level 1:colcon.colcon_core.shell:create_environment_hook('px4_ros_com', 'ld_library_path_lib')
[145.453s] INFO:colcon.colcon_core.shell:Creating environment hook '/home/josu/px4_ros2_ws/install/px4_ros_com/share/px4_ros_com/hook/ld_library_path_lib.ps1'
[145.453s] INFO:colcon.colcon_core.shell:Creating environment descriptor '/home/josu/px4_ros2_ws/install/px4_ros_com/share/px4_ros_com/hook/ld_library_path_lib.dsv'
[145.453s] INFO:colcon.colcon_core.shell:Creating environment hook '/home/josu/px4_ros2_ws/install/px4_ros_com/share/px4_ros_com/hook/ld_library_path_lib.sh'
[145.454s] Level 1:colcon.colcon_core.environment:checking '/home/josu/px4_ros2_ws/install/px4_ros_com/bin'
[145.454s] Level 1:colcon.colcon_core.environment:checking '/home/josu/px4_ros2_ws/install/px4_ros_com/lib/pkgconfig/px4_ros_com.pc'
[145.454s] Level 1:colcon.colcon_core.environment:checking '/home/josu/px4_ros2_ws/install/px4_ros_com/lib/python3.10/site-packages'
[145.454s] Level 1:colcon.colcon_core.environment:checking '/home/josu/px4_ros2_ws/install/px4_ros_com/bin'
[145.454s] INFO:colcon.colcon_core.shell:Creating package script '/home/josu/px4_ros2_ws/install/px4_ros_com/share/px4_ros_com/package.ps1'
[145.454s] INFO:colcon.colcon_core.shell:Creating package descriptor '/home/josu/px4_ros2_ws/install/px4_ros_com/share/px4_ros_com/package.dsv'
[145.455s] INFO:colcon.colcon_core.shell:Creating package script '/home/josu/px4_ros2_ws/install/px4_ros_com/share/px4_ros_com/package.sh'
[145.455s] INFO:colcon.colcon_core.shell:Creating package script '/home/josu/px4_ros2_ws/install/px4_ros_com/share/px4_ros_com/package.bash'
[145.455s] INFO:colcon.colcon_core.shell:Creating package script '/home/josu/px4_ros2_ws/install/px4_ros_com/share/px4_ros_com/package.zsh'
[145.455s] Level 1:colcon.colcon_core.environment:create_file_with_runtime_dependencies(/home/josu/px4_ros2_ws/install/px4_ros_com/share/colcon-core/packages/px4_ros_com)
[145.455s] DEBUG:colcon.colcon_parallel_executor.executor.parallel:closing loop
[145.456s] DEBUG:colcon.colcon_parallel_executor.executor.parallel:loop closed
[145.456s] DEBUG:colcon.colcon_parallel_executor.executor.parallel:run_until_complete finished with '0'
[145.456s] DEBUG:colcon.colcon_core.event_reactor:joining thread
[145.459s] INFO:colcon.colcon_core.plugin_system:Skipping extension 'colcon_notification.desktop_notification.terminal_notifier': Not used on non-Darwin systems
[145.459s] INFO:colcon.colcon_core.plugin_system:Skipping extension 'colcon_notification.desktop_notification.win32': Not used on non-Windows systems
[145.459s] INFO:colcon.colcon_notification.desktop_notification:Sending desktop notification using 'notify2'
[145.466s] DEBUG:colcon.colcon_core.event_reactor:joined thread
[145.466s] INFO:colcon.colcon_core.shell:Creating prefix script '/home/josu/px4_ros2_ws/install/local_setup.ps1'
[145.467s] INFO:colcon.colcon_core.shell:Creating prefix util module '/home/josu/px4_ros2_ws/install/_local_setup_util_ps1.py'
[145.468s] INFO:colcon.colcon_core.shell:Creating prefix chain script '/home/josu/px4_ros2_ws/install/setup.ps1'
[145.469s] INFO:colcon.colcon_core.shell:Creating prefix script '/home/josu/px4_ros2_ws/install/local_setup.sh'
[145.469s] INFO:colcon.colcon_core.shell:Creating prefix util module '/home/josu/px4_ros2_ws/install/_local_setup_util_sh.py'
[145.469s] INFO:colcon.colcon_core.shell:Creating prefix chain script '/home/josu/px4_ros2_ws/install/setup.sh'
[145.470s] INFO:colcon.colcon_core.shell:Creating prefix script '/home/josu/px4_ros2_ws/install/local_setup.bash'
[145.470s] INFO:colcon.colcon_core.shell:Creating prefix chain script '/home/josu/px4_ros2_ws/install/setup.bash'
[145.470s] INFO:colcon.colcon_core.shell:Creating prefix script '/home/josu/px4_ros2_ws/install/local_setup.zsh'
[145.471s] INFO:colcon.colcon_core.shell:Creating prefix chain script '/home/josu/px4_ros2_ws/install/setup.zsh'
